<?xml version="1.0" encoding="UTF-8"?>
<coverage generated="1724356196356" clover="3.2.0">
  <project timestamp="1724356196356" name="All files">
    <metrics statements="1575" coveredstatements="1479" conditionals="197" coveredconditionals="181" methods="73" coveredmethods="63" elements="1845" coveredelements="1723" complexity="0" loc="1575" ncloc="1575" packages="14" files="31" classes="31"/>
    <package name="src">
      <metrics statements="19" coveredstatements="19" conditionals="1" coveredconditionals="1" methods="1" coveredmethods="1"/>
      <file name="App.tsx" path="/home/manvinderjit/repos/2023-TOP-Project-Shopping-Cart/src/App.tsx">
        <metrics statements="19" coveredstatements="19" conditionals="1" coveredconditionals="1" methods="1" coveredmethods="1"/>
        <line num="1" count="1" type="stmt"/>
        <line num="2" count="1" type="stmt"/>
        <line num="3" count="1" type="stmt"/>
        <line num="4" count="1" type="stmt"/>
        <line num="5" count="1" type="stmt"/>
        <line num="6" count="1" type="stmt"/>
        <line num="8" count="1" type="cond" truecount="1" falsecount="0"/>
        <line num="9" count="108" type="stmt"/>
        <line num="10" count="108" type="stmt"/>
        <line num="12" count="108" type="stmt"/>
        <line num="13" count="108" type="stmt"/>
        <line num="14" count="108" type="stmt"/>
        <line num="15" count="108" type="stmt"/>
        <line num="16" count="108" type="stmt"/>
        <line num="17" count="108" type="stmt"/>
        <line num="18" count="108" type="stmt"/>
        <line num="21" count="108" type="stmt"/>
        <line num="22" count="108" type="stmt"/>
        <line num="24" count="1" type="stmt"/>
      </file>
    </package>
    <package name="src.application">
      <metrics statements="18" coveredstatements="18" conditionals="1" coveredconditionals="1" methods="1" coveredmethods="1"/>
      <file name="reduxHooks.ts" path="/home/manvinderjit/repos/2023-TOP-Project-Shopping-Cart/src/application/reduxHooks.ts">
        <metrics statements="3" coveredstatements="3" conditionals="0" coveredconditionals="0" methods="0" coveredmethods="0"/>
        <line num="1" count="1" type="stmt"/>
        <line num="5" count="1" type="stmt"/>
        <line num="6" count="1" type="stmt"/>
      </file>
      <file name="store.ts" path="/home/manvinderjit/repos/2023-TOP-Project-Shopping-Cart/src/application/store.ts">
        <metrics statements="15" coveredstatements="15" conditionals="1" coveredconditionals="1" methods="1" coveredmethods="1"/>
        <line num="1" count="1" type="stmt"/>
        <line num="2" count="1" type="stmt"/>
        <line num="3" count="1" type="stmt"/>
        <line num="4" count="1" type="stmt"/>
        <line num="5" count="1" type="stmt"/>
        <line num="7" count="1" type="stmt"/>
        <line num="8" count="1" type="stmt"/>
        <line num="9" count="1" type="stmt"/>
        <line num="10" count="1" type="stmt"/>
        <line num="11" count="1" type="stmt"/>
        <line num="12" count="1" type="stmt"/>
        <line num="13" count="1" type="stmt"/>
        <line num="14" count="1" type="cond" truecount="1" falsecount="0"/>
        <line num="15" count="10" type="stmt"/>
        <line num="16" count="1" type="stmt"/>
      </file>
    </package>
    <package name="src.components">
      <metrics statements="805" coveredstatements="740" conditionals="86" coveredconditionals="81" methods="23" coveredmethods="21"/>
      <file name="Cart.tsx" path="/home/manvinderjit/repos/2023-TOP-Project-Shopping-Cart/src/components/Cart.tsx">
        <metrics statements="231" coveredstatements="201" conditionals="9" coveredconditionals="9" methods="5" coveredmethods="4"/>
        <line num="1" count="1" type="stmt"/>
        <line num="2" count="1" type="stmt"/>
        <line num="3" count="1" type="stmt"/>
        <line num="4" count="1" type="stmt"/>
        <line num="5" count="1" type="stmt"/>
        <line num="6" count="1" type="stmt"/>
        <line num="7" count="1" type="stmt"/>
        <line num="24" count="1" type="stmt"/>
        <line num="26" count="1" type="cond" truecount="1" falsecount="0"/>
        <line num="27" count="100" type="cond" truecount="1" falsecount="0"/>
        <line num="28" count="100" type="cond" truecount="1" falsecount="0"/>
        <line num="29" count="100" type="stmt"/>
        <line num="30" count="100" type="stmt"/>
        <line num="31" count="100" type="stmt"/>
        <line num="32" count="100" type="stmt"/>
        <line num="34" count="100" type="cond" truecount="1" falsecount="0"/>
        <line num="35" count="18" type="stmt"/>
        <line num="36" count="18" type="stmt"/>
        <line num="38" count="100" type="stmt"/>
        <line num="40" count="0" type="stmt"/>
        <line num="41" count="0" type="stmt"/>
        <line num="42" count="0" type="stmt"/>
        <line num="43" count="0" type="stmt"/>
        <line num="44" count="0" type="stmt"/>
        <line num="45" count="0" type="stmt"/>
        <line num="46" count="0" type="stmt"/>
        <line num="47" count="0" type="stmt"/>
        <line num="48" count="0" type="stmt"/>
        <line num="49" count="0" type="stmt"/>
        <line num="50" count="0" type="stmt"/>
        <line num="51" count="0" type="stmt"/>
        <line num="53" count="0" type="stmt"/>
        <line num="54" count="0" type="stmt"/>
        <line num="55" count="0" type="stmt"/>
        <line num="56" count="0" type="stmt"/>
        <line num="58" count="0" type="stmt"/>
        <line num="59" count="0" type="stmt"/>
        <line num="60" count="0" type="stmt"/>
        <line num="62" count="0" type="stmt"/>
        <line num="63" count="0" type="stmt"/>
        <line num="64" count="0" type="stmt"/>
        <line num="66" count="0" type="stmt"/>
        <line num="67" count="0" type="stmt"/>
        <line num="68" count="0" type="stmt"/>
        <line num="69" count="0" type="stmt"/>
        <line num="70" count="0" type="stmt"/>
        <line num="71" count="0" type="stmt"/>
        <line num="72" count="0" type="stmt"/>
        <line num="74" count="100" type="stmt"/>
        <line num="75" count="100" type="stmt"/>
        <line num="76" count="100" type="stmt"/>
        <line num="77" count="100" type="stmt"/>
        <line num="78" count="100" type="stmt"/>
        <line num="79" count="100" type="stmt"/>
        <line num="80" count="100" type="stmt"/>
        <line num="81" count="100" type="stmt"/>
        <line num="82" count="100" type="stmt"/>
        <line num="83" count="100" type="stmt"/>
        <line num="84" count="100" type="stmt"/>
        <line num="85" count="100" type="stmt"/>
        <line num="87" count="100" type="stmt"/>
        <line num="88" count="100" type="stmt"/>
        <line num="89" count="100" type="stmt"/>
        <line num="90" count="100" type="stmt"/>
        <line num="91" count="100" type="stmt"/>
        <line num="92" count="100" type="stmt"/>
        <line num="94" count="100" type="stmt"/>
        <line num="95" count="100" type="stmt"/>
        <line num="96" count="100" type="stmt"/>
        <line num="97" count="100" type="stmt"/>
        <line num="98" count="100" type="stmt"/>
        <line num="100" count="100" type="cond" truecount="1" falsecount="0"/>
        <line num="101" count="53" type="stmt"/>
        <line num="102" count="53" type="stmt"/>
        <line num="103" count="53" type="stmt"/>
        <line num="104" count="53" type="stmt"/>
        <line num="105" count="53" type="stmt"/>
        <line num="106" count="53" type="cond" truecount="1" falsecount="0"/>
        <line num="107" count="54" type="stmt"/>
        <line num="108" count="54" type="stmt"/>
        <line num="109" count="54" type="stmt"/>
        <line num="110" count="54" type="stmt"/>
        <line num="112" count="54" type="stmt"/>
        <line num="113" count="54" type="stmt"/>
        <line num="114" count="54" type="stmt"/>
        <line num="115" count="54" type="stmt"/>
        <line num="116" count="54" type="stmt"/>
        <line num="117" count="54" type="stmt"/>
        <line num="118" count="54" type="stmt"/>
        <line num="119" count="54" type="stmt"/>
        <line num="120" count="54" type="stmt"/>
        <line num="121" count="54" type="stmt"/>
        <line num="122" count="54" type="stmt"/>
        <line num="123" count="54" type="stmt"/>
        <line num="124" count="54" type="stmt"/>
        <line num="125" count="54" type="stmt"/>
        <line num="126" count="54" type="stmt"/>
        <line num="127" count="54" type="stmt"/>
        <line num="128" count="54" type="stmt"/>
        <line num="130" count="54" type="stmt"/>
        <line num="131" count="54" type="stmt"/>
        <line num="132" count="54" type="stmt"/>
        <line num="133" count="54" type="stmt"/>
        <line num="134" count="54" type="stmt"/>
        <line num="135" count="54" type="stmt"/>
        <line num="136" count="54" type="stmt"/>
        <line num="137" count="54" type="cond" truecount="1" falsecount="0"/>
        <line num="138" count="1" type="stmt"/>
        <line num="139" count="1" type="stmt"/>
        <line num="140" count="1" type="stmt"/>
        <line num="141" count="1" type="stmt"/>
        <line num="142" count="1" type="stmt"/>
        <line num="143" count="1" type="stmt"/>
        <line num="144" count="1" type="stmt"/>
        <line num="145" count="1" type="stmt"/>
        <line num="146" count="1" type="stmt"/>
        <line num="147" count="1" type="stmt"/>
        <line num="148" count="1" type="stmt"/>
        <line num="149" count="1" type="stmt"/>
        <line num="150" count="1" type="stmt"/>
        <line num="151" count="1" type="stmt"/>
        <line num="152" count="1" type="stmt"/>
        <line num="153" count="0" type="stmt"/>
        <line num="154" count="1" type="stmt"/>
        <line num="155" count="1" type="stmt"/>
        <line num="157" count="54" type="stmt"/>
        <line num="159" count="54" type="stmt"/>
        <line num="160" count="54" type="stmt"/>
        <line num="162" count="54" type="stmt"/>
        <line num="163" count="54" type="stmt"/>
        <line num="165" count="54" type="stmt"/>
        <line num="166" count="54" type="stmt"/>
        <line num="168" count="54" type="stmt"/>
        <line num="169" count="54" type="stmt"/>
        <line num="171" count="54" type="stmt"/>
        <line num="172" count="54" type="stmt"/>
        <line num="173" count="54" type="stmt"/>
        <line num="174" count="54" type="stmt"/>
        <line num="175" count="54" type="stmt"/>
        <line num="176" count="54" type="stmt"/>
        <line num="177" count="54" type="stmt"/>
        <line num="178" count="54" type="stmt"/>
        <line num="180" count="54" type="stmt"/>
        <line num="181" count="54" type="stmt"/>
        <line num="182" count="54" type="stmt"/>
        <line num="183" count="54" type="cond" truecount="1" falsecount="0"/>
        <line num="184" count="2" type="stmt"/>
        <line num="186" count="54" type="stmt"/>
        <line num="188" count="54" type="stmt"/>
        <line num="189" count="54" type="stmt"/>
        <line num="190" count="54" type="stmt"/>
        <line num="191" count="54" type="stmt"/>
        <line num="192" count="54" type="stmt"/>
        <line num="194" count="54" type="stmt"/>
        <line num="195" count="54" type="stmt"/>
        <line num="196" count="54" type="stmt"/>
        <line num="197" count="54" type="stmt"/>
        <line num="198" count="54" type="stmt"/>
        <line num="199" count="54" type="stmt"/>
        <line num="200" count="54" type="stmt"/>
        <line num="201" count="54" type="stmt"/>
        <line num="202" count="54" type="stmt"/>
        <line num="203" count="54" type="stmt"/>
        <line num="205" count="53" type="stmt"/>
        <line num="206" count="53" type="stmt"/>
        <line num="207" count="53" type="stmt"/>
        <line num="208" count="53" type="stmt"/>
        <line num="209" count="53" type="stmt"/>
        <line num="210" count="53" type="stmt"/>
        <line num="212" count="53" type="stmt"/>
        <line num="213" count="53" type="stmt"/>
        <line num="214" count="53" type="stmt"/>
        <line num="215" count="53" type="stmt"/>
        <line num="216" count="53" type="stmt"/>
        <line num="217" count="53" type="stmt"/>
        <line num="218" count="53" type="stmt"/>
        <line num="219" count="53" type="stmt"/>
        <line num="220" count="53" type="stmt"/>
        <line num="221" count="53" type="stmt"/>
        <line num="222" count="53" type="stmt"/>
        <line num="223" count="53" type="stmt"/>
        <line num="224" count="53" type="stmt"/>
        <line num="225" count="53" type="stmt"/>
        <line num="226" count="53" type="stmt"/>
        <line num="227" count="53" type="stmt"/>
        <line num="228" count="53" type="stmt"/>
        <line num="229" count="53" type="stmt"/>
        <line num="230" count="53" type="stmt"/>
        <line num="231" count="53" type="stmt"/>
        <line num="232" count="53" type="stmt"/>
        <line num="233" count="53" type="stmt"/>
        <line num="234" count="53" type="stmt"/>
        <line num="235" count="53" type="stmt"/>
        <line num="237" count="53" type="stmt"/>
        <line num="238" count="53" type="stmt"/>
        <line num="239" count="53" type="stmt"/>
        <line num="240" count="53" type="stmt"/>
        <line num="241" count="53" type="stmt"/>
        <line num="242" count="53" type="stmt"/>
        <line num="243" count="53" type="stmt"/>
        <line num="245" count="53" type="stmt"/>
        <line num="246" count="53" type="stmt"/>
        <line num="247" count="53" type="stmt"/>
        <line num="248" count="53" type="stmt"/>
        <line num="249" count="53" type="stmt"/>
        <line num="251" count="53" type="stmt"/>
        <line num="252" count="53" type="stmt"/>
        <line num="253" count="53" type="stmt"/>
        <line num="254" count="53" type="cond" truecount="1" falsecount="0"/>
        <line num="256" count="45" type="stmt"/>
        <line num="257" count="45" type="stmt"/>
        <line num="258" count="45" type="stmt"/>
        <line num="259" count="45" type="stmt"/>
        <line num="260" count="45" type="stmt"/>
        <line num="261" count="45" type="stmt"/>
        <line num="262" count="45" type="stmt"/>
        <line num="263" count="45" type="stmt"/>
        <line num="265" count="45" type="stmt"/>
        <line num="266" count="45" type="stmt"/>
        <line num="267" count="45" type="stmt"/>
        <line num="268" count="45" type="stmt"/>
        <line num="269" count="45" type="stmt"/>
        <line num="270" count="45" type="stmt"/>
        <line num="271" count="45" type="stmt"/>
        <line num="272" count="45" type="stmt"/>
        <line num="274" count="45" type="stmt"/>
        <line num="275" count="45" type="stmt"/>
        <line num="277" count="100" type="stmt"/>
        <line num="280" count="100" type="stmt"/>
        <line num="281" count="100" type="stmt"/>
        <line num="283" count="1" type="stmt"/>
      </file>
      <file name="Checkout.tsx" path="/home/manvinderjit/repos/2023-TOP-Project-Shopping-Cart/src/components/Checkout.tsx">
        <metrics statements="32" coveredstatements="6" conditionals="0" coveredconditionals="0" methods="1" coveredmethods="0"/>
        <line num="1" count="1" type="stmt"/>
        <line num="2" count="1" type="stmt"/>
        <line num="3" count="1" type="stmt"/>
        <line num="4" count="1" type="stmt"/>
        <line num="7" count="1" type="stmt"/>
        <line num="8" count="0" type="stmt"/>
        <line num="9" count="0" type="stmt"/>
        <line num="11" count="0" type="stmt"/>
        <line num="12" count="0" type="stmt"/>
        <line num="13" count="0" type="stmt"/>
        <line num="15" count="0" type="stmt"/>
        <line num="16" count="0" type="stmt"/>
        <line num="17" count="0" type="stmt"/>
        <line num="18" count="0" type="stmt"/>
        <line num="19" count="0" type="stmt"/>
        <line num="20" count="0" type="stmt"/>
        <line num="22" count="0" type="stmt"/>
        <line num="23" count="0" type="stmt"/>
        <line num="24" count="0" type="stmt"/>
        <line num="25" count="0" type="stmt"/>
        <line num="26" count="0" type="stmt"/>
        <line num="28" count="0" type="stmt"/>
        <line num="29" count="0" type="stmt"/>
        <line num="30" count="0" type="stmt"/>
        <line num="31" count="0" type="stmt"/>
        <line num="32" count="0" type="stmt"/>
        <line num="34" count="0" type="stmt"/>
        <line num="35" count="0" type="stmt"/>
        <line num="36" count="0" type="stmt"/>
        <line num="39" count="0" type="stmt"/>
        <line num="40" count="0" type="stmt"/>
        <line num="42" count="1" type="stmt"/>
      </file>
      <file name="ErrorPage.tsx" path="/home/manvinderjit/repos/2023-TOP-Project-Shopping-Cart/src/components/ErrorPage.tsx">
        <metrics statements="21" coveredstatements="21" conditionals="1" coveredconditionals="1" methods="1" coveredmethods="1"/>
        <line num="1" count="1" type="stmt"/>
        <line num="3" count="1" type="cond" truecount="1" falsecount="0"/>
        <line num="5" count="3" type="stmt"/>
        <line num="6" count="3" type="stmt"/>
        <line num="7" count="3" type="stmt"/>
        <line num="8" count="3" type="stmt"/>
        <line num="9" count="3" type="stmt"/>
        <line num="11" count="3" type="stmt"/>
        <line num="12" count="3" type="stmt"/>
        <line num="14" count="3" type="stmt"/>
        <line num="15" count="3" type="stmt"/>
        <line num="16" count="3" type="stmt"/>
        <line num="17" count="3" type="stmt"/>
        <line num="18" count="3" type="stmt"/>
        <line num="19" count="3" type="stmt"/>
        <line num="21" count="3" type="stmt"/>
        <line num="22" count="3" type="stmt"/>
        <line num="23" count="3" type="stmt"/>
        <line num="24" count="3" type="stmt"/>
        <line num="26" count="3" type="stmt"/>
        <line num="28" count="1" type="stmt"/>
      </file>
      <file name="Home.tsx" path="/home/manvinderjit/repos/2023-TOP-Project-Shopping-Cart/src/components/Home.tsx">
        <metrics statements="10" coveredstatements="10" conditionals="1" coveredconditionals="1" methods="1" coveredmethods="1"/>
        <line num="1" count="1" type="stmt"/>
        <line num="2" count="1" type="stmt"/>
        <line num="4" count="1" type="cond" truecount="1" falsecount="0"/>
        <line num="5" count="13" type="stmt"/>
        <line num="6" count="13" type="stmt"/>
        <line num="7" count="13" type="stmt"/>
        <line num="8" count="13" type="stmt"/>
        <line num="9" count="13" type="stmt"/>
        <line num="11" count="13" type="stmt"/>
        <line num="13" count="1" type="stmt"/>
      </file>
      <file name="Login.tsx" path="/home/manvinderjit/repos/2023-TOP-Project-Shopping-Cart/src/components/Login.tsx">
        <metrics statements="156" coveredstatements="155" conditionals="25" coveredconditionals="25" methods="4" coveredmethods="4"/>
        <line num="1" count="1" type="stmt"/>
        <line num="2" count="1" type="stmt"/>
        <line num="3" count="1" type="stmt"/>
        <line num="4" count="1" type="stmt"/>
        <line num="5" count="1" type="stmt"/>
        <line num="6" count="1" type="stmt"/>
        <line num="7" count="1" type="stmt"/>
        <line num="9" count="1" type="stmt"/>
        <line num="10" count="1" type="stmt"/>
        <line num="12" count="1" type="cond" truecount="1" falsecount="0"/>
        <line num="14" count="50" type="stmt"/>
        <line num="15" count="50" type="stmt"/>
        <line num="17" count="50" type="stmt"/>
        <line num="18" count="50" type="stmt"/>
        <line num="19" count="50" type="stmt"/>
        <line num="20" count="50" type="stmt"/>
        <line num="21" count="50" type="stmt"/>
        <line num="23" count="50" type="stmt"/>
        <line num="24" count="50" type="stmt"/>
        <line num="25" count="50" type="stmt"/>
        <line num="26" count="50" type="stmt"/>
        <line num="27" count="50" type="stmt"/>
        <line num="28" count="50" type="stmt"/>
        <line num="30" count="50" type="cond" truecount="1" falsecount="0"/>
        <line num="31" count="12" type="cond" truecount="1" falsecount="0"/>
        <line num="32" count="7" type="stmt"/>
        <line num="33" count="7" type="cond" truecount="2" falsecount="0"/>
        <line num="34" count="12" type="cond" truecount="1" falsecount="0"/>
        <line num="35" count="5" type="stmt"/>
        <line num="36" count="5" type="stmt"/>
        <line num="37" count="12" type="stmt"/>
        <line num="39" count="50" type="cond" truecount="1" falsecount="0"/>
        <line num="40" count="17" type="cond" truecount="1" falsecount="0"/>
        <line num="41" count="12" type="stmt"/>
        <line num="42" count="12" type="stmt"/>
        <line num="43" count="12" type="stmt"/>
        <line num="44" count="12" type="stmt"/>
        <line num="45" count="12" type="stmt"/>
        <line num="46" count="17" type="cond" truecount="1" falsecount="0"/>
        <line num="47" count="5" type="stmt"/>
        <line num="48" count="5" type="stmt"/>
        <line num="49" count="5" type="stmt"/>
        <line num="50" count="17" type="stmt"/>
        <line num="52" count="50" type="cond" truecount="1" falsecount="0"/>
        <line num="53" count="9" type="stmt"/>
        <line num="54" count="9" type="cond" truecount="1" falsecount="0"/>
        <line num="55" count="5" type="stmt"/>
        <line num="56" count="5" type="stmt"/>
        <line num="57" count="5" type="stmt"/>
        <line num="58" count="9" type="cond" truecount="1" falsecount="0"/>
        <line num="60" count="9" type="stmt"/>
        <line num="61" count="9" type="cond" truecount="1" falsecount="0"/>
        <line num="62" count="4" type="cond" truecount="1" falsecount="0"/>
        <line num="63" count="3" type="cond" truecount="1" falsecount="0"/>
        <line num="64" count="3" type="stmt"/>
        <line num="65" count="9" type="cond" truecount="1" falsecount="0"/>
        <line num="66" count="3" type="stmt"/>
        <line num="67" count="3" type="stmt"/>
        <line num="68" count="9" type="stmt"/>
        <line num="70" count="50" type="cond" truecount="1" falsecount="0"/>
        <line num="71" count="49" type="cond" truecount="1" falsecount="0"/>
        <line num="72" count="2" type="stmt"/>
        <line num="73" count="2" type="stmt"/>
        <line num="74" count="2" type="stmt"/>
        <line num="75" count="2" type="cond" truecount="1" falsecount="0"/>
        <line num="76" count="2" type="stmt"/>
        <line num="77" count="2" type="stmt"/>
        <line num="78" count="2" type="stmt"/>
        <line num="79" count="0" type="stmt"/>
        <line num="80" count="2" type="stmt"/>
        <line num="81" count="2" type="stmt"/>
        <line num="82" count="50" type="stmt"/>
        <line num="84" count="50" type="stmt"/>
        <line num="85" count="50" type="stmt"/>
        <line num="86" count="50" type="stmt"/>
        <line num="87" count="50" type="stmt"/>
        <line num="88" count="50" type="stmt"/>
        <line num="90" count="50" type="stmt"/>
        <line num="91" count="50" type="stmt"/>
        <line num="92" count="50" type="stmt"/>
        <line num="93" count="50" type="cond" truecount="1" falsecount="0"/>
        <line num="94" count="1" type="cond" truecount="1" falsecount="0"/>
        <line num="96" count="48" type="stmt"/>
        <line num="98" count="50" type="stmt"/>
        <line num="99" count="50" type="stmt"/>
        <line num="100" count="50" type="stmt"/>
        <line num="101" count="50" type="stmt"/>
        <line num="102" count="50" type="stmt"/>
        <line num="104" count="50" type="stmt"/>
        <line num="105" count="50" type="stmt"/>
        <line num="106" count="50" type="stmt"/>
        <line num="107" count="50" type="stmt"/>
        <line num="108" count="50" type="stmt"/>
        <line num="109" count="50" type="stmt"/>
        <line num="110" count="50" type="stmt"/>
        <line num="111" count="50" type="stmt"/>
        <line num="112" count="50" type="stmt"/>
        <line num="113" count="50" type="stmt"/>
        <line num="114" count="50" type="cond" truecount="1" falsecount="0"/>
        <line num="115" count="13" type="cond" truecount="1" falsecount="0"/>
        <line num="116" count="36" type="stmt"/>
        <line num="117" count="50" type="stmt"/>
        <line num="118" count="50" type="stmt"/>
        <line num="119" count="50" type="stmt"/>
        <line num="120" count="50" type="stmt"/>
        <line num="121" count="50" type="stmt"/>
        <line num="122" count="50" type="stmt"/>
        <line num="123" count="50" type="stmt"/>
        <line num="124" count="50" type="stmt"/>
        <line num="126" count="50" type="stmt"/>
        <line num="127" count="50" type="stmt"/>
        <line num="128" count="50" type="stmt"/>
        <line num="129" count="50" type="stmt"/>
        <line num="130" count="50" type="stmt"/>
        <line num="131" count="50" type="stmt"/>
        <line num="133" count="50" type="stmt"/>
        <line num="134" count="50" type="stmt"/>
        <line num="135" count="50" type="stmt"/>
        <line num="136" count="50" type="stmt"/>
        <line num="137" count="50" type="stmt"/>
        <line num="138" count="50" type="stmt"/>
        <line num="139" count="50" type="stmt"/>
        <line num="140" count="50" type="stmt"/>
        <line num="141" count="50" type="stmt"/>
        <line num="142" count="50" type="stmt"/>
        <line num="143" count="50" type="stmt"/>
        <line num="144" count="50" type="stmt"/>
        <line num="145" count="50" type="stmt"/>
        <line num="146" count="50" type="stmt"/>
        <line num="148" count="50" type="cond" truecount="2" falsecount="0"/>
        <line num="149" count="50" type="stmt"/>
        <line num="150" count="50" type="stmt"/>
        <line num="151" count="50" type="stmt"/>
        <line num="152" count="50" type="stmt"/>
        <line num="153" count="50" type="stmt"/>
        <line num="154" count="50" type="stmt"/>
        <line num="155" count="50" type="stmt"/>
        <line num="156" count="50" type="stmt"/>
        <line num="157" count="50" type="stmt"/>
        <line num="159" count="50" type="stmt"/>
        <line num="160" count="50" type="stmt"/>
        <line num="161" count="50" type="stmt"/>
        <line num="162" count="50" type="stmt"/>
        <line num="163" count="50" type="stmt"/>
        <line num="164" count="50" type="stmt"/>
        <line num="165" count="50" type="stmt"/>
        <line num="166" count="50" type="stmt"/>
        <line num="167" count="50" type="stmt"/>
        <line num="169" count="50" type="stmt"/>
        <line num="170" count="50" type="stmt"/>
        <line num="171" count="50" type="stmt"/>
        <line num="172" count="50" type="stmt"/>
        <line num="173" count="50" type="stmt"/>
        <line num="176" count="50" type="stmt"/>
        <line num="177" count="50" type="stmt"/>
        <line num="179" count="1" type="stmt"/>
      </file>
      <file name="Register.tsx" path="/home/manvinderjit/repos/2023-TOP-Project-Shopping-Cart/src/components/Register.tsx">
        <metrics statements="224" coveredstatements="221" conditionals="39" coveredconditionals="37" methods="7" coveredmethods="7"/>
        <line num="1" count="1" type="stmt"/>
        <line num="2" count="1" type="stmt"/>
        <line num="3" count="1" type="stmt"/>
        <line num="5" count="1" type="stmt"/>
        <line num="6" count="1" type="stmt"/>
        <line num="8" count="1" type="stmt"/>
        <line num="10" count="1" type="cond" truecount="1" falsecount="0"/>
        <line num="11" count="6" type="stmt"/>
        <line num="12" count="6" type="stmt"/>
        <line num="14" count="1" type="cond" truecount="1" falsecount="0"/>
        <line num="16" count="84" type="stmt"/>
        <line num="17" count="84" type="stmt"/>
        <line num="18" count="84" type="stmt"/>
        <line num="20" count="84" type="stmt"/>
        <line num="21" count="84" type="stmt"/>
        <line num="22" count="84" type="stmt"/>
        <line num="24" count="84" type="stmt"/>
        <line num="25" count="84" type="stmt"/>
        <line num="26" count="84" type="stmt"/>
        <line num="28" count="84" type="stmt"/>
        <line num="29" count="84" type="stmt"/>
        <line num="30" count="84" type="stmt"/>
        <line num="31" count="84" type="stmt"/>
        <line num="32" count="84" type="stmt"/>
        <line num="33" count="84" type="stmt"/>
        <line num="34" count="84" type="stmt"/>
        <line num="35" count="84" type="stmt"/>
        <line num="36" count="84" type="stmt"/>
        <line num="38" count="84" type="cond" truecount="1" falsecount="0"/>
        <line num="39" count="18" type="cond" truecount="1" falsecount="0"/>
        <line num="40" count="9" type="stmt"/>
        <line num="41" count="9" type="stmt"/>
        <line num="42" count="9" type="cond" truecount="2" falsecount="0"/>
        <line num="43" count="9" type="stmt"/>
        <line num="44" count="9" type="stmt"/>
        <line num="45" count="9" type="stmt"/>
        <line num="46" count="9" type="stmt"/>
        <line num="47" count="9" type="cond" truecount="0" falsecount="1"/>
        <line num="48" count="0" type="stmt"/>
        <line num="49" count="0" type="stmt"/>
        <line num="50" count="0" type="stmt"/>
        <line num="51" count="18" type="stmt"/>
        <line num="53" count="84" type="cond" truecount="1" falsecount="0"/>
        <line num="55" count="35" type="stmt"/>
        <line num="56" count="35" type="stmt"/>
        <line num="59" count="35" type="cond" truecount="1" falsecount="0"/>
        <line num="60" count="3" type="stmt"/>
        <line num="61" count="3" type="stmt"/>
        <line num="62" count="3" type="cond" truecount="1" falsecount="0"/>
        <line num="63" count="32" type="cond" truecount="1" falsecount="0"/>
        <line num="64" count="10" type="stmt"/>
        <line num="66" count="10" type="cond" truecount="1" falsecount="0"/>
        <line num="67" count="4" type="stmt"/>
        <line num="68" count="4" type="cond" truecount="1" falsecount="0"/>
        <line num="70" count="6" type="stmt"/>
        <line num="71" count="6" type="stmt"/>
        <line num="72" count="6" type="stmt"/>
        <line num="73" count="10" type="cond" truecount="1" falsecount="0"/>
        <line num="75" count="22" type="cond" truecount="1" falsecount="0"/>
        <line num="76" count="10" type="stmt"/>
        <line num="77" count="10" type="stmt"/>
        <line num="78" count="10" type="stmt"/>
        <line num="79" count="10" type="stmt"/>
        <line num="80" count="10" type="cond" truecount="1" falsecount="0"/>
        <line num="82" count="12" type="stmt"/>
        <line num="83" count="12" type="stmt"/>
        <line num="84" count="12" type="stmt"/>
        <line num="85" count="12" type="stmt"/>
        <line num="86" count="12" type="stmt"/>
        <line num="87" count="35" type="stmt"/>
        <line num="89" count="84" type="cond" truecount="1" falsecount="0"/>
        <line num="91" count="35" type="stmt"/>
        <line num="92" count="35" type="stmt"/>
        <line num="94" count="35" type="cond" truecount="1" falsecount="0"/>
        <line num="95" count="16" type="stmt"/>
        <line num="96" count="16" type="stmt"/>
        <line num="97" count="35" type="cond" truecount="2" falsecount="0"/>
        <line num="98" count="5" type="stmt"/>
        <line num="99" count="5" type="stmt"/>
        <line num="100" count="5" type="stmt"/>
        <line num="101" count="35" type="stmt"/>
        <line num="103" count="84" type="cond" truecount="1" falsecount="0"/>
        <line num="104" count="37" type="cond" truecount="1" falsecount="0"/>
        <line num="105" count="10" type="stmt"/>
        <line num="106" count="10" type="stmt"/>
        <line num="107" count="10" type="stmt"/>
        <line num="108" count="37" type="cond" truecount="1" falsecount="0"/>
        <line num="109" count="15" type="stmt"/>
        <line num="110" count="15" type="stmt"/>
        <line num="111" count="15" type="stmt"/>
        <line num="112" count="15" type="stmt"/>
        <line num="113" count="37" type="cond" truecount="1" falsecount="0"/>
        <line num="114" count="12" type="stmt"/>
        <line num="115" count="12" type="stmt"/>
        <line num="116" count="12" type="stmt"/>
        <line num="117" count="12" type="stmt"/>
        <line num="118" count="37" type="stmt"/>
        <line num="120" count="84" type="cond" truecount="1" falsecount="0"/>
        <line num="121" count="8" type="stmt"/>
        <line num="122" count="8" type="stmt"/>
        <line num="123" count="8" type="stmt"/>
        <line num="124" count="8" type="stmt"/>
        <line num="125" count="8" type="cond" truecount="2" falsecount="0"/>
        <line num="126" count="4" type="stmt"/>
        <line num="127" count="4" type="stmt"/>
        <line num="128" count="8" type="stmt"/>
        <line num="130" count="84" type="cond" truecount="1" falsecount="0"/>
        <line num="131" count="33" type="cond" truecount="1" falsecount="0"/>
        <line num="132" count="2" type="stmt"/>
        <line num="133" count="2" type="stmt"/>
        <line num="134" count="2" type="stmt"/>
        <line num="135" count="2" type="stmt"/>
        <line num="136" count="2" type="stmt"/>
        <line num="137" count="2" type="stmt"/>
        <line num="138" count="2" type="stmt"/>
        <line num="139" count="2" type="stmt"/>
        <line num="141" count="2" type="stmt"/>
        <line num="142" count="84" type="stmt"/>
        <line num="144" count="84" type="stmt"/>
        <line num="145" count="84" type="stmt"/>
        <line num="146" count="84" type="stmt"/>
        <line num="147" count="84" type="stmt"/>
        <line num="148" count="84" type="stmt"/>
        <line num="150" count="84" type="stmt"/>
        <line num="151" count="84" type="stmt"/>
        <line num="152" count="84" type="stmt"/>
        <line num="153" count="84" type="cond" truecount="1" falsecount="0"/>
        <line num="154" count="1" type="cond" truecount="1" falsecount="0"/>
        <line num="156" count="82" type="stmt"/>
        <line num="158" count="84" type="cond" truecount="1" falsecount="0"/>
        <line num="159" count="4" type="cond" truecount="1" falsecount="0"/>
        <line num="161" count="79" type="stmt"/>
        <line num="163" count="84" type="stmt"/>
        <line num="164" count="84" type="stmt"/>
        <line num="165" count="84" type="stmt"/>
        <line num="166" count="84" type="stmt"/>
        <line num="167" count="84" type="stmt"/>
        <line num="169" count="84" type="stmt"/>
        <line num="170" count="84" type="stmt"/>
        <line num="171" count="84" type="stmt"/>
        <line num="172" count="84" type="stmt"/>
        <line num="173" count="84" type="stmt"/>
        <line num="174" count="84" type="stmt"/>
        <line num="175" count="84" type="stmt"/>
        <line num="176" count="84" type="stmt"/>
        <line num="177" count="84" type="stmt"/>
        <line num="178" count="84" type="stmt"/>
        <line num="179" count="84" type="stmt"/>
        <line num="180" count="84" type="stmt"/>
        <line num="181" count="84" type="stmt"/>
        <line num="183" count="84" type="cond" truecount="2" falsecount="0"/>
        <line num="184" count="84" type="stmt"/>
        <line num="185" count="84" type="stmt"/>
        <line num="186" count="84" type="stmt"/>
        <line num="187" count="84" type="stmt"/>
        <line num="188" count="84" type="stmt"/>
        <line num="189" count="84" type="stmt"/>
        <line num="190" count="84" type="stmt"/>
        <line num="191" count="84" type="stmt"/>
        <line num="193" count="84" type="stmt"/>
        <line num="194" count="84" type="stmt"/>
        <line num="195" count="84" type="stmt"/>
        <line num="196" count="84" type="stmt"/>
        <line num="197" count="84" type="stmt"/>
        <line num="198" count="84" type="stmt"/>
        <line num="199" count="84" type="stmt"/>
        <line num="200" count="84" type="stmt"/>
        <line num="201" count="84" type="stmt"/>
        <line num="202" count="84" type="stmt"/>
        <line num="203" count="84" type="stmt"/>
        <line num="204" count="84" type="stmt"/>
        <line num="205" count="84" type="stmt"/>
        <line num="206" count="84" type="stmt"/>
        <line num="207" count="84" type="stmt"/>
        <line num="208" count="84" type="stmt"/>
        <line num="210" count="84" type="cond" truecount="2" falsecount="0"/>
        <line num="211" count="84" type="stmt"/>
        <line num="212" count="84" type="stmt"/>
        <line num="213" count="84" type="stmt"/>
        <line num="214" count="84" type="stmt"/>
        <line num="215" count="84" type="stmt"/>
        <line num="216" count="84" type="stmt"/>
        <line num="217" count="84" type="stmt"/>
        <line num="218" count="84" type="stmt"/>
        <line num="220" count="84" type="stmt"/>
        <line num="221" count="84" type="stmt"/>
        <line num="222" count="84" type="stmt"/>
        <line num="223" count="84" type="stmt"/>
        <line num="224" count="84" type="stmt"/>
        <line num="225" count="84" type="stmt"/>
        <line num="226" count="84" type="stmt"/>
        <line num="227" count="84" type="stmt"/>
        <line num="228" count="84" type="stmt"/>
        <line num="229" count="84" type="stmt"/>
        <line num="230" count="84" type="stmt"/>
        <line num="231" count="84" type="stmt"/>
        <line num="232" count="84" type="stmt"/>
        <line num="233" count="84" type="stmt"/>
        <line num="234" count="84" type="cond" truecount="1" falsecount="1"/>
        <line num="235" count="84" type="stmt"/>
        <line num="236" count="84" type="stmt"/>
        <line num="237" count="84" type="stmt"/>
        <line num="238" count="84" type="stmt"/>
        <line num="239" count="84" type="stmt"/>
        <line num="240" count="84" type="stmt"/>
        <line num="241" count="84" type="stmt"/>
        <line num="242" count="84" type="stmt"/>
        <line num="244" count="84" type="stmt"/>
        <line num="245" count="84" type="stmt"/>
        <line num="246" count="84" type="stmt"/>
        <line num="248" count="84" type="stmt"/>
        <line num="249" count="84" type="stmt"/>
        <line num="250" count="84" type="stmt"/>
        <line num="251" count="84" type="stmt"/>
        <line num="252" count="84" type="stmt"/>
        <line num="253" count="84" type="stmt"/>
        <line num="255" count="84" type="stmt"/>
        <line num="256" count="84" type="stmt"/>
        <line num="257" count="84" type="stmt"/>
        <line num="258" count="84" type="stmt"/>
        <line num="259" count="84" type="stmt"/>
        <line num="262" count="84" type="stmt"/>
        <line num="263" count="84" type="stmt"/>
        <line num="265" count="1" type="stmt"/>
      </file>
      <file name="Router.tsx" path="/home/manvinderjit/repos/2023-TOP-Project-Shopping-Cart/src/components/Router.tsx">
        <metrics statements="45" coveredstatements="45" conditionals="0" coveredconditionals="0" methods="0" coveredmethods="0"/>
        <line num="1" count="1" type="stmt"/>
        <line num="2" count="1" type="stmt"/>
        <line num="3" count="1" type="stmt"/>
        <line num="4" count="1" type="stmt"/>
        <line num="5" count="1" type="stmt"/>
        <line num="6" count="1" type="stmt"/>
        <line num="7" count="1" type="stmt"/>
        <line num="8" count="1" type="stmt"/>
        <line num="10" count="1" type="stmt"/>
        <line num="12" count="1" type="stmt"/>
        <line num="13" count="1" type="stmt"/>
        <line num="14" count="1" type="stmt"/>
        <line num="15" count="1" type="stmt"/>
        <line num="16" count="1" type="stmt"/>
        <line num="17" count="1" type="stmt"/>
        <line num="18" count="1" type="stmt"/>
        <line num="19" count="1" type="stmt"/>
        <line num="20" count="1" type="stmt"/>
        <line num="21" count="1" type="stmt"/>
        <line num="22" count="1" type="stmt"/>
        <line num="23" count="1" type="stmt"/>
        <line num="24" count="1" type="stmt"/>
        <line num="25" count="1" type="stmt"/>
        <line num="26" count="1" type="stmt"/>
        <line num="27" count="1" type="stmt"/>
        <line num="28" count="1" type="stmt"/>
        <line num="29" count="1" type="stmt"/>
        <line num="30" count="1" type="stmt"/>
        <line num="31" count="1" type="stmt"/>
        <line num="32" count="1" type="stmt"/>
        <line num="33" count="1" type="stmt"/>
        <line num="34" count="1" type="stmt"/>
        <line num="35" count="1" type="stmt"/>
        <line num="36" count="1" type="stmt"/>
        <line num="37" count="1" type="stmt"/>
        <line num="38" count="1" type="stmt"/>
        <line num="39" count="1" type="stmt"/>
        <line num="40" count="1" type="stmt"/>
        <line num="41" count="1" type="stmt"/>
        <line num="42" count="1" type="stmt"/>
        <line num="66" count="1" type="stmt"/>
        <line num="67" count="1" type="stmt"/>
        <line num="68" count="1" type="stmt"/>
        <line num="70" count="1" type="stmt"/>
        <line num="72" count="1" type="stmt"/>
      </file>
      <file name="Toast.tsx" path="/home/manvinderjit/repos/2023-TOP-Project-Shopping-Cart/src/components/Toast.tsx">
        <metrics statements="59" coveredstatements="54" conditionals="8" coveredconditionals="6" methods="3" coveredmethods="3"/>
        <line num="1" count="1" type="stmt"/>
        <line num="2" count="1" type="stmt"/>
        <line num="3" count="1" type="stmt"/>
        <line num="6" count="1" type="stmt"/>
        <line num="7" count="1" type="stmt"/>
        <line num="9" count="37" type="cond" truecount="1" falsecount="0"/>
        <line num="10" count="37" type="stmt"/>
        <line num="11" count="37" type="stmt"/>
        <line num="12" count="37" type="stmt"/>
        <line num="13" count="37" type="stmt"/>
        <line num="14" count="37" type="stmt"/>
        <line num="15" count="37" type="cond" truecount="0" falsecount="1"/>
        <line num="16" count="0" type="stmt"/>
        <line num="17" count="0" type="stmt"/>
        <line num="18" count="0" type="stmt"/>
        <line num="19" count="37" type="cond" truecount="0" falsecount="1"/>
        <line num="20" count="0" type="stmt"/>
        <line num="21" count="0" type="stmt"/>
        <line num="22" count="37" type="stmt"/>
        <line num="23" count="37" type="stmt"/>
        <line num="25" count="1" type="cond" truecount="1" falsecount="0"/>
        <line num="26" count="114" type="stmt"/>
        <line num="27" count="114" type="stmt"/>
        <line num="29" count="114" type="stmt"/>
        <line num="30" count="114" type="cond" truecount="1" falsecount="0"/>
        <line num="31" count="15" type="stmt"/>
        <line num="32" count="15" type="cond" truecount="1" falsecount="0"/>
        <line num="33" count="37" type="stmt"/>
        <line num="34" count="37" type="stmt"/>
        <line num="35" count="37" type="stmt"/>
        <line num="36" count="37" type="stmt"/>
        <line num="37" count="37" type="stmt"/>
        <line num="39" count="37" type="stmt"/>
        <line num="41" count="37" type="stmt"/>
        <line num="42" count="37" type="stmt"/>
        <line num="43" count="37" type="stmt"/>
        <line num="44" count="37" type="cond" truecount="1" falsecount="0"/>
        <line num="45" count="4" type="stmt"/>
        <line num="46" count="4" type="stmt"/>
        <line num="47" count="37" type="stmt"/>
        <line num="49" count="37" type="stmt"/>
        <line num="50" count="37" type="stmt"/>
        <line num="51" count="37" type="stmt"/>
        <line num="52" count="37" type="stmt"/>
        <line num="53" count="37" type="stmt"/>
        <line num="55" count="37" type="stmt"/>
        <line num="56" count="37" type="stmt"/>
        <line num="57" count="37" type="stmt"/>
        <line num="58" count="37" type="stmt"/>
        <line num="59" count="37" type="stmt"/>
        <line num="60" count="37" type="stmt"/>
        <line num="61" count="37" type="stmt"/>
        <line num="62" count="37" type="stmt"/>
        <line num="64" count="15" type="stmt"/>
        <line num="65" count="15" type="cond" truecount="1" falsecount="0"/>
        <line num="67" count="99" type="stmt"/>
        <line num="70" count="114" type="stmt"/>
        <line num="71" count="114" type="stmt"/>
        <line num="73" count="1" type="stmt"/>
      </file>
      <file name="UserDashboard.tsx" path="/home/manvinderjit/repos/2023-TOP-Project-Shopping-Cart/src/components/UserDashboard.tsx">
        <metrics statements="27" coveredstatements="27" conditionals="3" coveredconditionals="2" methods="1" coveredmethods="1"/>
        <line num="1" count="1" type="stmt"/>
        <line num="2" count="1" type="stmt"/>
        <line num="3" count="1" type="stmt"/>
        <line num="4" count="1" type="stmt"/>
        <line num="5" count="1" type="stmt"/>
        <line num="7" count="1" type="cond" truecount="1" falsecount="0"/>
        <line num="8" count="9" type="stmt"/>
        <line num="9" count="9" type="stmt"/>
        <line num="10" count="9" type="stmt"/>
        <line num="12" count="9" type="stmt"/>
        <line num="13" count="9" type="stmt"/>
        <line num="14" count="9" type="stmt"/>
        <line num="15" count="9" type="stmt"/>
        <line num="16" count="9" type="stmt"/>
        <line num="17" count="9" type="stmt"/>
        <line num="18" count="9" type="stmt"/>
        <line num="20" count="9" type="cond" truecount="1" falsecount="0"/>
        <line num="21" count="2" type="cond" truecount="0" falsecount="1"/>
        <line num="22" count="9" type="stmt"/>
        <line num="29" count="9" type="stmt"/>
        <line num="30" count="9" type="stmt"/>
        <line num="31" count="9" type="stmt"/>
        <line num="32" count="9" type="stmt"/>
        <line num="33" count="9" type="stmt"/>
        <line num="36" count="9" type="stmt"/>
        <line num="37" count="9" type="stmt"/>
        <line num="39" count="1" type="stmt"/>
      </file>
    </package>
    <package name="src.components.button">
      <metrics statements="12" coveredstatements="12" conditionals="1" coveredconditionals="1" methods="1" coveredmethods="1"/>
      <file name="Button.tsx" path="/home/manvinderjit/repos/2023-TOP-Project-Shopping-Cart/src/components/button/Button.tsx">
        <metrics statements="12" coveredstatements="12" conditionals="1" coveredconditionals="1" methods="1" coveredmethods="1"/>
        <line num="1" count="1" type="stmt"/>
        <line num="3" count="1" type="cond" truecount="1" falsecount="0"/>
        <line num="5" count="26" type="stmt"/>
        <line num="6" count="26" type="stmt"/>
        <line num="7" count="26" type="stmt"/>
        <line num="8" count="26" type="stmt"/>
        <line num="9" count="26" type="stmt"/>
        <line num="11" count="26" type="stmt"/>
        <line num="12" count="26" type="stmt"/>
        <line num="14" count="26" type="stmt"/>
        <line num="15" count="26" type="stmt"/>
        <line num="17" count="1" type="stmt"/>
      </file>
    </package>
    <package name="src.components.cartDrawer">
      <metrics statements="5" coveredstatements="5" conditionals="1" coveredconditionals="1" methods="1" coveredmethods="1"/>
      <file name="CartDrawer.tsx" path="/home/manvinderjit/repos/2023-TOP-Project-Shopping-Cart/src/components/cartDrawer/CartDrawer.tsx">
        <metrics statements="5" coveredstatements="5" conditionals="1" coveredconditionals="1" methods="1" coveredmethods="1"/>
        <line num="1" count="1" type="cond" truecount="1" falsecount="0"/>
        <line num="2" count="1" type="stmt"/>
        <line num="4" count="1" type="stmt"/>
        <line num="5" count="1" type="stmt"/>
        <line num="7" count="1" type="stmt"/>
      </file>
    </package>
    <package name="src.components.hero">
      <metrics statements="104" coveredstatements="103" conditionals="16" coveredconditionals="16" methods="4" coveredmethods="4"/>
      <file name="Slider.tsx" path="/home/manvinderjit/repos/2023-TOP-Project-Shopping-Cart/src/components/hero/Slider.tsx">
        <metrics statements="104" coveredstatements="103" conditionals="16" coveredconditionals="16" methods="4" coveredmethods="4"/>
        <line num="1" count="1" type="stmt"/>
        <line num="19" count="1" type="cond" truecount="1" falsecount="0"/>
        <line num="21" count="26" type="stmt"/>
        <line num="23" count="26" type="cond" truecount="1" falsecount="0"/>
        <line num="24" count="26" type="stmt"/>
        <line num="25" count="0" type="stmt"/>
        <line num="26" count="26" type="stmt"/>
        <line num="27" count="26" type="cond" truecount="1" falsecount="0"/>
        <line num="28" count="26" type="stmt"/>
        <line num="29" count="26" type="stmt"/>
        <line num="30" count="26" type="stmt"/>
        <line num="32" count="26" type="cond" truecount="1" falsecount="0"/>
        <line num="33" count="7" type="cond" truecount="1" falsecount="0"/>
        <line num="34" count="7" type="cond" truecount="1" falsecount="0"/>
        <line num="35" count="1" type="stmt"/>
        <line num="36" count="7" type="cond" truecount="1" falsecount="0"/>
        <line num="37" count="6" type="stmt"/>
        <line num="38" count="6" type="stmt"/>
        <line num="39" count="7" type="stmt"/>
        <line num="40" count="7" type="stmt"/>
        <line num="42" count="26" type="cond" truecount="1" falsecount="0"/>
        <line num="43" count="5" type="cond" truecount="1" falsecount="0"/>
        <line num="44" count="5" type="cond" truecount="1" falsecount="0"/>
        <line num="45" count="2" type="stmt"/>
        <line num="46" count="5" type="cond" truecount="1" falsecount="0"/>
        <line num="47" count="3" type="stmt"/>
        <line num="48" count="3" type="stmt"/>
        <line num="49" count="5" type="stmt"/>
        <line num="50" count="5" type="stmt"/>
        <line num="52" count="26" type="stmt"/>
        <line num="53" count="26" type="stmt"/>
        <line num="54" count="26" type="stmt"/>
        <line num="55" count="26" type="stmt"/>
        <line num="57" count="26" type="stmt"/>
        <line num="58" count="26" type="cond" truecount="1" falsecount="0"/>
        <line num="59" count="104" type="stmt"/>
        <line num="60" count="104" type="stmt"/>
        <line num="61" count="104" type="stmt"/>
        <line num="62" count="104" type="stmt"/>
        <line num="63" count="104" type="stmt"/>
        <line num="64" count="104" type="stmt"/>
        <line num="65" count="104" type="stmt"/>
        <line num="66" count="104" type="stmt"/>
        <line num="67" count="26" type="stmt"/>
        <line num="68" count="26" type="stmt"/>
        <line num="69" count="26" type="stmt"/>
        <line num="70" count="26" type="stmt"/>
        <line num="71" count="26" type="stmt"/>
        <line num="72" count="26" type="stmt"/>
        <line num="73" count="26" type="stmt"/>
        <line num="75" count="26" type="stmt"/>
        <line num="77" count="26" type="stmt"/>
        <line num="78" count="26" type="stmt"/>
        <line num="79" count="26" type="stmt"/>
        <line num="80" count="26" type="stmt"/>
        <line num="81" count="26" type="stmt"/>
        <line num="82" count="26" type="stmt"/>
        <line num="84" count="26" type="stmt"/>
        <line num="85" count="26" type="stmt"/>
        <line num="86" count="26" type="stmt"/>
        <line num="87" count="26" type="stmt"/>
        <line num="88" count="26" type="stmt"/>
        <line num="90" count="26" type="stmt"/>
        <line num="91" count="26" type="stmt"/>
        <line num="92" count="26" type="stmt"/>
        <line num="93" count="26" type="stmt"/>
        <line num="94" count="26" type="stmt"/>
        <line num="95" count="26" type="stmt"/>
        <line num="96" count="26" type="stmt"/>
        <line num="97" count="26" type="stmt"/>
        <line num="98" count="26" type="stmt"/>
        <line num="99" count="26" type="stmt"/>
        <line num="100" count="26" type="stmt"/>
        <line num="102" count="26" type="stmt"/>
        <line num="103" count="26" type="stmt"/>
        <line num="104" count="26" type="stmt"/>
        <line num="105" count="26" type="stmt"/>
        <line num="106" count="26" type="stmt"/>
        <line num="108" count="26" type="stmt"/>
        <line num="109" count="26" type="stmt"/>
        <line num="110" count="26" type="stmt"/>
        <line num="111" count="26" type="stmt"/>
        <line num="112" count="26" type="stmt"/>
        <line num="113" count="26" type="stmt"/>
        <line num="114" count="26" type="stmt"/>
        <line num="115" count="26" type="stmt"/>
        <line num="116" count="26" type="stmt"/>
        <line num="117" count="26" type="cond" truecount="1" falsecount="0"/>
        <line num="118" count="104" type="stmt"/>
        <line num="119" count="104" type="stmt"/>
        <line num="120" count="104" type="cond" truecount="1" falsecount="0"/>
        <line num="121" count="104" type="stmt"/>
        <line num="122" count="104" type="stmt"/>
        <line num="123" count="104" type="cond" truecount="1" falsecount="0"/>
        <line num="124" count="26" type="cond" truecount="1" falsecount="0"/>
        <line num="125" count="78" type="stmt"/>
        <line num="127" count="104" type="stmt"/>
        <line num="128" count="26" type="stmt"/>
        <line num="129" count="26" type="stmt"/>
        <line num="130" count="26" type="stmt"/>
        <line num="131" count="26" type="stmt"/>
        <line num="134" count="26" type="stmt"/>
        <line num="135" count="26" type="stmt"/>
        <line num="137" count="1" type="stmt"/>
      </file>
    </package>
    <package name="src.components.layout">
      <metrics statements="43" coveredstatements="43" conditionals="8" coveredconditionals="8" methods="3" coveredmethods="3"/>
      <file name="Footer.tsx" path="/home/manvinderjit/repos/2023-TOP-Project-Shopping-Cart/src/components/layout/Footer.tsx">
        <metrics statements="8" coveredstatements="8" conditionals="1" coveredconditionals="1" methods="1" coveredmethods="1"/>
        <line num="1" count="1" type="cond" truecount="1" falsecount="0"/>
        <line num="2" count="103" type="stmt"/>
        <line num="3" count="103" type="stmt"/>
        <line num="4" count="103" type="stmt"/>
        <line num="5" count="103" type="stmt"/>
        <line num="7" count="103" type="stmt"/>
        <line num="8" count="103" type="stmt"/>
        <line num="10" count="1" type="stmt"/>
      </file>
      <file name="Header.tsx" path="/home/manvinderjit/repos/2023-TOP-Project-Shopping-Cart/src/components/layout/Header.tsx">
        <metrics statements="9" coveredstatements="9" conditionals="1" coveredconditionals="1" methods="1" coveredmethods="1"/>
        <line num="1" count="1" type="stmt"/>
        <line num="3" count="1" type="cond" truecount="1" falsecount="0"/>
        <line num="4" count="103" type="stmt"/>
        <line num="5" count="103" type="stmt"/>
        <line num="6" count="103" type="stmt"/>
        <line num="7" count="103" type="stmt"/>
        <line num="10" count="103" type="stmt"/>
        <line num="11" count="103" type="stmt"/>
        <line num="13" count="1" type="stmt"/>
      </file>
      <file name="Hero.tsx" path="/home/manvinderjit/repos/2023-TOP-Project-Shopping-Cart/src/components/layout/Hero.tsx">
        <metrics statements="26" coveredstatements="26" conditionals="6" coveredconditionals="6" methods="1" coveredmethods="1"/>
        <line num="1" count="1" type="stmt"/>
        <line num="2" count="1" type="stmt"/>
        <line num="3" count="1" type="stmt"/>
        <line num="4" count="1" type="stmt"/>
        <line num="6" count="1" type="cond" truecount="1" falsecount="0"/>
        <line num="7" count="45" type="stmt"/>
        <line num="8" count="45" type="stmt"/>
        <line num="9" count="45" type="stmt"/>
        <line num="10" count="45" type="stmt"/>
        <line num="11" count="45" type="stmt"/>
        <line num="12" count="45" type="stmt"/>
        <line num="13" count="45" type="stmt"/>
        <line num="15" count="45" type="stmt"/>
        <line num="16" count="45" type="cond" truecount="1" falsecount="0"/>
        <line num="17" count="38" type="stmt"/>
        <line num="18" count="45" type="cond" truecount="2" falsecount="0"/>
        <line num="19" count="4" type="stmt"/>
        <line num="20" count="4" type="cond" truecount="1" falsecount="0"/>
        <line num="21" count="1" type="stmt"/>
        <line num="22" count="1" type="cond" truecount="1" falsecount="0"/>
        <line num="23" count="43" type="stmt"/>
        <line num="24" count="43" type="stmt"/>
        <line num="25" count="43" type="stmt"/>
        <line num="26" count="43" type="stmt"/>
        <line num="29" count="43" type="stmt"/>
        <line num="44" count="1" type="stmt"/>
      </file>
    </package>
    <package name="src.components.nav">
      <metrics statements="285" coveredstatements="273" conditionals="46" coveredconditionals="40" methods="16" coveredmethods="10"/>
      <file name="CartButton.tsx" path="/home/manvinderjit/repos/2023-TOP-Project-Shopping-Cart/src/components/nav/CartButton.tsx">
        <metrics statements="31" coveredstatements="31" conditionals="2" coveredconditionals="2" methods="1" coveredmethods="1"/>
        <line num="1" count="1" type="stmt"/>
        <line num="2" count="1" type="stmt"/>
        <line num="4" count="1" type="cond" truecount="1" falsecount="0"/>
        <line num="5" count="298" type="cond" truecount="1" falsecount="0"/>
        <line num="7" count="298" type="stmt"/>
        <line num="9" count="298" type="stmt"/>
        <line num="11" count="298" type="stmt"/>
        <line num="12" count="298" type="stmt"/>
        <line num="13" count="298" type="stmt"/>
        <line num="14" count="298" type="stmt"/>
        <line num="15" count="298" type="stmt"/>
        <line num="16" count="298" type="stmt"/>
        <line num="17" count="298" type="stmt"/>
        <line num="18" count="298" type="stmt"/>
        <line num="19" count="298" type="stmt"/>
        <line num="20" count="298" type="stmt"/>
        <line num="21" count="298" type="stmt"/>
        <line num="22" count="298" type="stmt"/>
        <line num="23" count="298" type="stmt"/>
        <line num="25" count="298" type="stmt"/>
        <line num="26" count="298" type="stmt"/>
        <line num="27" count="298" type="stmt"/>
        <line num="28" count="298" type="stmt"/>
        <line num="29" count="298" type="stmt"/>
        <line num="30" count="298" type="stmt"/>
        <line num="31" count="298" type="stmt"/>
        <line num="32" count="298" type="stmt"/>
        <line num="33" count="298" type="stmt"/>
        <line num="36" count="298" type="stmt"/>
        <line num="37" count="298" type="stmt"/>
        <line num="39" count="1" type="stmt"/>
      </file>
      <file name="Logo.tsx" path="/home/manvinderjit/repos/2023-TOP-Project-Shopping-Cart/src/components/nav/Logo.tsx">
        <metrics statements="8" coveredstatements="8" conditionals="1" coveredconditionals="1" methods="1" coveredmethods="1"/>
        <line num="1" count="1" type="stmt"/>
        <line num="2" count="1" type="cond" truecount="1" falsecount="0"/>
        <line num="4" count="104" type="stmt"/>
        <line num="5" count="104" type="stmt"/>
        <line num="7" count="104" type="stmt"/>
        <line num="10" count="104" type="stmt"/>
        <line num="11" count="104" type="stmt"/>
        <line num="13" count="1" type="stmt"/>
      </file>
      <file name="NavItemsTop.tsx" path="/home/manvinderjit/repos/2023-TOP-Project-Shopping-Cart/src/components/nav/NavItemsTop.tsx">
        <metrics statements="30" coveredstatements="30" conditionals="14" coveredconditionals="14" methods="1" coveredmethods="1"/>
        <line num="1" count="1" type="stmt"/>
        <line num="2" count="1" type="stmt"/>
        <line num="3" count="1" type="stmt"/>
        <line num="6" count="1" type="cond" truecount="1" falsecount="0"/>
        <line num="7" count="116" type="stmt"/>
        <line num="8" count="116" type="stmt"/>
        <line num="10" count="116" type="stmt"/>
        <line num="11" count="116" type="stmt"/>
        <line num="12" count="116" type="cond" truecount="2" falsecount="0"/>
        <line num="13" count="116" type="stmt"/>
        <line num="14" count="116" type="stmt"/>
        <line num="15" count="116" type="cond" truecount="2" falsecount="0"/>
        <line num="16" count="4" type="cond" truecount="2" falsecount="0"/>
        <line num="17" count="4" type="stmt"/>
        <line num="18" count="4" type="cond" truecount="1" falsecount="0"/>
        <line num="20" count="112" type="stmt"/>
        <line num="21" count="112" type="cond" truecount="2" falsecount="0"/>
        <line num="22" count="112" type="stmt"/>
        <line num="23" count="112" type="stmt"/>
        <line num="24" count="112" type="cond" truecount="2" falsecount="0"/>
        <line num="25" count="112" type="stmt"/>
        <line num="26" count="112" type="stmt"/>
        <line num="27" count="112" type="stmt"/>
        <line num="29" count="116" type="cond" truecount="2" falsecount="0"/>
        <line num="30" count="116" type="stmt"/>
        <line num="31" count="116" type="stmt"/>
        <line num="32" count="116" type="stmt"/>
        <line num="35" count="116" type="stmt"/>
        <line num="36" count="116" type="stmt"/>
        <line num="38" count="1" type="stmt"/>
      </file>
      <file name="NavItemsTopMobile.tsx" path="/home/manvinderjit/repos/2023-TOP-Project-Shopping-Cart/src/components/nav/NavItemsTopMobile.tsx">
        <metrics statements="92" coveredstatements="82" conditionals="14" coveredconditionals="8" methods="7" coveredmethods="2"/>
        <line num="1" count="1" type="stmt"/>
        <line num="2" count="1" type="stmt"/>
        <line num="3" count="1" type="stmt"/>
        <line num="4" count="1" type="stmt"/>
        <line num="7" count="1" type="cond" truecount="1" falsecount="0"/>
        <line num="8" count="128" type="stmt"/>
        <line num="9" count="128" type="stmt"/>
        <line num="11" count="128" type="stmt"/>
        <line num="13" count="128" type="cond" truecount="3" falsecount="0"/>
        <line num="15" count="128" type="stmt"/>
        <line num="16" count="128" type="stmt"/>
        <line num="17" count="128" type="stmt"/>
        <line num="18" count="128" type="stmt"/>
        <line num="19" count="128" type="stmt"/>
        <line num="20" count="128" type="stmt"/>
        <line num="21" count="128" type="stmt"/>
        <line num="22" count="128" type="stmt"/>
        <line num="24" count="128" type="cond" truecount="1" falsecount="0"/>
        <line num="25" count="4" type="stmt"/>
        <line num="26" count="4" type="stmt"/>
        <line num="27" count="4" type="stmt"/>
        <line num="28" count="4" type="stmt"/>
        <line num="29" count="4" type="stmt"/>
        <line num="31" count="4" type="stmt"/>
        <line num="32" count="4" type="stmt"/>
        <line num="33" count="4" type="stmt"/>
        <line num="34" count="4" type="stmt"/>
        <line num="35" count="4" type="stmt"/>
        <line num="36" count="4" type="cond" truecount="1" falsecount="0"/>
        <line num="38" count="124" type="stmt"/>
        <line num="39" count="124" type="stmt"/>
        <line num="40" count="124" type="stmt"/>
        <line num="41" count="124" type="stmt"/>
        <line num="42" count="124" type="stmt"/>
        <line num="44" count="124" type="stmt"/>
        <line num="45" count="124" type="stmt"/>
        <line num="46" count="124" type="stmt"/>
        <line num="47" count="124" type="stmt"/>
        <line num="48" count="124" type="stmt"/>
        <line num="49" count="124" type="stmt"/>
        <line num="51" count="128" type="stmt"/>
        <line num="52" count="128" type="stmt"/>
        <line num="53" count="128" type="cond" truecount="1" falsecount="0"/>
        <line num="54" count="4" type="stmt"/>
        <line num="55" count="4" type="stmt"/>
        <line num="56" count="4" type="stmt"/>
        <line num="57" count="4" type="cond" truecount="0" falsecount="1"/>
        <line num="58" count="4" type="stmt"/>
        <line num="60" count="4" type="stmt"/>
        <line num="62" count="4" type="stmt"/>
        <line num="63" count="4" type="stmt"/>
        <line num="64" count="4" type="cond" truecount="0" falsecount="2"/>
        <line num="65" count="0" type="stmt"/>
        <line num="66" count="0" type="stmt"/>
        <line num="67" count="0" type="stmt"/>
        <line num="68" count="0" type="stmt"/>
        <line num="69" count="0" type="stmt"/>
        <line num="70" count="0" type="stmt"/>
        <line num="72" count="0" type="stmt"/>
        <line num="74" count="0" type="stmt"/>
        <line num="75" count="0" type="stmt"/>
        <line num="77" count="4" type="stmt"/>
        <line num="78" count="4" type="stmt"/>
        <line num="79" count="4" type="stmt"/>
        <line num="80" count="4" type="cond" truecount="0" falsecount="1"/>
        <line num="81" count="4" type="stmt"/>
        <line num="83" count="4" type="stmt"/>
        <line num="85" count="4" type="stmt"/>
        <line num="86" count="4" type="stmt"/>
        <line num="87" count="4" type="stmt"/>
        <line num="88" count="4" type="stmt"/>
        <line num="89" count="4" type="cond" truecount="0" falsecount="1"/>
        <line num="90" count="0" type="stmt"/>
        <line num="91" count="4" type="stmt"/>
        <line num="92" count="4" type="stmt"/>
        <line num="94" count="4" type="stmt"/>
        <line num="96" count="4" type="stmt"/>
        <line num="97" count="4" type="stmt"/>
        <line num="98" count="4" type="stmt"/>
        <line num="100" count="4" type="stmt"/>
        <line num="101" count="4" type="stmt"/>
        <line num="102" count="4" type="cond" truecount="0" falsecount="1"/>
        <line num="103" count="4" type="stmt"/>
        <line num="105" count="4" type="stmt"/>
        <line num="107" count="4" type="stmt"/>
        <line num="108" count="4" type="stmt"/>
        <line num="109" count="4" type="cond" truecount="1" falsecount="0"/>
        <line num="111" count="124" type="stmt"/>
        <line num="113" count="128" type="stmt"/>
        <line num="116" count="128" type="stmt"/>
        <line num="117" count="128" type="stmt"/>
        <line num="119" count="1" type="stmt"/>
      </file>
      <file name="NavTop.tsx" path="/home/manvinderjit/repos/2023-TOP-Project-Shopping-Cart/src/components/nav/NavTop.tsx">
        <metrics statements="27" coveredstatements="27" conditionals="7" coveredconditionals="7" methods="1" coveredmethods="1"/>
        <line num="1" count="1" type="stmt"/>
        <line num="2" count="1" type="stmt"/>
        <line num="3" count="1" type="stmt"/>
        <line num="4" count="1" type="stmt"/>
        <line num="5" count="1" type="stmt"/>
        <line num="6" count="1" type="stmt"/>
        <line num="8" count="1" type="stmt"/>
        <line num="10" count="1" type="cond" truecount="1" falsecount="0"/>
        <line num="11" count="104" type="stmt"/>
        <line num="12" count="104" type="stmt"/>
        <line num="15" count="104" type="stmt"/>
        <line num="16" count="104" type="stmt"/>
        <line num="17" count="104" type="stmt"/>
        <line num="18" count="104" type="stmt"/>
        <line num="19" count="104" type="cond" truecount="3" falsecount="0"/>
        <line num="20" count="104" type="stmt"/>
        <line num="21" count="104" type="stmt"/>
        <line num="22" count="104" type="stmt"/>
        <line num="23" count="104" type="stmt"/>
        <line num="24" count="104" type="stmt"/>
        <line num="25" count="104" type="cond" truecount="3" falsecount="0"/>
        <line num="26" count="104" type="stmt"/>
        <line num="27" count="104" type="stmt"/>
        <line num="28" count="104" type="stmt"/>
        <line num="31" count="104" type="stmt"/>
        <line num="32" count="104" type="stmt"/>
        <line num="34" count="1" type="stmt"/>
      </file>
      <file name="NavUserAccountTools.tsx" path="/home/manvinderjit/repos/2023-TOP-Project-Shopping-Cart/src/components/nav/NavUserAccountTools.tsx">
        <metrics statements="97" coveredstatements="95" conditionals="8" coveredconditionals="8" methods="5" coveredmethods="4"/>
        <line num="1" count="1" type="stmt"/>
        <line num="2" count="1" type="stmt"/>
        <line num="3" count="1" type="stmt"/>
        <line num="4" count="1" type="stmt"/>
        <line num="6" count="1" type="cond" truecount="1" falsecount="0"/>
        <line num="8" count="17" type="stmt"/>
        <line num="9" count="17" type="stmt"/>
        <line num="11" count="17" type="stmt"/>
        <line num="12" count="0" type="stmt"/>
        <line num="13" count="0" type="stmt"/>
        <line num="15" count="17" type="stmt"/>
        <line num="16" count="17" type="stmt"/>
        <line num="17" count="17" type="stmt"/>
        <line num="18" count="17" type="stmt"/>
        <line num="19" count="17" type="stmt"/>
        <line num="20" count="17" type="stmt"/>
        <line num="21" count="17" type="stmt"/>
        <line num="22" count="17" type="cond" truecount="1" falsecount="0"/>
        <line num="23" count="17" type="cond" truecount="1" falsecount="0"/>
        <line num="24" count="17" type="stmt"/>
        <line num="25" count="17" type="stmt"/>
        <line num="26" count="17" type="stmt"/>
        <line num="27" count="17" type="stmt"/>
        <line num="28" count="17" type="stmt"/>
        <line num="30" count="17" type="stmt"/>
        <line num="31" count="17" type="stmt"/>
        <line num="32" count="17" type="stmt"/>
        <line num="33" count="17" type="stmt"/>
        <line num="34" count="17" type="stmt"/>
        <line num="35" count="17" type="stmt"/>
        <line num="36" count="17" type="stmt"/>
        <line num="38" count="17" type="stmt"/>
        <line num="39" count="17" type="stmt"/>
        <line num="40" count="17" type="stmt"/>
        <line num="41" count="17" type="stmt"/>
        <line num="42" count="17" type="stmt"/>
        <line num="43" count="17" type="stmt"/>
        <line num="45" count="17" type="cond" truecount="1" falsecount="0"/>
        <line num="46" count="4" type="stmt"/>
        <line num="47" count="4" type="stmt"/>
        <line num="48" count="4" type="stmt"/>
        <line num="49" count="4" type="stmt"/>
        <line num="50" count="4" type="stmt"/>
        <line num="52" count="4" type="stmt"/>
        <line num="53" count="4" type="stmt"/>
        <line num="54" count="4" type="stmt"/>
        <line num="55" count="4" type="stmt"/>
        <line num="56" count="4" type="stmt"/>
        <line num="57" count="4" type="cond" truecount="1" falsecount="0"/>
        <line num="59" count="13" type="stmt"/>
        <line num="61" count="17" type="stmt"/>
        <line num="62" count="17" type="stmt"/>
        <line num="63" count="17" type="cond" truecount="1" falsecount="0"/>
        <line num="64" count="4" type="stmt"/>
        <line num="65" count="4" type="stmt"/>
        <line num="66" count="4" type="stmt"/>
        <line num="67" count="4" type="cond" truecount="1" falsecount="0"/>
        <line num="68" count="4" type="stmt"/>
        <line num="69" count="4" type="stmt"/>
        <line num="70" count="4" type="stmt"/>
        <line num="72" count="4" type="stmt"/>
        <line num="73" count="4" type="stmt"/>
        <line num="74" count="4" type="stmt"/>
        <line num="75" count="4" type="stmt"/>
        <line num="76" count="4" type="stmt"/>
        <line num="77" count="4" type="stmt"/>
        <line num="78" count="4" type="stmt"/>
        <line num="79" count="4" type="stmt"/>
        <line num="81" count="4" type="stmt"/>
        <line num="82" count="4" type="stmt"/>
        <line num="83" count="4" type="stmt"/>
        <line num="84" count="4" type="stmt"/>
        <line num="85" count="4" type="stmt"/>
        <line num="86" count="4" type="stmt"/>
        <line num="87" count="4" type="stmt"/>
        <line num="88" count="4" type="stmt"/>
        <line num="89" count="4" type="stmt"/>
        <line num="90" count="4" type="stmt"/>
        <line num="92" count="4" type="stmt"/>
        <line num="93" count="4" type="stmt"/>
        <line num="94" count="4" type="stmt"/>
        <line num="95" count="4" type="stmt"/>
        <line num="96" count="4" type="stmt"/>
        <line num="97" count="4" type="stmt"/>
        <line num="98" count="4" type="stmt"/>
        <line num="99" count="4" type="stmt"/>
        <line num="100" count="4" type="stmt"/>
        <line num="102" count="4" type="stmt"/>
        <line num="103" count="4" type="stmt"/>
        <line num="104" count="4" type="cond" truecount="1" falsecount="0"/>
        <line num="106" count="13" type="stmt"/>
        <line num="108" count="17" type="stmt"/>
        <line num="110" count="17" type="stmt"/>
        <line num="111" count="17" type="stmt"/>
        <line num="114" count="17" type="stmt"/>
        <line num="115" count="17" type="stmt"/>
        <line num="117" count="1" type="stmt"/>
      </file>
    </package>
    <package name="src.components.products">
      <metrics statements="101" coveredstatements="99" conditionals="8" coveredconditionals="7" methods="3" coveredmethods="3"/>
      <file name="ProductCard.tsx" path="/home/manvinderjit/repos/2023-TOP-Project-Shopping-Cart/src/components/products/ProductCard.tsx">
        <metrics statements="64" coveredstatements="64" conditionals="2" coveredconditionals="2" methods="2" coveredmethods="2"/>
        <line num="1" count="1" type="stmt"/>
        <line num="2" count="1" type="stmt"/>
        <line num="3" count="1" type="stmt"/>
        <line num="4" count="1" type="stmt"/>
        <line num="6" count="1" type="stmt"/>
        <line num="8" count="1" type="stmt"/>
        <line num="10" count="1" type="cond" truecount="1" falsecount="0"/>
        <line num="12" count="23" type="stmt"/>
        <line num="14" count="23" type="stmt"/>
        <line num="15" count="23" type="stmt"/>
        <line num="16" count="23" type="stmt"/>
        <line num="17" count="23" type="stmt"/>
        <line num="18" count="23" type="stmt"/>
        <line num="19" count="23" type="stmt"/>
        <line num="21" count="23" type="cond" truecount="1" falsecount="0"/>
        <line num="22" count="3" type="stmt"/>
        <line num="23" count="3" type="stmt"/>
        <line num="24" count="3" type="stmt"/>
        <line num="25" count="3" type="stmt"/>
        <line num="26" count="3" type="stmt"/>
        <line num="27" count="3" type="stmt"/>
        <line num="28" count="3" type="stmt"/>
        <line num="29" count="3" type="stmt"/>
        <line num="30" count="3" type="stmt"/>
        <line num="31" count="3" type="stmt"/>
        <line num="32" count="3" type="stmt"/>
        <line num="34" count="23" type="stmt"/>
        <line num="35" count="23" type="stmt"/>
        <line num="36" count="23" type="stmt"/>
        <line num="37" count="23" type="stmt"/>
        <line num="38" count="23" type="stmt"/>
        <line num="39" count="23" type="stmt"/>
        <line num="40" count="23" type="stmt"/>
        <line num="41" count="23" type="stmt"/>
        <line num="42" count="23" type="stmt"/>
        <line num="43" count="23" type="stmt"/>
        <line num="44" count="23" type="stmt"/>
        <line num="45" count="23" type="stmt"/>
        <line num="46" count="23" type="stmt"/>
        <line num="47" count="23" type="stmt"/>
        <line num="48" count="23" type="stmt"/>
        <line num="49" count="23" type="stmt"/>
        <line num="50" count="23" type="stmt"/>
        <line num="51" count="23" type="stmt"/>
        <line num="52" count="23" type="stmt"/>
        <line num="53" count="23" type="stmt"/>
        <line num="54" count="23" type="stmt"/>
        <line num="55" count="23" type="stmt"/>
        <line num="56" count="23" type="stmt"/>
        <line num="57" count="23" type="stmt"/>
        <line num="58" count="23" type="stmt"/>
        <line num="60" count="23" type="stmt"/>
        <line num="61" count="23" type="stmt"/>
        <line num="62" count="23" type="stmt"/>
        <line num="63" count="23" type="stmt"/>
        <line num="64" count="23" type="stmt"/>
        <line num="65" count="23" type="stmt"/>
        <line num="66" count="23" type="stmt"/>
        <line num="67" count="23" type="stmt"/>
        <line num="68" count="23" type="stmt"/>
        <line num="69" count="23" type="stmt"/>
        <line num="72" count="23" type="stmt"/>
        <line num="73" count="23" type="stmt"/>
        <line num="75" count="1" type="stmt"/>
      </file>
      <file name="Products.tsx" path="/home/manvinderjit/repos/2023-TOP-Project-Shopping-Cart/src/components/products/Products.tsx">
        <metrics statements="37" coveredstatements="35" conditionals="6" coveredconditionals="5" methods="1" coveredmethods="1"/>
        <line num="1" count="1" type="stmt"/>
        <line num="2" count="1" type="stmt"/>
        <line num="3" count="1" type="stmt"/>
        <line num="20" count="1" type="cond" truecount="1" falsecount="0"/>
        <line num="21" count="43" type="stmt"/>
        <line num="22" count="43" type="stmt"/>
        <line num="23" count="43" type="stmt"/>
        <line num="24" count="43" type="stmt"/>
        <line num="25" count="43" type="stmt"/>
        <line num="26" count="43" type="stmt"/>
        <line num="27" count="43" type="stmt"/>
        <line num="29" count="43" type="stmt"/>
        <line num="31" count="43" type="cond" truecount="1" falsecount="0"/>
        <line num="32" count="35" type="stmt"/>
        <line num="33" count="43" type="cond" truecount="1" falsecount="0"/>
        <line num="34" count="6" type="stmt"/>
        <line num="35" count="6" type="stmt"/>
        <line num="36" count="6" type="stmt"/>
        <line num="37" count="6" type="stmt"/>
        <line num="38" count="6" type="cond" truecount="1" falsecount="0"/>
        <line num="39" count="18" type="stmt"/>
        <line num="40" count="18" type="stmt"/>
        <line num="42" count="6" type="stmt"/>
        <line num="43" count="6" type="stmt"/>
        <line num="44" count="6" type="stmt"/>
        <line num="45" count="6" type="stmt"/>
        <line num="46" count="6" type="cond" truecount="0" falsecount="1"/>
        <line num="47" count="0" type="stmt"/>
        <line num="48" count="0" type="cond" truecount="1" falsecount="0"/>
        <line num="50" count="41" type="stmt"/>
        <line num="51" count="41" type="stmt"/>
        <line num="52" count="41" type="stmt"/>
        <line num="53" count="41" type="stmt"/>
        <line num="54" count="41" type="stmt"/>
        <line num="55" count="41" type="stmt"/>
        <line num="57" count="41" type="stmt"/>
        <line num="59" count="1" type="stmt"/>
      </file>
    </package>
    <package name="src.components.utility">
      <metrics statements="27" coveredstatements="27" conditionals="1" coveredconditionals="1" methods="1" coveredmethods="1"/>
      <file name="Spinner.tsx" path="/home/manvinderjit/repos/2023-TOP-Project-Shopping-Cart/src/components/utility/Spinner.tsx">
        <metrics statements="27" coveredstatements="27" conditionals="1" coveredconditionals="1" methods="1" coveredmethods="1"/>
        <line num="1" count="1" type="cond" truecount="1" falsecount="0"/>
        <line num="2" count="73" type="stmt"/>
        <line num="3" count="73" type="stmt"/>
        <line num="4" count="73" type="stmt"/>
        <line num="5" count="73" type="stmt"/>
        <line num="6" count="73" type="stmt"/>
        <line num="7" count="73" type="stmt"/>
        <line num="8" count="73" type="stmt"/>
        <line num="9" count="73" type="stmt"/>
        <line num="11" count="73" type="stmt"/>
        <line num="12" count="73" type="stmt"/>
        <line num="13" count="73" type="stmt"/>
        <line num="14" count="73" type="stmt"/>
        <line num="15" count="73" type="stmt"/>
        <line num="16" count="73" type="stmt"/>
        <line num="17" count="73" type="stmt"/>
        <line num="18" count="73" type="stmt"/>
        <line num="19" count="73" type="stmt"/>
        <line num="20" count="73" type="stmt"/>
        <line num="21" count="73" type="stmt"/>
        <line num="22" count="73" type="stmt"/>
        <line num="23" count="73" type="stmt"/>
        <line num="24" count="73" type="stmt"/>
        <line num="26" count="73" type="stmt"/>
        <line num="27" count="73" type="stmt"/>
        <line num="29" count="73" type="stmt"/>
        <line num="31" count="1" type="stmt"/>
      </file>
    </package>
    <package name="src.features.api">
      <metrics statements="45" coveredstatements="39" conditionals="6" coveredconditionals="6" methods="7" coveredmethods="6"/>
      <file name="apiSlice.ts" path="/home/manvinderjit/repos/2023-TOP-Project-Shopping-Cart/src/features/api/apiSlice.ts">
        <metrics statements="45" coveredstatements="39" conditionals="6" coveredconditionals="6" methods="7" coveredmethods="6"/>
        <line num="1" count="1" type="stmt"/>
        <line num="5" count="1" type="stmt"/>
        <line num="6" count="1" type="stmt"/>
        <line num="7" count="1" type="stmt"/>
        <line num="8" count="1" type="stmt"/>
        <line num="9" count="0" type="stmt"/>
        <line num="10" count="0" type="stmt"/>
        <line num="11" count="0" type="stmt"/>
        <line num="12" count="0" type="stmt"/>
        <line num="13" count="0" type="stmt"/>
        <line num="14" count="0" type="stmt"/>
        <line num="15" count="1" type="stmt"/>
        <line num="18" count="1" type="stmt"/>
        <line num="19" count="1" type="stmt"/>
        <line num="20" count="1" type="stmt"/>
        <line num="21" count="1" type="cond" truecount="1" falsecount="0"/>
        <line num="23" count="13" type="stmt"/>
        <line num="24" count="13" type="cond" truecount="1" falsecount="0"/>
        <line num="25" count="13" type="stmt"/>
        <line num="27" count="13" type="stmt"/>
        <line num="28" count="13" type="cond" truecount="1" falsecount="0"/>
        <line num="29" count="13" type="stmt"/>
        <line num="30" count="13" type="stmt"/>
        <line num="31" count="13" type="cond" truecount="1" falsecount="0"/>
        <line num="32" count="4" type="stmt"/>
        <line num="33" count="4" type="stmt"/>
        <line num="34" count="4" type="stmt"/>
        <line num="35" count="4" type="stmt"/>
        <line num="36" count="13" type="stmt"/>
        <line num="37" count="13" type="stmt"/>
        <line num="38" count="13" type="cond" truecount="1" falsecount="0"/>
        <line num="39" count="3" type="stmt"/>
        <line num="40" count="3" type="stmt"/>
        <line num="41" count="3" type="stmt"/>
        <line num="42" count="3" type="stmt"/>
        <line num="43" count="13" type="stmt"/>
        <line num="44" count="13" type="stmt"/>
        <line num="45" count="13" type="cond" truecount="1" falsecount="0"/>
        <line num="46" count="4" type="stmt"/>
        <line num="47" count="4" type="stmt"/>
        <line num="48" count="4" type="stmt"/>
        <line num="49" count="13" type="stmt"/>
        <line num="50" count="13" type="stmt"/>
        <line num="51" count="1" type="stmt"/>
        <line num="53" count="1" type="stmt"/>
      </file>
    </package>
    <package name="src.features.auth">
      <metrics statements="24" coveredstatements="21" conditionals="3" coveredconditionals="3" methods="4" coveredmethods="3"/>
      <file name="authSlice.ts" path="/home/manvinderjit/repos/2023-TOP-Project-Shopping-Cart/src/features/auth/authSlice.ts">
        <metrics statements="24" coveredstatements="21" conditionals="3" coveredconditionals="3" methods="4" coveredmethods="3"/>
        <line num="1" count="1" type="stmt"/>
        <line num="5" count="1" type="stmt"/>
        <line num="6" count="1" type="stmt"/>
        <line num="7" count="1" type="stmt"/>
        <line num="8" count="1" type="stmt"/>
        <line num="10" count="1" type="stmt"/>
        <line num="11" count="1" type="stmt"/>
        <line num="12" count="1" type="stmt"/>
        <line num="13" count="1" type="stmt"/>
        <line num="14" count="1" type="cond" truecount="1" falsecount="0"/>
        <line num="15" count="2" type="stmt"/>
        <line num="16" count="2" type="stmt"/>
        <line num="17" count="2" type="stmt"/>
        <line num="19" count="2" type="stmt"/>
        <line num="20" count="1" type="stmt"/>
        <line num="21" count="0" type="stmt"/>
        <line num="22" count="0" type="stmt"/>
        <line num="23" count="0" type="stmt"/>
        <line num="25" count="1" type="stmt"/>
        <line num="26" count="1" type="stmt"/>
        <line num="28" count="1" type="cond" truecount="1" falsecount="0"/>
        <line num="29" count="1" type="cond" truecount="1" falsecount="0"/>
        <line num="31" count="1" type="stmt"/>
        <line num="33" count="1" type="stmt"/>
      </file>
    </package>
    <package name="src.features.cart">
      <metrics statements="63" coveredstatements="56" conditionals="14" coveredconditionals="11" methods="5" coveredmethods="5"/>
      <file name="cartSlice.ts" path="/home/manvinderjit/repos/2023-TOP-Project-Shopping-Cart/src/features/cart/cartSlice.ts">
        <metrics statements="63" coveredstatements="56" conditionals="14" coveredconditionals="11" methods="5" coveredmethods="5"/>
        <line num="1" count="1" type="stmt"/>
        <line num="19" count="1" type="stmt"/>
        <line num="20" count="1" type="cond" truecount="0" falsecount="1"/>
        <line num="21" count="0" type="stmt"/>
        <line num="22" count="1" type="stmt"/>
        <line num="23" count="1" type="stmt"/>
        <line num="24" count="1" type="stmt"/>
        <line num="25" count="1" type="stmt"/>
        <line num="26" count="1" type="stmt"/>
        <line num="27" count="1" type="stmt"/>
        <line num="29" count="1" type="stmt"/>
        <line num="30" count="1" type="stmt"/>
        <line num="31" count="1" type="stmt"/>
        <line num="32" count="1" type="stmt"/>
        <line num="33" count="1" type="cond" truecount="1" falsecount="0"/>
        <line num="35" count="3" type="stmt"/>
        <line num="36" count="3" type="cond" truecount="1" falsecount="0"/>
        <line num="37" count="3" type="stmt"/>
        <line num="38" count="3" type="cond" truecount="1" falsecount="0"/>
        <line num="40" count="2" type="stmt"/>
        <line num="41" count="2" type="stmt"/>
        <line num="42" count="2" type="cond" truecount="0" falsecount="1"/>
        <line num="43" count="0" type="stmt"/>
        <line num="44" count="0" type="stmt"/>
        <line num="45" count="0" type="stmt"/>
        <line num="46" count="0" type="stmt"/>
        <line num="48" count="3" type="cond" truecount="1" falsecount="0"/>
        <line num="49" count="1" type="stmt"/>
        <line num="50" count="1" type="stmt"/>
        <line num="51" count="3" type="stmt"/>
        <line num="52" count="3" type="stmt"/>
        <line num="53" count="3" type="stmt"/>
        <line num="54" count="1" type="cond" truecount="1" falsecount="0"/>
        <line num="55" count="2" type="cond" truecount="1" falsecount="0"/>
        <line num="56" count="2" type="stmt"/>
        <line num="57" count="2" type="stmt"/>
        <line num="58" count="1" type="cond" truecount="1" falsecount="0"/>
        <line num="60" count="1" type="stmt"/>
        <line num="61" count="1" type="cond" truecount="1" falsecount="0"/>
        <line num="62" count="1" type="stmt"/>
        <line num="63" count="1" type="cond" truecount="0" falsecount="1"/>
        <line num="64" count="0" type="stmt"/>
        <line num="65" count="0" type="stmt"/>
        <line num="66" count="1" type="stmt"/>
        <line num="67" count="1" type="stmt"/>
        <line num="68" count="1" type="cond" truecount="1" falsecount="0"/>
        <line num="69" count="18" type="stmt"/>
        <line num="70" count="18" type="stmt"/>
        <line num="71" count="18" type="stmt"/>
        <line num="72" count="18" type="stmt"/>
        <line num="73" count="18" type="stmt"/>
        <line num="74" count="1" type="cond" truecount="1" falsecount="0"/>
        <line num="75" count="204" type="stmt"/>
        <line num="76" count="204" type="stmt"/>
        <line num="77" count="204" type="cond" truecount="1" falsecount="0"/>
        <line num="78" count="99" type="stmt"/>
        <line num="79" count="99" type="stmt"/>
        <line num="80" count="204" type="stmt"/>
        <line num="81" count="204" type="stmt"/>
        <line num="83" count="1" type="stmt"/>
        <line num="84" count="1" type="stmt"/>
        <line num="86" count="1" type="stmt"/>
        <line num="88" count="1" type="stmt"/>
      </file>
    </package>
    <package name="src.features.toast">
      <metrics statements="24" coveredstatements="24" conditionals="5" coveredconditionals="4" methods="3" coveredmethods="3"/>
      <file name="toastSlice.ts" path="/home/manvinderjit/repos/2023-TOP-Project-Shopping-Cart/src/features/toast/toastSlice.ts">
        <metrics statements="24" coveredstatements="24" conditionals="5" coveredconditionals="4" methods="3" coveredmethods="3"/>
        <line num="1" count="1" type="stmt"/>
        <line num="13" count="1" type="stmt"/>
        <line num="14" count="1" type="stmt"/>
        <line num="15" count="1" type="stmt"/>
        <line num="17" count="1" type="stmt"/>
        <line num="18" count="1" type="stmt"/>
        <line num="19" count="1" type="stmt"/>
        <line num="20" count="1" type="stmt"/>
        <line num="21" count="1" type="cond" truecount="1" falsecount="0"/>
        <line num="23" count="6" type="cond" truecount="0" falsecount="1"/>
        <line num="24" count="6" type="stmt"/>
        <line num="25" count="6" type="stmt"/>
        <line num="26" count="6" type="stmt"/>
        <line num="27" count="6" type="stmt"/>
        <line num="28" count="6" type="stmt"/>
        <line num="29" count="6" type="stmt"/>
        <line num="30" count="1" type="cond" truecount="1" falsecount="0"/>
        <line num="31" count="4" type="cond" truecount="1" falsecount="0"/>
        <line num="32" count="4" type="stmt"/>
        <line num="33" count="1" type="stmt"/>
        <line num="34" count="1" type="stmt"/>
        <line num="36" count="1" type="cond" truecount="1" falsecount="0"/>
        <line num="38" count="1" type="stmt"/>
        <line num="40" count="1" type="stmt"/>
      </file>
    </package>
  </project>
</coverage>
