{"/home/manvinderjit/repos/2023-TOP-Project-Shopping-Cart/src/App.tsx": {"path":"/home/manvinderjit/repos/2023-TOP-Project-Shopping-Cart/src/App.tsx","all":false,"statementMap":{"0":{"start":{"line":1,"column":0},"end":{"line":1,"column":48}},"1":{"start":{"line":2,"column":0},"end":{"line":2,"column":48}},"2":{"start":{"line":3,"column":0},"end":{"line":3,"column":42}},"3":{"start":{"line":4,"column":0},"end":{"line":4,"column":39}},"4":{"start":{"line":5,"column":0},"end":{"line":5,"column":42}},"5":{"start":{"line":6,"column":0},"end":{"line":6,"column":63}},"7":{"start":{"line":8,"column":0},"end":{"line":8,"column":37}},"8":{"start":{"line":9,"column":0},"end":{"line":9,"column":33}},"9":{"start":{"line":10,"column":0},"end":{"line":10,"column":33}},"11":{"start":{"line":12,"column":0},"end":{"line":12,"column":38}},"12":{"start":{"line":13,"column":0},"end":{"line":13,"column":6}},"13":{"start":{"line":14,"column":0},"end":{"line":14,"column":15}},"14":{"start":{"line":15,"column":0},"end":{"line":15,"column":22}},"15":{"start":{"line":16,"column":0},"end":{"line":16,"column":28}},"16":{"start":{"line":17,"column":0},"end":{"line":17,"column":16}},"17":{"start":{"line":18,"column":0},"end":{"line":18,"column":7}},"20":{"start":{"line":21,"column":0},"end":{"line":21,"column":17}},"21":{"start":{"line":22,"column":0},"end":{"line":22,"column":1}},"23":{"start":{"line":24,"column":0},"end":{"line":24,"column":19}}},"s":{"0":1,"1":1,"2":1,"3":1,"4":1,"5":1,"7":1,"8":102,"9":102,"11":102,"12":102,"13":102,"14":102,"15":102,"16":102,"17":102,"20":102,"21":102,"23":1},"branchMap":{"0":{"type":"branch","line":8,"loc":{"start":{"line":8,"column":12},"end":{"line":22,"column":1}},"locations":[{"start":{"line":8,"column":12},"end":{"line":22,"column":1}}]}},"b":{"0":[102]},"fnMap":{"0":{"name":"App","decl":{"start":{"line":8,"column":12},"end":{"line":22,"column":1}},"loc":{"start":{"line":8,"column":12},"end":{"line":22,"column":1}},"line":8}},"f":{"0":102}}
,"/home/manvinderjit/repos/2023-TOP-Project-Shopping-Cart/src/application/reduxHooks.ts": {"path":"/home/manvinderjit/repos/2023-TOP-Project-Shopping-Cart/src/application/reduxHooks.ts","all":false,"statementMap":{"0":{"start":{"line":1,"column":0},"end":{"line":1,"column":65}},"4":{"start":{"line":5,"column":0},"end":{"line":5,"column":67}},"5":{"start":{"line":6,"column":0},"end":{"line":6,"column":65}}},"s":{"0":1,"4":1,"5":1},"branchMap":{},"b":{},"fnMap":{},"f":{}}
,"/home/manvinderjit/repos/2023-TOP-Project-Shopping-Cart/src/application/store.ts": {"path":"/home/manvinderjit/repos/2023-TOP-Project-Shopping-Cart/src/application/store.ts","all":false,"statementMap":{"0":{"start":{"line":1,"column":0},"end":{"line":1,"column":51}},"1":{"start":{"line":2,"column":0},"end":{"line":2,"column":52}},"2":{"start":{"line":3,"column":0},"end":{"line":3,"column":53}},"3":{"start":{"line":4,"column":0},"end":{"line":4,"column":56}},"4":{"start":{"line":5,"column":0},"end":{"line":5,"column":53}},"6":{"start":{"line":7,"column":0},"end":{"line":7,"column":37}},"7":{"start":{"line":8,"column":0},"end":{"line":8,"column":12}},"8":{"start":{"line":9,"column":0},"end":{"line":9,"column":22}},"9":{"start":{"line":10,"column":0},"end":{"line":10,"column":24}},"10":{"start":{"line":11,"column":0},"end":{"line":11,"column":22}},"11":{"start":{"line":12,"column":0},"end":{"line":12,"column":45}},"12":{"start":{"line":13,"column":0},"end":{"line":13,"column":4}},"13":{"start":{"line":14,"column":0},"end":{"line":14,"column":39}},"14":{"start":{"line":15,"column":0},"end":{"line":15,"column":55}},"15":{"start":{"line":16,"column":0},"end":{"line":16,"column":3}}},"s":{"0":1,"1":1,"2":1,"3":1,"4":1,"6":1,"7":1,"8":1,"9":1,"10":1,"11":1,"12":1,"13":1,"14":9,"15":1},"branchMap":{"0":{"type":"branch","line":14,"loc":{"start":{"line":14,"column":14},"end":{"line":15,"column":55}},"locations":[{"start":{"line":14,"column":14},"end":{"line":15,"column":55}}]}},"b":{"0":[9]},"fnMap":{"0":{"name":"middleware","decl":{"start":{"line":14,"column":14},"end":{"line":15,"column":55}},"loc":{"start":{"line":14,"column":14},"end":{"line":15,"column":55}},"line":14}},"f":{"0":9}}
,"/home/manvinderjit/repos/2023-TOP-Project-Shopping-Cart/src/components/Cart.tsx": {"path":"/home/manvinderjit/repos/2023-TOP-Project-Shopping-Cart/src/components/Cart.tsx","all":false,"statementMap":{"0":{"start":{"line":1,"column":0},"end":{"line":1,"column":55}},"1":{"start":{"line":2,"column":0},"end":{"line":2,"column":115}},"2":{"start":{"line":3,"column":0},"end":{"line":3,"column":53}},"3":{"start":{"line":4,"column":0},"end":{"line":4,"column":79}},"4":{"start":{"line":5,"column":0},"end":{"line":5,"column":42}},"5":{"start":{"line":6,"column":0},"end":{"line":6,"column":59}},"6":{"start":{"line":7,"column":0},"end":{"line":7,"column":61}},"23":{"start":{"line":24,"column":0},"end":{"line":24,"column":49}},"25":{"start":{"line":26,"column":0},"end":{"line":26,"column":38}},"26":{"start":{"line":27,"column":0},"end":{"line":27,"column":76}},"27":{"start":{"line":28,"column":0},"end":{"line":28,"column":66}},"28":{"start":{"line":29,"column":0},"end":{"line":29,"column":33}},"29":{"start":{"line":30,"column":0},"end":{"line":30,"column":48}},"30":{"start":{"line":31,"column":0},"end":{"line":31,"column":33}},"31":{"start":{"line":32,"column":0},"end":{"line":32,"column":35}},"33":{"start":{"line":34,"column":0},"end":{"line":34,"column":28}},"34":{"start":{"line":35,"column":0},"end":{"line":35,"column":26}},"35":{"start":{"line":36,"column":0},"end":{"line":36,"column":3}},"37":{"start":{"line":38,"column":0},"end":{"line":38,"column":32}},"39":{"start":{"line":40,"column":0},"end":{"line":40,"column":30}},"40":{"start":{"line":41,"column":0},"end":{"line":41,"column":31}},"41":{"start":{"line":42,"column":0},"end":{"line":42,"column":15}},"42":{"start":{"line":43,"column":0},"end":{"line":43,"column":23}},"43":{"start":{"line":44,"column":0},"end":{"line":44,"column":18}},"44":{"start":{"line":45,"column":0},"end":{"line":45,"column":62}},"45":{"start":{"line":46,"column":0},"end":{"line":46,"column":31}},"46":{"start":{"line":47,"column":0},"end":{"line":47,"column":10}},"47":{"start":{"line":48,"column":0},"end":{"line":48,"column":8}},"48":{"start":{"line":49,"column":0},"end":{"line":49,"column":24}},"49":{"start":{"line":50,"column":0},"end":{"line":50,"column":26}},"50":{"start":{"line":51,"column":0},"end":{"line":51,"column":14}},"52":{"start":{"line":53,"column":0},"end":{"line":53,"column":24}},"53":{"start":{"line":54,"column":0},"end":{"line":54,"column":44}},"54":{"start":{"line":55,"column":0},"end":{"line":55,"column":15}},"55":{"start":{"line":56,"column":0},"end":{"line":56,"column":5}},"57":{"start":{"line":58,"column":0},"end":{"line":58,"column":34}},"58":{"start":{"line":59,"column":0},"end":{"line":59,"column":31}},"59":{"start":{"line":60,"column":0},"end":{"line":60,"column":119}},"61":{"start":{"line":62,"column":0},"end":{"line":62,"column":24}},"62":{"start":{"line":63,"column":0},"end":{"line":63,"column":27}},"63":{"start":{"line":64,"column":0},"end":{"line":64,"column":14}},"65":{"start":{"line":66,"column":0},"end":{"line":66,"column":24}},"66":{"start":{"line":67,"column":0},"end":{"line":67,"column":44}},"67":{"start":{"line":68,"column":0},"end":{"line":68,"column":14}},"68":{"start":{"line":69,"column":0},"end":{"line":69,"column":12}},"69":{"start":{"line":70,"column":0},"end":{"line":70,"column":28}},"70":{"start":{"line":71,"column":0},"end":{"line":71,"column":5}},"71":{"start":{"line":72,"column":0},"end":{"line":72,"column":3}},"73":{"start":{"line":74,"column":0},"end":{"line":74,"column":42}},"74":{"start":{"line":75,"column":0},"end":{"line":75,"column":33}},"75":{"start":{"line":76,"column":0},"end":{"line":76,"column":31}},"76":{"start":{"line":77,"column":0},"end":{"line":77,"column":31}},"77":{"start":{"line":78,"column":0},"end":{"line":78,"column":28}},"78":{"start":{"line":79,"column":0},"end":{"line":79,"column":4}},"79":{"start":{"line":80,"column":0},"end":{"line":80,"column":27}},"80":{"start":{"line":81,"column":0},"end":{"line":81,"column":33}},"81":{"start":{"line":82,"column":0},"end":{"line":82,"column":31}},"82":{"start":{"line":83,"column":0},"end":{"line":83,"column":31}},"83":{"start":{"line":84,"column":0},"end":{"line":84,"column":46}},"84":{"start":{"line":85,"column":0},"end":{"line":85,"column":5}},"86":{"start":{"line":87,"column":0},"end":{"line":87,"column":33}},"87":{"start":{"line":88,"column":0},"end":{"line":88,"column":33}},"88":{"start":{"line":89,"column":0},"end":{"line":89,"column":31}},"89":{"start":{"line":90,"column":0},"end":{"line":90,"column":31}},"90":{"start":{"line":91,"column":0},"end":{"line":91,"column":43}},"91":{"start":{"line":92,"column":0},"end":{"line":92,"column":5}},"93":{"start":{"line":94,"column":0},"end":{"line":94,"column":38}},"94":{"start":{"line":95,"column":0},"end":{"line":95,"column":12}},"95":{"start":{"line":96,"column":0},"end":{"line":96,"column":23}},"96":{"start":{"line":97,"column":0},"end":{"line":97,"column":24}},"97":{"start":{"line":98,"column":0},"end":{"line":98,"column":80}},"99":{"start":{"line":100,"column":0},"end":{"line":100,"column":31}},"100":{"start":{"line":101,"column":0},"end":{"line":101,"column":120}},"101":{"start":{"line":102,"column":0},"end":{"line":102,"column":96}},"102":{"start":{"line":103,"column":0},"end":{"line":103,"column":71}},"103":{"start":{"line":104,"column":0},"end":{"line":104,"column":30}},"104":{"start":{"line":105,"column":0},"end":{"line":105,"column":50}},"105":{"start":{"line":106,"column":0},"end":{"line":106,"column":42}},"106":{"start":{"line":107,"column":0},"end":{"line":107,"column":26}},"107":{"start":{"line":108,"column":0},"end":{"line":108,"column":23}},"108":{"start":{"line":109,"column":0},"end":{"line":109,"column":35}},"109":{"start":{"line":110,"column":0},"end":{"line":110,"column":162}},"111":{"start":{"line":112,"column":0},"end":{"line":112,"column":81}},"112":{"start":{"line":113,"column":0},"end":{"line":113,"column":28}},"113":{"start":{"line":114,"column":0},"end":{"line":114,"column":80}},"114":{"start":{"line":115,"column":0},"end":{"line":115,"column":55}},"115":{"start":{"line":116,"column":0},"end":{"line":116,"column":48}},"116":{"start":{"line":117,"column":0},"end":{"line":117,"column":26}},"117":{"start":{"line":118,"column":0},"end":{"line":118,"column":28}},"118":{"start":{"line":119,"column":0},"end":{"line":119,"column":125}},"119":{"start":{"line":120,"column":0},"end":{"line":120,"column":78}},"120":{"start":{"line":121,"column":0},"end":{"line":121,"column":44}},"121":{"start":{"line":122,"column":0},"end":{"line":122,"column":28}},"122":{"start":{"line":123,"column":0},"end":{"line":123,"column":86}},"123":{"start":{"line":124,"column":0},"end":{"line":124,"column":100}},"124":{"start":{"line":125,"column":0},"end":{"line":125,"column":32}},"125":{"start":{"line":126,"column":0},"end":{"line":126,"column":51}},"126":{"start":{"line":127,"column":0},"end":{"line":127,"column":61}},"127":{"start":{"line":128,"column":0},"end":{"line":128,"column":27}},"129":{"start":{"line":130,"column":0},"end":{"line":130,"column":34}},"130":{"start":{"line":131,"column":0},"end":{"line":131,"column":33}},"131":{"start":{"line":132,"column":0},"end":{"line":132,"column":48}},"132":{"start":{"line":133,"column":0},"end":{"line":133,"column":46}},"133":{"start":{"line":134,"column":0},"end":{"line":134,"column":71}},"134":{"start":{"line":135,"column":0},"end":{"line":135,"column":106}},"135":{"start":{"line":136,"column":0},"end":{"line":136,"column":53}},"136":{"start":{"line":137,"column":0},"end":{"line":137,"column":46}},"137":{"start":{"line":138,"column":0},"end":{"line":138,"column":39}},"138":{"start":{"line":139,"column":0},"end":{"line":139,"column":52}},"139":{"start":{"line":140,"column":0},"end":{"line":140,"column":46}},"140":{"start":{"line":141,"column":0},"end":{"line":141,"column":66}},"141":{"start":{"line":142,"column":0},"end":{"line":142,"column":34}},"142":{"start":{"line":143,"column":0},"end":{"line":143,"column":32}},"143":{"start":{"line":144,"column":0},"end":{"line":144,"column":55}},"144":{"start":{"line":145,"column":0},"end":{"line":145,"column":39}},"145":{"start":{"line":146,"column":0},"end":{"line":146,"column":47}},"146":{"start":{"line":147,"column":0},"end":{"line":147,"column":51}},"147":{"start":{"line":148,"column":0},"end":{"line":148,"column":110}},"148":{"start":{"line":149,"column":0},"end":{"line":149,"column":55}},"149":{"start":{"line":150,"column":0},"end":{"line":150,"column":34}},"150":{"start":{"line":151,"column":0},"end":{"line":151,"column":32}},"151":{"start":{"line":152,"column":0},"end":{"line":152,"column":48}},"152":{"start":{"line":153,"column":0},"end":{"line":153,"column":68}},"153":{"start":{"line":154,"column":0},"end":{"line":154,"column":39}},"154":{"start":{"line":155,"column":0},"end":{"line":155,"column":30}},"156":{"start":{"line":157,"column":0},"end":{"line":157,"column":73}},"158":{"start":{"line":159,"column":0},"end":{"line":159,"column":37}},"159":{"start":{"line":160,"column":0},"end":{"line":160,"column":73}},"161":{"start":{"line":162,"column":0},"end":{"line":162,"column":37}},"162":{"start":{"line":163,"column":0},"end":{"line":163,"column":73}},"164":{"start":{"line":165,"column":0},"end":{"line":165,"column":37}},"165":{"start":{"line":166,"column":0},"end":{"line":166,"column":73}},"167":{"start":{"line":168,"column":0},"end":{"line":168,"column":37}},"168":{"start":{"line":169,"column":0},"end":{"line":169,"column":73}},"170":{"start":{"line":171,"column":0},"end":{"line":171,"column":37}},"171":{"start":{"line":172,"column":0},"end":{"line":172,"column":35}},"172":{"start":{"line":173,"column":0},"end":{"line":173,"column":30}},"173":{"start":{"line":174,"column":0},"end":{"line":174,"column":100}},"174":{"start":{"line":175,"column":0},"end":{"line":175,"column":32}},"175":{"start":{"line":176,"column":0},"end":{"line":176,"column":48}},"176":{"start":{"line":177,"column":0},"end":{"line":177,"column":61}},"177":{"start":{"line":178,"column":0},"end":{"line":178,"column":27}},"179":{"start":{"line":180,"column":0},"end":{"line":180,"column":34}},"180":{"start":{"line":181,"column":0},"end":{"line":181,"column":33}},"181":{"start":{"line":182,"column":0},"end":{"line":182,"column":67}},"182":{"start":{"line":183,"column":0},"end":{"line":183,"column":42}},"183":{"start":{"line":184,"column":0},"end":{"line":184,"column":67}},"185":{"start":{"line":186,"column":0},"end":{"line":186,"column":95}},"187":{"start":{"line":188,"column":0},"end":{"line":188,"column":32}},"188":{"start":{"line":189,"column":0},"end":{"line":189,"column":64}},"189":{"start":{"line":190,"column":0},"end":{"line":190,"column":49}},"190":{"start":{"line":191,"column":0},"end":{"line":191,"column":49}},"191":{"start":{"line":192,"column":0},"end":{"line":192,"column":61}},"193":{"start":{"line":194,"column":0},"end":{"line":194,"column":35}},"194":{"start":{"line":195,"column":0},"end":{"line":195,"column":50}},"195":{"start":{"line":196,"column":0},"end":{"line":196,"column":233}},"196":{"start":{"line":197,"column":0},"end":{"line":197,"column":50}},"197":{"start":{"line":198,"column":0},"end":{"line":198,"column":32}},"198":{"start":{"line":199,"column":0},"end":{"line":199,"column":34}},"199":{"start":{"line":200,"column":0},"end":{"line":200,"column":35}},"200":{"start":{"line":201,"column":0},"end":{"line":201,"column":30}},"201":{"start":{"line":202,"column":0},"end":{"line":202,"column":28}},"202":{"start":{"line":203,"column":0},"end":{"line":203,"column":25}},"204":{"start":{"line":205,"column":0},"end":{"line":205,"column":19}},"205":{"start":{"line":206,"column":0},"end":{"line":206,"column":19}},"206":{"start":{"line":207,"column":0},"end":{"line":207,"column":18}},"207":{"start":{"line":208,"column":0},"end":{"line":208,"column":16}},"208":{"start":{"line":209,"column":0},"end":{"line":209,"column":132}},"209":{"start":{"line":210,"column":0},"end":{"line":210,"column":66}},"211":{"start":{"line":212,"column":0},"end":{"line":212,"column":17}},"212":{"start":{"line":213,"column":0},"end":{"line":213,"column":54}},"213":{"start":{"line":214,"column":0},"end":{"line":214,"column":90}},"214":{"start":{"line":215,"column":0},"end":{"line":215,"column":33}},"215":{"start":{"line":216,"column":0},"end":{"line":216,"column":34}},"216":{"start":{"line":217,"column":0},"end":{"line":217,"column":20}},"217":{"start":{"line":218,"column":0},"end":{"line":218,"column":90}},"218":{"start":{"line":219,"column":0},"end":{"line":219,"column":42}},"219":{"start":{"line":220,"column":0},"end":{"line":220,"column":26}},"220":{"start":{"line":221,"column":0},"end":{"line":221,"column":20}},"221":{"start":{"line":222,"column":0},"end":{"line":222,"column":90}},"222":{"start":{"line":223,"column":0},"end":{"line":223,"column":37}},"223":{"start":{"line":224,"column":0},"end":{"line":224,"column":31}},"224":{"start":{"line":225,"column":0},"end":{"line":225,"column":20}},"225":{"start":{"line":226,"column":0},"end":{"line":226,"column":83}},"226":{"start":{"line":227,"column":0},"end":{"line":227,"column":36}},"227":{"start":{"line":228,"column":0},"end":{"line":228,"column":37}},"228":{"start":{"line":229,"column":0},"end":{"line":229,"column":20}},"229":{"start":{"line":230,"column":0},"end":{"line":230,"column":18}},"230":{"start":{"line":231,"column":0},"end":{"line":231,"column":82}},"231":{"start":{"line":232,"column":0},"end":{"line":232,"column":21}},"232":{"start":{"line":233,"column":0},"end":{"line":233,"column":40}},"233":{"start":{"line":234,"column":0},"end":{"line":234,"column":82}},"234":{"start":{"line":235,"column":0},"end":{"line":235,"column":15}},"236":{"start":{"line":237,"column":0},"end":{"line":237,"column":23}},"237":{"start":{"line":238,"column":0},"end":{"line":238,"column":18}},"238":{"start":{"line":239,"column":0},"end":{"line":239,"column":110}},"239":{"start":{"line":240,"column":0},"end":{"line":240,"column":21}},"240":{"start":{"line":241,"column":0},"end":{"line":241,"column":36}},"241":{"start":{"line":242,"column":0},"end":{"line":242,"column":105}},"242":{"start":{"line":243,"column":0},"end":{"line":243,"column":15}},"244":{"start":{"line":245,"column":0},"end":{"line":245,"column":23}},"245":{"start":{"line":246,"column":0},"end":{"line":246,"column":19}},"246":{"start":{"line":247,"column":0},"end":{"line":247,"column":24}},"247":{"start":{"line":248,"column":0},"end":{"line":248,"column":150}},"248":{"start":{"line":249,"column":0},"end":{"line":249,"column":15}},"250":{"start":{"line":251,"column":0},"end":{"line":251,"column":21}},"251":{"start":{"line":252,"column":0},"end":{"line":252,"column":18}},"252":{"start":{"line":253,"column":0},"end":{"line":253,"column":16}},"253":{"start":{"line":254,"column":0},"end":{"line":254,"column":14}},"255":{"start":{"line":256,"column":0},"end":{"line":256,"column":87}},"256":{"start":{"line":257,"column":0},"end":{"line":257,"column":15}},"257":{"start":{"line":258,"column":0},"end":{"line":258,"column":16}},"258":{"start":{"line":259,"column":0},"end":{"line":259,"column":48}},"259":{"start":{"line":260,"column":0},"end":{"line":260,"column":33}},"260":{"start":{"line":261,"column":0},"end":{"line":261,"column":28}},"261":{"start":{"line":262,"column":0},"end":{"line":262,"column":33}},"262":{"start":{"line":263,"column":0},"end":{"line":263,"column":38}},"264":{"start":{"line":265,"column":0},"end":{"line":265,"column":456}},"265":{"start":{"line":266,"column":0},"end":{"line":266,"column":18}},"266":{"start":{"line":267,"column":0},"end":{"line":267,"column":16}},"267":{"start":{"line":268,"column":0},"end":{"line":268,"column":45}},"268":{"start":{"line":269,"column":0},"end":{"line":269,"column":15}},"269":{"start":{"line":270,"column":0},"end":{"line":270,"column":18}},"270":{"start":{"line":271,"column":0},"end":{"line":271,"column":182}},"271":{"start":{"line":272,"column":0},"end":{"line":272,"column":11}},"273":{"start":{"line":274,"column":0},"end":{"line":274,"column":17}},"274":{"start":{"line":275,"column":0},"end":{"line":275,"column":14}},"276":{"start":{"line":277,"column":0},"end":{"line":277,"column":14}},"279":{"start":{"line":280,"column":0},"end":{"line":280,"column":17}},"280":{"start":{"line":281,"column":0},"end":{"line":281,"column":1}},"282":{"start":{"line":283,"column":0},"end":{"line":283,"column":20}}},"s":{"0":1,"1":1,"2":1,"3":1,"4":1,"5":1,"6":1,"23":1,"25":1,"26":93,"27":93,"28":93,"29":93,"30":93,"31":93,"33":93,"34":18,"35":18,"37":93,"39":0,"40":0,"41":0,"42":0,"43":0,"44":0,"45":0,"46":0,"47":0,"48":0,"49":0,"50":0,"52":0,"53":0,"54":0,"55":0,"57":0,"58":0,"59":0,"61":0,"62":0,"63":0,"65":0,"66":0,"67":0,"68":0,"69":0,"70":0,"71":0,"73":93,"74":93,"75":93,"76":93,"77":93,"78":93,"79":93,"80":93,"81":93,"82":93,"83":93,"84":93,"86":93,"87":93,"88":93,"89":93,"90":93,"91":93,"93":93,"94":93,"95":93,"96":93,"97":93,"99":93,"100":47,"101":47,"102":47,"103":47,"104":47,"105":47,"106":48,"107":48,"108":48,"109":48,"111":48,"112":48,"113":48,"114":48,"115":48,"116":48,"117":48,"118":48,"119":48,"120":48,"121":48,"122":48,"123":48,"124":48,"125":48,"126":48,"127":48,"129":48,"130":48,"131":48,"132":48,"133":48,"134":48,"135":48,"136":48,"137":1,"138":1,"139":1,"140":1,"141":1,"142":1,"143":1,"144":1,"145":1,"146":1,"147":1,"148":1,"149":1,"150":1,"151":1,"152":0,"153":1,"154":1,"156":48,"158":48,"159":48,"161":48,"162":48,"164":48,"165":48,"167":48,"168":48,"170":48,"171":48,"172":48,"173":48,"174":48,"175":48,"176":48,"177":48,"179":48,"180":48,"181":48,"182":48,"183":2,"185":48,"187":48,"188":48,"189":48,"190":48,"191":48,"193":48,"194":48,"195":48,"196":48,"197":48,"198":48,"199":48,"200":48,"201":48,"202":48,"204":47,"205":47,"206":47,"207":47,"208":47,"209":47,"211":47,"212":47,"213":47,"214":47,"215":47,"216":47,"217":47,"218":47,"219":47,"220":47,"221":47,"222":47,"223":47,"224":47,"225":47,"226":47,"227":47,"228":47,"229":47,"230":47,"231":47,"232":47,"233":47,"234":47,"236":47,"237":47,"238":47,"239":47,"240":47,"241":47,"242":47,"244":47,"245":47,"246":47,"247":47,"248":47,"250":47,"251":47,"252":47,"253":47,"255":45,"256":45,"257":45,"258":45,"259":45,"260":45,"261":45,"262":45,"264":45,"265":45,"266":45,"267":45,"268":45,"269":45,"270":45,"271":45,"273":45,"274":45,"276":93,"279":93,"280":93,"282":1},"branchMap":{"0":{"type":"branch","line":26,"loc":{"start":{"line":26,"column":13},"end":{"line":281,"column":1}},"locations":[{"start":{"line":26,"column":13},"end":{"line":281,"column":1}}]},"1":{"type":"branch","line":100,"loc":{"start":{"line":100,"column":26},"end":{"line":254,"column":14}},"locations":[{"start":{"line":100,"column":26},"end":{"line":254,"column":14}}]},"2":{"type":"branch","line":254,"loc":{"start":{"line":254,"column":8},"end":{"line":275,"column":14}},"locations":[{"start":{"line":254,"column":8},"end":{"line":275,"column":14}}]},"3":{"type":"branch","line":27,"loc":{"start":{"line":27,"column":32},"end":{"line":27,"column":74}},"locations":[{"start":{"line":27,"column":32},"end":{"line":27,"column":74}}]},"4":{"type":"branch","line":28,"loc":{"start":{"line":28,"column":31},"end":{"line":28,"column":64}},"locations":[{"start":{"line":28,"column":31},"end":{"line":28,"column":64}}]},"5":{"type":"branch","line":34,"loc":{"start":{"line":34,"column":21},"end":{"line":36,"column":3}},"locations":[{"start":{"line":34,"column":21},"end":{"line":36,"column":3}}]},"6":{"type":"branch","line":106,"loc":{"start":{"line":106,"column":31},"end":{"line":205,"column":17}},"locations":[{"start":{"line":106,"column":31},"end":{"line":205,"column":17}}]},"7":{"type":"branch","line":137,"loc":{"start":{"line":137,"column":38},"end":{"line":155,"column":30}},"locations":[{"start":{"line":137,"column":38},"end":{"line":155,"column":30}}]},"8":{"type":"branch","line":183,"loc":{"start":{"line":183,"column":37},"end":{"line":184,"column":67}},"locations":[{"start":{"line":183,"column":37},"end":{"line":184,"column":67}}]}},"b":{"0":[93],"1":[47],"2":[45],"3":[215],"4":[214],"5":[18],"6":[48],"7":[1],"8":[2]},"fnMap":{"0":{"name":"Cart","decl":{"start":{"line":26,"column":13},"end":{"line":281,"column":1}},"loc":{"start":{"line":26,"column":13},"end":{"line":281,"column":1}},"line":26},"1":{"name":"_emptyCart","decl":{"start":{"line":34,"column":21},"end":{"line":36,"column":3}},"loc":{"start":{"line":34,"column":21},"end":{"line":36,"column":3}},"line":34},"2":{"name":"handleCheckout","decl":{"start":{"line":38,"column":25},"end":{"line":72,"column":3}},"loc":{"start":{"line":38,"column":25},"end":{"line":72,"column":3}},"line":38},"3":{"name":"onChange","decl":{"start":{"line":137,"column":38},"end":{"line":155,"column":30}},"loc":{"start":{"line":137,"column":38},"end":{"line":155,"column":30}},"line":137},"4":{"name":"onClick","decl":{"start":{"line":183,"column":37},"end":{"line":184,"column":67}},"loc":{"start":{"line":183,"column":37},"end":{"line":184,"column":67}},"line":183}},"f":{"0":93,"1":18,"2":0,"3":1,"4":2}}
,"/home/manvinderjit/repos/2023-TOP-Project-Shopping-Cart/src/components/Checkout.tsx": {"path":"/home/manvinderjit/repos/2023-TOP-Project-Shopping-Cart/src/components/Checkout.tsx","all":false,"statementMap":{"0":{"start":{"line":1,"column":0},"end":{"line":1,"column":34}},"1":{"start":{"line":2,"column":0},"end":{"line":2,"column":53}},"2":{"start":{"line":3,"column":0},"end":{"line":3,"column":59}},"3":{"start":{"line":4,"column":0},"end":{"line":4,"column":61}},"6":{"start":{"line":7,"column":0},"end":{"line":7,"column":24}},"7":{"start":{"line":8,"column":0},"end":{"line":8,"column":35}},"8":{"start":{"line":9,"column":0},"end":{"line":9,"column":50}},"10":{"start":{"line":11,"column":0},"end":{"line":11,"column":21}},"11":{"start":{"line":12,"column":0},"end":{"line":12,"column":55}},"12":{"start":{"line":13,"column":0},"end":{"line":13,"column":26}},"14":{"start":{"line":15,"column":0},"end":{"line":15,"column":21}},"15":{"start":{"line":16,"column":0},"end":{"line":16,"column":85}},"16":{"start":{"line":17,"column":0},"end":{"line":17,"column":25}},"17":{"start":{"line":18,"column":0},"end":{"line":18,"column":45}},"18":{"start":{"line":19,"column":0},"end":{"line":19,"column":44}},"19":{"start":{"line":20,"column":0},"end":{"line":20,"column":85}},"21":{"start":{"line":22,"column":0},"end":{"line":22,"column":19}},"22":{"start":{"line":23,"column":0},"end":{"line":23,"column":15}},"23":{"start":{"line":24,"column":0},"end":{"line":24,"column":24}},"24":{"start":{"line":25,"column":0},"end":{"line":25,"column":135}},"25":{"start":{"line":26,"column":0},"end":{"line":26,"column":11}},"27":{"start":{"line":28,"column":0},"end":{"line":28,"column":17}},"28":{"start":{"line":29,"column":0},"end":{"line":29,"column":15}},"29":{"start":{"line":30,"column":0},"end":{"line":30,"column":20}},"30":{"start":{"line":31,"column":0},"end":{"line":31,"column":135}},"31":{"start":{"line":32,"column":0},"end":{"line":32,"column":11}},"33":{"start":{"line":34,"column":0},"end":{"line":34,"column":17}},"34":{"start":{"line":35,"column":0},"end":{"line":35,"column":14}},"35":{"start":{"line":36,"column":0},"end":{"line":36,"column":12}},"38":{"start":{"line":39,"column":0},"end":{"line":39,"column":19}},"39":{"start":{"line":40,"column":0},"end":{"line":40,"column":1}},"41":{"start":{"line":42,"column":0},"end":{"line":42,"column":24}}},"s":{"0":1,"1":1,"2":1,"3":1,"6":1,"7":0,"8":0,"10":0,"11":0,"12":0,"14":0,"15":0,"16":0,"17":0,"18":0,"19":0,"21":0,"22":0,"23":0,"24":0,"25":0,"27":0,"28":0,"29":0,"30":0,"31":0,"33":0,"34":0,"35":0,"38":0,"39":0,"41":1},"branchMap":{},"b":{},"fnMap":{"0":{"name":"Checkout","decl":{"start":{"line":7,"column":17},"end":{"line":40,"column":1}},"loc":{"start":{"line":7,"column":17},"end":{"line":40,"column":1}},"line":7}},"f":{"0":0}}
,"/home/manvinderjit/repos/2023-TOP-Project-Shopping-Cart/src/components/ErrorPage.tsx": {"path":"/home/manvinderjit/repos/2023-TOP-Project-Shopping-Cart/src/components/ErrorPage.tsx","all":false,"statementMap":{"0":{"start":{"line":1,"column":0},"end":{"line":1,"column":40}},"2":{"start":{"line":3,"column":0},"end":{"line":3,"column":25}},"4":{"start":{"line":5,"column":0},"end":{"line":5,"column":10}},"5":{"start":{"line":6,"column":0},"end":{"line":6,"column":93}},"6":{"start":{"line":7,"column":0},"end":{"line":7,"column":35}},"7":{"start":{"line":8,"column":0},"end":{"line":8,"column":69}},"8":{"start":{"line":9,"column":0},"end":{"line":9,"column":86}},"10":{"start":{"line":11,"column":0},"end":{"line":11,"column":13}},"11":{"start":{"line":12,"column":0},"end":{"line":12,"column":63}},"13":{"start":{"line":14,"column":0},"end":{"line":14,"column":12}},"14":{"start":{"line":15,"column":0},"end":{"line":15,"column":72}},"15":{"start":{"line":16,"column":0},"end":{"line":16,"column":15}},"16":{"start":{"line":17,"column":0},"end":{"line":17,"column":18}},"17":{"start":{"line":18,"column":0},"end":{"line":18,"column":251}},"18":{"start":{"line":19,"column":0},"end":{"line":19,"column":11}},"20":{"start":{"line":21,"column":0},"end":{"line":21,"column":17}},"21":{"start":{"line":22,"column":0},"end":{"line":22,"column":14}},"22":{"start":{"line":23,"column":0},"end":{"line":23,"column":12}},"23":{"start":{"line":24,"column":0},"end":{"line":24,"column":11}},"25":{"start":{"line":26,"column":0},"end":{"line":26,"column":1}},"27":{"start":{"line":28,"column":0},"end":{"line":28,"column":25}}},"s":{"0":1,"2":1,"4":3,"5":3,"6":3,"7":3,"8":3,"10":3,"11":3,"13":3,"14":3,"15":3,"16":3,"17":3,"18":3,"20":3,"21":3,"22":3,"23":3,"25":3,"27":1},"branchMap":{"0":{"type":"branch","line":3,"loc":{"start":{"line":3,"column":18},"end":{"line":26,"column":1}},"locations":[{"start":{"line":3,"column":18},"end":{"line":26,"column":1}}]}},"b":{"0":[3]},"fnMap":{"0":{"name":"ErrorPage","decl":{"start":{"line":3,"column":18},"end":{"line":26,"column":1}},"loc":{"start":{"line":3,"column":18},"end":{"line":26,"column":1}},"line":3}},"f":{"0":3}}
,"/home/manvinderjit/repos/2023-TOP-Project-Shopping-Cart/src/components/Home.tsx": {"path":"/home/manvinderjit/repos/2023-TOP-Project-Shopping-Cart/src/components/Home.tsx","all":false,"statementMap":{"0":{"start":{"line":1,"column":0},"end":{"line":1,"column":33}},"1":{"start":{"line":2,"column":0},"end":{"line":2,"column":43}},"3":{"start":{"line":4,"column":0},"end":{"line":4,"column":20}},"4":{"start":{"line":5,"column":0},"end":{"line":5,"column":10}},"5":{"start":{"line":6,"column":0},"end":{"line":6,"column":6}},"6":{"start":{"line":7,"column":0},"end":{"line":7,"column":14}},"7":{"start":{"line":8,"column":0},"end":{"line":8,"column":17}},"8":{"start":{"line":9,"column":0},"end":{"line":9,"column":7}},"10":{"start":{"line":11,"column":0},"end":{"line":11,"column":1}},"12":{"start":{"line":13,"column":0},"end":{"line":13,"column":20}}},"s":{"0":1,"1":1,"3":1,"4":6,"5":6,"6":6,"7":6,"8":6,"10":6,"12":1},"branchMap":{"0":{"type":"branch","line":4,"loc":{"start":{"line":4,"column":13},"end":{"line":11,"column":1}},"locations":[{"start":{"line":4,"column":13},"end":{"line":11,"column":1}}]}},"b":{"0":[6]},"fnMap":{"0":{"name":"Home","decl":{"start":{"line":4,"column":13},"end":{"line":11,"column":1}},"loc":{"start":{"line":4,"column":13},"end":{"line":11,"column":1}},"line":4}},"f":{"0":6}}
,"/home/manvinderjit/repos/2023-TOP-Project-Shopping-Cart/src/components/Login.tsx": {"path":"/home/manvinderjit/repos/2023-TOP-Project-Shopping-Cart/src/components/Login.tsx","all":false,"statementMap":{"0":{"start":{"line":1,"column":0},"end":{"line":1,"column":53}},"1":{"start":{"line":2,"column":0},"end":{"line":2,"column":64}},"2":{"start":{"line":3,"column":0},"end":{"line":3,"column":44}},"3":{"start":{"line":4,"column":0},"end":{"line":4,"column":59}},"4":{"start":{"line":5,"column":0},"end":{"line":5,"column":60}},"5":{"start":{"line":6,"column":0},"end":{"line":6,"column":79}},"6":{"start":{"line":7,"column":0},"end":{"line":7,"column":42}},"8":{"start":{"line":9,"column":0},"end":{"line":9,"column":25}},"9":{"start":{"line":10,"column":0},"end":{"line":10,"column":137}},"11":{"start":{"line":12,"column":0},"end":{"line":12,"column":39}},"13":{"start":{"line":14,"column":0},"end":{"line":14,"column":36}},"14":{"start":{"line":15,"column":0},"end":{"line":15,"column":33}},"16":{"start":{"line":17,"column":0},"end":{"line":17,"column":57}},"17":{"start":{"line":18,"column":0},"end":{"line":18,"column":65}},"18":{"start":{"line":19,"column":0},"end":{"line":19,"column":81}},"19":{"start":{"line":20,"column":0},"end":{"line":20,"column":83}},"20":{"start":{"line":21,"column":0},"end":{"line":21,"column":87}},"22":{"start":{"line":23,"column":0},"end":{"line":23,"column":21}},"23":{"start":{"line":24,"column":0},"end":{"line":24,"column":20}},"24":{"start":{"line":25,"column":0},"end":{"line":25,"column":30}},"25":{"start":{"line":26,"column":0},"end":{"line":26,"column":26}},"26":{"start":{"line":27,"column":0},"end":{"line":27,"column":22}},"27":{"start":{"line":28,"column":0},"end":{"line":28,"column":30}},"29":{"start":{"line":30,"column":0},"end":{"line":30,"column":47}},"30":{"start":{"line":31,"column":0},"end":{"line":31,"column":42}},"31":{"start":{"line":32,"column":0},"end":{"line":32,"column":35}},"32":{"start":{"line":33,"column":0},"end":{"line":33,"column":95}},"33":{"start":{"line":34,"column":0},"end":{"line":34,"column":12}},"34":{"start":{"line":35,"column":0},"end":{"line":35,"column":36}},"35":{"start":{"line":36,"column":0},"end":{"line":36,"column":5}},"36":{"start":{"line":37,"column":0},"end":{"line":37,"column":3}},"38":{"start":{"line":39,"column":0},"end":{"line":39,"column":75}},"39":{"start":{"line":40,"column":0},"end":{"line":40,"column":47}},"40":{"start":{"line":41,"column":0},"end":{"line":41,"column":36}},"41":{"start":{"line":42,"column":0},"end":{"line":42,"column":36}},"42":{"start":{"line":43,"column":0},"end":{"line":43,"column":42}},"43":{"start":{"line":44,"column":0},"end":{"line":44,"column":47}},"44":{"start":{"line":45,"column":0},"end":{"line":45,"column":5}},"45":{"start":{"line":46,"column":0},"end":{"line":46,"column":50}},"46":{"start":{"line":47,"column":0},"end":{"line":47,"column":39}},"47":{"start":{"line":48,"column":0},"end":{"line":48,"column":45}},"48":{"start":{"line":49,"column":0},"end":{"line":49,"column":5}},"49":{"start":{"line":50,"column":0},"end":{"line":50,"column":4}},"51":{"start":{"line":52,"column":0},"end":{"line":52,"column":72}},"52":{"start":{"line":53,"column":0},"end":{"line":53,"column":23}},"53":{"start":{"line":54,"column":0},"end":{"line":54,"column":34}},"54":{"start":{"line":55,"column":0},"end":{"line":55,"column":35}},"55":{"start":{"line":56,"column":0},"end":{"line":56,"column":56}},"56":{"start":{"line":57,"column":0},"end":{"line":57,"column":5}},"57":{"start":{"line":58,"column":0},"end":{"line":58,"column":68}},"59":{"start":{"line":60,"column":0},"end":{"line":60,"column":8}},"60":{"start":{"line":61,"column":0},"end":{"line":61,"column":18}},"61":{"start":{"line":62,"column":0},"end":{"line":62,"column":21}},"62":{"start":{"line":63,"column":0},"end":{"line":63,"column":29}},"63":{"start":{"line":64,"column":0},"end":{"line":64,"column":29}},"64":{"start":{"line":65,"column":0},"end":{"line":65,"column":7}},"65":{"start":{"line":66,"column":0},"end":{"line":66,"column":51}},"66":{"start":{"line":67,"column":0},"end":{"line":67,"column":5}},"67":{"start":{"line":68,"column":0},"end":{"line":68,"column":4}},"69":{"start":{"line":70,"column":0},"end":{"line":70,"column":19}},"70":{"start":{"line":71,"column":0},"end":{"line":71,"column":24}},"71":{"start":{"line":72,"column":0},"end":{"line":72,"column":31}},"72":{"start":{"line":73,"column":0},"end":{"line":73,"column":86}},"73":{"start":{"line":74,"column":0},"end":{"line":74,"column":102}},"74":{"start":{"line":75,"column":0},"end":{"line":75,"column":24}},"75":{"start":{"line":76,"column":0},"end":{"line":76,"column":31}},"76":{"start":{"line":77,"column":0},"end":{"line":77,"column":14}},"77":{"start":{"line":78,"column":0},"end":{"line":78,"column":24}},"78":{"start":{"line":79,"column":0},"end":{"line":79,"column":44}},"79":{"start":{"line":80,"column":0},"end":{"line":80,"column":15}},"80":{"start":{"line":81,"column":0},"end":{"line":81,"column":5}},"81":{"start":{"line":82,"column":0},"end":{"line":82,"column":4}},"83":{"start":{"line":84,"column":0},"end":{"line":84,"column":38}},"84":{"start":{"line":85,"column":0},"end":{"line":85,"column":66}},"85":{"start":{"line":86,"column":0},"end":{"line":86,"column":71}},"86":{"start":{"line":87,"column":0},"end":{"line":87,"column":30}},"87":{"start":{"line":88,"column":0},"end":{"line":88,"column":57}},"89":{"start":{"line":90,"column":0},"end":{"line":90,"column":15}},"90":{"start":{"line":91,"column":0},"end":{"line":91,"column":14}},"91":{"start":{"line":92,"column":0},"end":{"line":92,"column":50}},"92":{"start":{"line":93,"column":0},"end":{"line":93,"column":36}},"93":{"start":{"line":94,"column":0},"end":{"line":94,"column":82}},"95":{"start":{"line":96,"column":0},"end":{"line":96,"column":17}},"97":{"start":{"line":98,"column":0},"end":{"line":98,"column":14}},"98":{"start":{"line":99,"column":0},"end":{"line":99,"column":61}},"99":{"start":{"line":100,"column":0},"end":{"line":100,"column":58}},"100":{"start":{"line":101,"column":0},"end":{"line":101,"column":17}},"101":{"start":{"line":102,"column":0},"end":{"line":102,"column":79}},"103":{"start":{"line":104,"column":0},"end":{"line":104,"column":22}},"104":{"start":{"line":105,"column":0},"end":{"line":105,"column":20}},"105":{"start":{"line":106,"column":0},"end":{"line":106,"column":30}},"106":{"start":{"line":107,"column":0},"end":{"line":107,"column":32}},"107":{"start":{"line":108,"column":0},"end":{"line":108,"column":28}},"108":{"start":{"line":109,"column":0},"end":{"line":109,"column":46}},"109":{"start":{"line":110,"column":0},"end":{"line":110,"column":24}},"110":{"start":{"line":111,"column":0},"end":{"line":111,"column":225}},"111":{"start":{"line":112,"column":0},"end":{"line":112,"column":16}},"112":{"start":{"line":113,"column":0},"end":{"line":113,"column":92}},"113":{"start":{"line":114,"column":0},"end":{"line":114,"column":36}},"114":{"start":{"line":115,"column":0},"end":{"line":115,"column":42}},"115":{"start":{"line":116,"column":0},"end":{"line":116,"column":23}},"116":{"start":{"line":117,"column":0},"end":{"line":117,"column":21}},"117":{"start":{"line":118,"column":0},"end":{"line":118,"column":18}},"118":{"start":{"line":119,"column":0},"end":{"line":119,"column":17}},"119":{"start":{"line":120,"column":0},"end":{"line":120,"column":65}},"120":{"start":{"line":121,"column":0},"end":{"line":121,"column":22}},"121":{"start":{"line":122,"column":0},"end":{"line":122,"column":40}},"122":{"start":{"line":123,"column":0},"end":{"line":123,"column":65}},"123":{"start":{"line":124,"column":0},"end":{"line":124,"column":17}},"125":{"start":{"line":126,"column":0},"end":{"line":126,"column":24}},"126":{"start":{"line":127,"column":0},"end":{"line":127,"column":41}},"127":{"start":{"line":128,"column":0},"end":{"line":128,"column":20}},"128":{"start":{"line":129,"column":0},"end":{"line":129,"column":28}},"129":{"start":{"line":130,"column":0},"end":{"line":130,"column":83}},"130":{"start":{"line":131,"column":0},"end":{"line":131,"column":19}},"132":{"start":{"line":133,"column":0},"end":{"line":133,"column":22}},"133":{"start":{"line":134,"column":0},"end":{"line":134,"column":22}},"134":{"start":{"line":135,"column":0},"end":{"line":135,"column":20}},"135":{"start":{"line":136,"column":0},"end":{"line":136,"column":36}},"136":{"start":{"line":137,"column":0},"end":{"line":137,"column":22}},"137":{"start":{"line":138,"column":0},"end":{"line":138,"column":35}},"138":{"start":{"line":139,"column":0},"end":{"line":139,"column":37}},"139":{"start":{"line":140,"column":0},"end":{"line":140,"column":33}},"140":{"start":{"line":141,"column":0},"end":{"line":141,"column":26}},"141":{"start":{"line":142,"column":0},"end":{"line":142,"column":48}},"142":{"start":{"line":143,"column":0},"end":{"line":143,"column":227}},"143":{"start":{"line":144,"column":0},"end":{"line":144,"column":18}},"144":{"start":{"line":145,"column":0},"end":{"line":145,"column":21}},"145":{"start":{"line":146,"column":0},"end":{"line":146,"column":89}},"147":{"start":{"line":148,"column":0},"end":{"line":148,"column":76}},"148":{"start":{"line":149,"column":0},"end":{"line":149,"column":39}},"149":{"start":{"line":150,"column":0},"end":{"line":150,"column":20}},"150":{"start":{"line":151,"column":0},"end":{"line":151,"column":18}},"151":{"start":{"line":152,"column":0},"end":{"line":152,"column":49}},"152":{"start":{"line":153,"column":0},"end":{"line":153,"column":21}},"153":{"start":{"line":154,"column":0},"end":{"line":154,"column":29}},"154":{"start":{"line":155,"column":0},"end":{"line":155,"column":37}},"155":{"start":{"line":156,"column":0},"end":{"line":156,"column":274}},"156":{"start":{"line":157,"column":0},"end":{"line":157,"column":15}},"158":{"start":{"line":159,"column":0},"end":{"line":159,"column":23}},"159":{"start":{"line":160,"column":0},"end":{"line":160,"column":18}},"160":{"start":{"line":161,"column":0},"end":{"line":161,"column":17}},"161":{"start":{"line":162,"column":0},"end":{"line":162,"column":61}},"162":{"start":{"line":163,"column":0},"end":{"line":163,"column":59}},"163":{"start":{"line":164,"column":0},"end":{"line":164,"column":17}},"164":{"start":{"line":165,"column":0},"end":{"line":165,"column":28}},"165":{"start":{"line":166,"column":0},"end":{"line":166,"column":77}},"166":{"start":{"line":167,"column":0},"end":{"line":167,"column":13}},"168":{"start":{"line":169,"column":0},"end":{"line":169,"column":19}},"169":{"start":{"line":170,"column":0},"end":{"line":170,"column":14}},"170":{"start":{"line":171,"column":0},"end":{"line":171,"column":14}},"171":{"start":{"line":172,"column":0},"end":{"line":172,"column":12}},"172":{"start":{"line":173,"column":0},"end":{"line":173,"column":14}},"175":{"start":{"line":176,"column":0},"end":{"line":176,"column":17}},"176":{"start":{"line":177,"column":0},"end":{"line":177,"column":1}},"178":{"start":{"line":179,"column":0},"end":{"line":179,"column":21}}},"s":{"0":1,"1":1,"2":1,"3":1,"4":1,"5":1,"6":1,"8":1,"9":1,"11":1,"13":45,"14":45,"16":45,"17":45,"18":45,"19":45,"20":45,"22":45,"23":45,"24":45,"25":45,"26":45,"27":45,"29":45,"30":11,"31":7,"32":7,"33":11,"34":4,"35":4,"36":11,"38":45,"39":15,"40":11,"41":11,"42":11,"43":11,"44":11,"45":15,"46":4,"47":4,"48":4,"49":15,"51":45,"52":8,"53":8,"54":5,"55":5,"56":5,"57":8,"59":8,"60":8,"61":3,"62":2,"63":2,"64":8,"65":2,"66":2,"67":8,"69":45,"70":44,"71":1,"72":1,"73":1,"74":1,"75":1,"76":1,"77":1,"78":0,"79":1,"80":1,"81":45,"83":45,"84":45,"85":45,"86":45,"87":45,"89":45,"90":45,"91":45,"92":45,"93":1,"95":43,"97":45,"98":45,"99":45,"100":45,"101":45,"103":45,"104":45,"105":45,"106":45,"107":45,"108":45,"109":45,"110":45,"111":45,"112":45,"113":45,"114":13,"115":31,"116":45,"117":45,"118":45,"119":45,"120":45,"121":45,"122":45,"123":45,"125":45,"126":45,"127":45,"128":45,"129":45,"130":45,"132":45,"133":45,"134":45,"135":45,"136":45,"137":45,"138":45,"139":45,"140":45,"141":45,"142":45,"143":45,"144":45,"145":45,"147":45,"148":45,"149":45,"150":45,"151":45,"152":45,"153":45,"154":45,"155":45,"156":45,"158":45,"159":45,"160":45,"161":45,"162":45,"163":45,"164":45,"165":45,"166":45,"168":45,"169":45,"170":45,"171":45,"172":45,"175":45,"176":45,"178":1},"branchMap":{"0":{"type":"branch","line":12,"loc":{"start":{"line":12,"column":14},"end":{"line":177,"column":1}},"locations":[{"start":{"line":12,"column":14},"end":{"line":177,"column":1}}]},"1":{"type":"branch","line":93,"loc":{"start":{"line":93,"column":28},"end":{"line":94,"column":82}},"locations":[{"start":{"line":93,"column":28},"end":{"line":94,"column":82}}]},"2":{"type":"branch","line":94,"loc":{"start":{"line":94,"column":78},"end":{"line":96,"column":17}},"locations":[{"start":{"line":94,"column":78},"end":{"line":96,"column":17}}]},"3":{"type":"branch","line":114,"loc":{"start":{"line":114,"column":17},"end":{"line":115,"column":42}},"locations":[{"start":{"line":114,"column":17},"end":{"line":115,"column":42}}]},"4":{"type":"branch","line":115,"loc":{"start":{"line":115,"column":20},"end":{"line":116,"column":23}},"locations":[{"start":{"line":115,"column":20},"end":{"line":116,"column":23}}]},"5":{"type":"branch","line":148,"loc":{"start":{"line":148,"column":19},"end":{"line":148,"column":73}},"locations":[{"start":{"line":148,"column":19},"end":{"line":148,"column":73}}]},"6":{"type":"branch","line":148,"loc":{"start":{"line":148,"column":44},"end":{"line":148,"column":76}},"locations":[{"start":{"line":148,"column":44},"end":{"line":148,"column":76}}]},"7":{"type":"branch","line":30,"loc":{"start":{"line":30,"column":28},"end":{"line":37,"column":3}},"locations":[{"start":{"line":30,"column":28},"end":{"line":37,"column":3}}]},"8":{"type":"branch","line":31,"loc":{"start":{"line":31,"column":41},"end":{"line":34,"column":11}},"locations":[{"start":{"line":31,"column":41},"end":{"line":34,"column":11}}]},"9":{"type":"branch","line":33,"loc":{"start":{"line":33,"column":49},"end":{"line":33,"column":59}},"locations":[{"start":{"line":33,"column":49},"end":{"line":33,"column":59}}]},"10":{"type":"branch","line":33,"loc":{"start":{"line":33,"column":54},"end":{"line":33,"column":93}},"locations":[{"start":{"line":33,"column":54},"end":{"line":33,"column":93}}]},"11":{"type":"branch","line":34,"loc":{"start":{"line":34,"column":4},"end":{"line":36,"column":5}},"locations":[{"start":{"line":34,"column":4},"end":{"line":36,"column":5}}]},"12":{"type":"branch","line":39,"loc":{"start":{"line":39,"column":30},"end":{"line":50,"column":4}},"locations":[{"start":{"line":39,"column":30},"end":{"line":50,"column":4}}]},"13":{"type":"branch","line":40,"loc":{"start":{"line":40,"column":46},"end":{"line":45,"column":5}},"locations":[{"start":{"line":40,"column":46},"end":{"line":45,"column":5}}]},"14":{"type":"branch","line":46,"loc":{"start":{"line":46,"column":49},"end":{"line":49,"column":5}},"locations":[{"start":{"line":46,"column":49},"end":{"line":49,"column":5}}]},"15":{"type":"branch","line":52,"loc":{"start":{"line":52,"column":22},"end":{"line":68,"column":4}},"locations":[{"start":{"line":52,"column":22},"end":{"line":68,"column":4}}]},"16":{"type":"branch","line":54,"loc":{"start":{"line":54,"column":33},"end":{"line":57,"column":5}},"locations":[{"start":{"line":54,"column":33},"end":{"line":57,"column":5}}]},"17":{"type":"branch","line":58,"loc":{"start":{"line":58,"column":36},"end":{"line":58,"column":68}},"locations":[{"start":{"line":58,"column":36},"end":{"line":58,"column":68}}]},"18":{"type":"branch","line":61,"loc":{"start":{"line":61,"column":6},"end":{"line":62,"column":21}},"locations":[{"start":{"line":61,"column":6},"end":{"line":62,"column":21}}]},"19":{"type":"branch","line":62,"loc":{"start":{"line":62,"column":6},"end":{"line":63,"column":29}},"locations":[{"start":{"line":62,"column":6},"end":{"line":63,"column":29}}]},"20":{"type":"branch","line":63,"loc":{"start":{"line":63,"column":7},"end":{"line":64,"column":29}},"locations":[{"start":{"line":63,"column":7},"end":{"line":64,"column":29}}]},"21":{"type":"branch","line":65,"loc":{"start":{"line":65,"column":6},"end":{"line":67,"column":5}},"locations":[{"start":{"line":65,"column":6},"end":{"line":67,"column":5}}]},"22":{"type":"branch","line":70,"loc":{"start":{"line":70,"column":12},"end":{"line":82,"column":3}},"locations":[{"start":{"line":70,"column":12},"end":{"line":82,"column":3}}]},"23":{"type":"branch","line":71,"loc":{"start":{"line":71,"column":23},"end":{"line":81,"column":5}},"locations":[{"start":{"line":71,"column":23},"end":{"line":81,"column":5}}]},"24":{"type":"branch","line":75,"loc":{"start":{"line":75,"column":17},"end":{"line":77,"column":9}},"locations":[{"start":{"line":75,"column":17},"end":{"line":77,"column":9}}]}},"b":{"0":[45],"1":[1],"2":[43],"3":[13],"4":[31],"5":[6],"6":[38],"7":[11],"8":[7],"9":[1],"10":[6],"11":[4],"12":[15],"13":[11],"14":[4],"15":[8],"16":[5],"17":[5],"18":[3],"19":[2],"20":[2],"21":[2],"22":[44],"23":[1],"24":[1]},"fnMap":{"0":{"name":"Login","decl":{"start":{"line":12,"column":14},"end":{"line":177,"column":1}},"loc":{"start":{"line":12,"column":14},"end":{"line":177,"column":1}},"line":12},"1":{"name":"checkIsEmailValid","decl":{"start":{"line":30,"column":28},"end":{"line":37,"column":3}},"loc":{"start":{"line":30,"column":28},"end":{"line":37,"column":3}},"line":30},"2":{"name":"handleOnInputChange","decl":{"start":{"line":39,"column":30},"end":{"line":50,"column":4}},"loc":{"start":{"line":39,"column":30},"end":{"line":50,"column":4}},"line":39},"3":{"name":"handleLogin","decl":{"start":{"line":52,"column":22},"end":{"line":68,"column":4}},"loc":{"start":{"line":52,"column":22},"end":{"line":68,"column":4}},"line":52}},"f":{"0":45,"1":11,"2":15,"3":8}}
,"/home/manvinderjit/repos/2023-TOP-Project-Shopping-Cart/src/components/Register.tsx": {"path":"/home/manvinderjit/repos/2023-TOP-Project-Shopping-Cart/src/components/Register.tsx","all":false,"statementMap":{"0":{"start":{"line":1,"column":0},"end":{"line":1,"column":44}},"1":{"start":{"line":2,"column":0},"end":{"line":2,"column":40}},"2":{"start":{"line":3,"column":0},"end":{"line":3,"column":67}},"4":{"start":{"line":5,"column":0},"end":{"line":5,"column":19}},"5":{"start":{"line":6,"column":0},"end":{"line":6,"column":137}},"7":{"start":{"line":8,"column":0},"end":{"line":8,"column":60}},"9":{"start":{"line":10,"column":0},"end":{"line":10,"column":58}},"10":{"start":{"line":11,"column":0},"end":{"line":11,"column":25}},"11":{"start":{"line":12,"column":0},"end":{"line":12,"column":2}},"13":{"start":{"line":14,"column":0},"end":{"line":14,"column":43}},"15":{"start":{"line":16,"column":0},"end":{"line":16,"column":57}},"16":{"start":{"line":17,"column":0},"end":{"line":17,"column":81}},"17":{"start":{"line":18,"column":0},"end":{"line":18,"column":73}},"19":{"start":{"line":20,"column":0},"end":{"line":20,"column":63}},"20":{"start":{"line":21,"column":0},"end":{"line":21,"column":87}},"21":{"start":{"line":22,"column":0},"end":{"line":22,"column":79}},"23":{"start":{"line":24,"column":0},"end":{"line":24,"column":77}},"24":{"start":{"line":25,"column":0},"end":{"line":25,"column":101}},"25":{"start":{"line":26,"column":0},"end":{"line":26,"column":85}},"27":{"start":{"line":28,"column":0},"end":{"line":28,"column":9}},"28":{"start":{"line":29,"column":0},"end":{"line":29,"column":17}},"29":{"start":{"line":30,"column":0},"end":{"line":30,"column":5}},"30":{"start":{"line":31,"column":0},"end":{"line":31,"column":29}},"31":{"start":{"line":32,"column":0},"end":{"line":32,"column":39}},"32":{"start":{"line":33,"column":0},"end":{"line":33,"column":35}},"33":{"start":{"line":34,"column":0},"end":{"line":34,"column":31}},"34":{"start":{"line":35,"column":0},"end":{"line":35,"column":6}},"35":{"start":{"line":36,"column":0},"end":{"line":36,"column":32}},"37":{"start":{"line":38,"column":0},"end":{"line":38,"column":50}},"38":{"start":{"line":39,"column":0},"end":{"line":39,"column":36}},"39":{"start":{"line":40,"column":0},"end":{"line":40,"column":33}},"40":{"start":{"line":41,"column":0},"end":{"line":41,"column":27}},"41":{"start":{"line":42,"column":0},"end":{"line":42,"column":92}},"42":{"start":{"line":43,"column":0},"end":{"line":43,"column":8}},"43":{"start":{"line":44,"column":0},"end":{"line":44,"column":42}},"44":{"start":{"line":45,"column":0},"end":{"line":45,"column":32}},"45":{"start":{"line":46,"column":0},"end":{"line":46,"column":31}},"46":{"start":{"line":47,"column":0},"end":{"line":47,"column":12}},"47":{"start":{"line":48,"column":0},"end":{"line":48,"column":32}},"48":{"start":{"line":49,"column":0},"end":{"line":49,"column":31}},"49":{"start":{"line":50,"column":0},"end":{"line":50,"column":5}},"50":{"start":{"line":51,"column":0},"end":{"line":51,"column":4}},"52":{"start":{"line":53,"column":0},"end":{"line":53,"column":90}},"54":{"start":{"line":55,"column":0},"end":{"line":55,"column":33}},"55":{"start":{"line":56,"column":0},"end":{"line":56,"column":32}},"58":{"start":{"line":59,"column":0},"end":{"line":59,"column":37}},"59":{"start":{"line":60,"column":0},"end":{"line":60,"column":36}},"60":{"start":{"line":61,"column":0},"end":{"line":61,"column":59}},"61":{"start":{"line":62,"column":0},"end":{"line":62,"column":37}},"62":{"start":{"line":63,"column":0},"end":{"line":63,"column":53}},"63":{"start":{"line":64,"column":0},"end":{"line":64,"column":36}},"65":{"start":{"line":66,"column":0},"end":{"line":66,"column":37}},"66":{"start":{"line":67,"column":0},"end":{"line":67,"column":74}},"67":{"start":{"line":68,"column":0},"end":{"line":68,"column":8}},"69":{"start":{"line":70,"column":0},"end":{"line":70,"column":56}},"70":{"start":{"line":71,"column":0},"end":{"line":71,"column":80}},"71":{"start":{"line":72,"column":0},"end":{"line":72,"column":7}},"72":{"start":{"line":73,"column":0},"end":{"line":73,"column":6}},"74":{"start":{"line":75,"column":0},"end":{"line":75,"column":93}},"75":{"start":{"line":76,"column":0},"end":{"line":76,"column":36}},"76":{"start":{"line":77,"column":0},"end":{"line":77,"column":43}},"77":{"start":{"line":78,"column":0},"end":{"line":78,"column":55}},"78":{"start":{"line":79,"column":0},"end":{"line":79,"column":58}},"79":{"start":{"line":80,"column":0},"end":{"line":80,"column":6}},"81":{"start":{"line":82,"column":0},"end":{"line":82,"column":93}},"82":{"start":{"line":83,"column":0},"end":{"line":83,"column":35}},"83":{"start":{"line":84,"column":0},"end":{"line":84,"column":34}},"84":{"start":{"line":85,"column":0},"end":{"line":85,"column":37}},"85":{"start":{"line":86,"column":0},"end":{"line":86,"column":5}},"86":{"start":{"line":87,"column":0},"end":{"line":87,"column":3}},"88":{"start":{"line":89,"column":0},"end":{"line":89,"column":97}},"90":{"start":{"line":91,"column":0},"end":{"line":91,"column":40}},"91":{"start":{"line":92,"column":0},"end":{"line":92,"column":35}},"93":{"start":{"line":94,"column":0},"end":{"line":94,"column":45}},"94":{"start":{"line":95,"column":0},"end":{"line":95,"column":43}},"95":{"start":{"line":96,"column":0},"end":{"line":96,"column":69}},"96":{"start":{"line":97,"column":0},"end":{"line":97,"column":56}},"97":{"start":{"line":98,"column":0},"end":{"line":98,"column":36}},"98":{"start":{"line":99,"column":0},"end":{"line":99,"column":58}},"99":{"start":{"line":100,"column":0},"end":{"line":100,"column":6}},"100":{"start":{"line":101,"column":0},"end":{"line":101,"column":4}},"102":{"start":{"line":103,"column":0},"end":{"line":103,"column":74}},"103":{"start":{"line":104,"column":0},"end":{"line":104,"column":47}},"104":{"start":{"line":105,"column":0},"end":{"line":105,"column":49}},"105":{"start":{"line":106,"column":0},"end":{"line":106,"column":50}},"106":{"start":{"line":107,"column":0},"end":{"line":107,"column":5}},"107":{"start":{"line":108,"column":0},"end":{"line":108,"column":50}},"108":{"start":{"line":109,"column":0},"end":{"line":109,"column":52}},"109":{"start":{"line":110,"column":0},"end":{"line":110,"column":74}},"110":{"start":{"line":111,"column":0},"end":{"line":111,"column":81}},"111":{"start":{"line":112,"column":0},"end":{"line":112,"column":5}},"112":{"start":{"line":113,"column":0},"end":{"line":113,"column":53}},"113":{"start":{"line":114,"column":0},"end":{"line":114,"column":59}},"114":{"start":{"line":115,"column":0},"end":{"line":115,"column":67}},"115":{"start":{"line":116,"column":0},"end":{"line":116,"column":67}},"116":{"start":{"line":117,"column":0},"end":{"line":117,"column":5}},"117":{"start":{"line":118,"column":0},"end":{"line":118,"column":4}},"119":{"start":{"line":120,"column":0},"end":{"line":120,"column":72}},"120":{"start":{"line":121,"column":0},"end":{"line":121,"column":23}},"121":{"start":{"line":122,"column":0},"end":{"line":122,"column":29}},"122":{"start":{"line":123,"column":0},"end":{"line":123,"column":56}},"123":{"start":{"line":124,"column":0},"end":{"line":124,"column":63}},"124":{"start":{"line":125,"column":0},"end":{"line":125,"column":56}},"125":{"start":{"line":126,"column":0},"end":{"line":126,"column":54}},"126":{"start":{"line":127,"column":0},"end":{"line":127,"column":5}},"127":{"start":{"line":128,"column":0},"end":{"line":128,"column":4}},"129":{"start":{"line":130,"column":0},"end":{"line":130,"column":19}},"130":{"start":{"line":131,"column":0},"end":{"line":131,"column":31}},"131":{"start":{"line":132,"column":0},"end":{"line":132,"column":23}},"132":{"start":{"line":133,"column":0},"end":{"line":133,"column":32}},"133":{"start":{"line":134,"column":0},"end":{"line":134,"column":31}},"134":{"start":{"line":135,"column":0},"end":{"line":135,"column":26}},"135":{"start":{"line":136,"column":0},"end":{"line":136,"column":35}},"136":{"start":{"line":137,"column":0},"end":{"line":137,"column":34}},"137":{"start":{"line":138,"column":0},"end":{"line":138,"column":33}},"138":{"start":{"line":139,"column":0},"end":{"line":139,"column":37}},"140":{"start":{"line":141,"column":0},"end":{"line":141,"column":5}},"141":{"start":{"line":142,"column":0},"end":{"line":142,"column":30}},"143":{"start":{"line":144,"column":0},"end":{"line":144,"column":38}},"144":{"start":{"line":145,"column":0},"end":{"line":145,"column":66}},"145":{"start":{"line":146,"column":0},"end":{"line":146,"column":71}},"146":{"start":{"line":147,"column":0},"end":{"line":147,"column":30}},"147":{"start":{"line":148,"column":0},"end":{"line":148,"column":57}},"149":{"start":{"line":150,"column":0},"end":{"line":150,"column":15}},"150":{"start":{"line":151,"column":0},"end":{"line":151,"column":14}},"151":{"start":{"line":152,"column":0},"end":{"line":152,"column":50}},"152":{"start":{"line":153,"column":0},"end":{"line":153,"column":43}},"153":{"start":{"line":154,"column":0},"end":{"line":154,"column":122}},"155":{"start":{"line":156,"column":0},"end":{"line":156,"column":17}},"157":{"start":{"line":158,"column":0},"end":{"line":158,"column":45}},"158":{"start":{"line":159,"column":0},"end":{"line":159,"column":123}},"160":{"start":{"line":161,"column":0},"end":{"line":161,"column":17}},"162":{"start":{"line":163,"column":0},"end":{"line":163,"column":14}},"163":{"start":{"line":164,"column":0},"end":{"line":164,"column":61}},"164":{"start":{"line":165,"column":0},"end":{"line":165,"column":58}},"165":{"start":{"line":166,"column":0},"end":{"line":166,"column":17}},"166":{"start":{"line":167,"column":0},"end":{"line":167,"column":79}},"168":{"start":{"line":169,"column":0},"end":{"line":169,"column":22}},"169":{"start":{"line":170,"column":0},"end":{"line":170,"column":20}},"170":{"start":{"line":171,"column":0},"end":{"line":171,"column":30}},"171":{"start":{"line":172,"column":0},"end":{"line":172,"column":32}},"172":{"start":{"line":173,"column":0},"end":{"line":173,"column":28}},"173":{"start":{"line":174,"column":0},"end":{"line":174,"column":45}},"174":{"start":{"line":175,"column":0},"end":{"line":175,"column":33}},"175":{"start":{"line":176,"column":0},"end":{"line":176,"column":24}},"176":{"start":{"line":177,"column":0},"end":{"line":177,"column":225}},"177":{"start":{"line":178,"column":0},"end":{"line":178,"column":16}},"178":{"start":{"line":179,"column":0},"end":{"line":179,"column":19}},"179":{"start":{"line":180,"column":0},"end":{"line":180,"column":49}},"180":{"start":{"line":181,"column":0},"end":{"line":181,"column":71}},"182":{"start":{"line":183,"column":0},"end":{"line":183,"column":60}},"183":{"start":{"line":184,"column":0},"end":{"line":184,"column":21}},"184":{"start":{"line":185,"column":0},"end":{"line":185,"column":18}},"185":{"start":{"line":186,"column":0},"end":{"line":186,"column":17}},"186":{"start":{"line":187,"column":0},"end":{"line":187,"column":65}},"187":{"start":{"line":188,"column":0},"end":{"line":188,"column":22}},"188":{"start":{"line":189,"column":0},"end":{"line":189,"column":40}},"189":{"start":{"line":190,"column":0},"end":{"line":190,"column":65}},"190":{"start":{"line":191,"column":0},"end":{"line":191,"column":17}},"192":{"start":{"line":193,"column":0},"end":{"line":193,"column":24}},"193":{"start":{"line":194,"column":0},"end":{"line":194,"column":20}},"194":{"start":{"line":195,"column":0},"end":{"line":195,"column":36}},"195":{"start":{"line":196,"column":0},"end":{"line":196,"column":22}},"196":{"start":{"line":197,"column":0},"end":{"line":197,"column":35}},"197":{"start":{"line":198,"column":0},"end":{"line":198,"column":37}},"198":{"start":{"line":199,"column":0},"end":{"line":199,"column":33}},"199":{"start":{"line":200,"column":0},"end":{"line":200,"column":47}},"200":{"start":{"line":201,"column":0},"end":{"line":201,"column":26}},"201":{"start":{"line":202,"column":0},"end":{"line":202,"column":38}},"202":{"start":{"line":203,"column":0},"end":{"line":203,"column":227}},"203":{"start":{"line":204,"column":0},"end":{"line":204,"column":18}},"204":{"start":{"line":205,"column":0},"end":{"line":205,"column":20}},"205":{"start":{"line":206,"column":0},"end":{"line":206,"column":19}},"206":{"start":{"line":207,"column":0},"end":{"line":207,"column":52}},"207":{"start":{"line":208,"column":0},"end":{"line":208,"column":71}},"209":{"start":{"line":210,"column":0},"end":{"line":210,"column":66}},"210":{"start":{"line":211,"column":0},"end":{"line":211,"column":21}},"211":{"start":{"line":212,"column":0},"end":{"line":212,"column":18}},"212":{"start":{"line":213,"column":0},"end":{"line":213,"column":17}},"213":{"start":{"line":214,"column":0},"end":{"line":214,"column":65}},"214":{"start":{"line":215,"column":0},"end":{"line":215,"column":22}},"215":{"start":{"line":216,"column":0},"end":{"line":216,"column":43}},"216":{"start":{"line":217,"column":0},"end":{"line":217,"column":65}},"217":{"start":{"line":218,"column":0},"end":{"line":218,"column":17}},"219":{"start":{"line":220,"column":0},"end":{"line":220,"column":24}},"220":{"start":{"line":221,"column":0},"end":{"line":221,"column":20}},"221":{"start":{"line":222,"column":0},"end":{"line":222,"column":36}},"222":{"start":{"line":223,"column":0},"end":{"line":223,"column":22}},"223":{"start":{"line":224,"column":0},"end":{"line":224,"column":38}},"224":{"start":{"line":225,"column":0},"end":{"line":225,"column":40}},"225":{"start":{"line":226,"column":0},"end":{"line":226,"column":33}},"226":{"start":{"line":227,"column":0},"end":{"line":227,"column":47}},"227":{"start":{"line":228,"column":0},"end":{"line":228,"column":45}},"228":{"start":{"line":229,"column":0},"end":{"line":229,"column":26}},"229":{"start":{"line":230,"column":0},"end":{"line":230,"column":227}},"230":{"start":{"line":231,"column":0},"end":{"line":231,"column":18}},"231":{"start":{"line":232,"column":0},"end":{"line":232,"column":20}},"232":{"start":{"line":233,"column":0},"end":{"line":233,"column":121}},"233":{"start":{"line":234,"column":0},"end":{"line":234,"column":76}},"234":{"start":{"line":235,"column":0},"end":{"line":235,"column":21}},"235":{"start":{"line":236,"column":0},"end":{"line":236,"column":18}},"236":{"start":{"line":237,"column":0},"end":{"line":237,"column":17}},"237":{"start":{"line":238,"column":0},"end":{"line":238,"column":21}},"238":{"start":{"line":239,"column":0},"end":{"line":239,"column":29}},"239":{"start":{"line":240,"column":0},"end":{"line":240,"column":38}},"240":{"start":{"line":241,"column":0},"end":{"line":241,"column":274}},"241":{"start":{"line":242,"column":0},"end":{"line":242,"column":15}},"243":{"start":{"line":244,"column":0},"end":{"line":244,"column":23}},"244":{"start":{"line":245,"column":0},"end":{"line":245,"column":18}},"245":{"start":{"line":246,"column":0},"end":{"line":246,"column":17}},"247":{"start":{"line":248,"column":0},"end":{"line":248,"column":61}},"248":{"start":{"line":249,"column":0},"end":{"line":249,"column":66}},"249":{"start":{"line":250,"column":0},"end":{"line":250,"column":17}},"250":{"start":{"line":251,"column":0},"end":{"line":251,"column":25}},"251":{"start":{"line":252,"column":0},"end":{"line":252,"column":77}},"252":{"start":{"line":253,"column":0},"end":{"line":253,"column":13}},"254":{"start":{"line":255,"column":0},"end":{"line":255,"column":19}},"255":{"start":{"line":256,"column":0},"end":{"line":256,"column":14}},"256":{"start":{"line":257,"column":0},"end":{"line":257,"column":14}},"257":{"start":{"line":258,"column":0},"end":{"line":258,"column":12}},"258":{"start":{"line":259,"column":0},"end":{"line":259,"column":14}},"261":{"start":{"line":262,"column":0},"end":{"line":262,"column":17}},"262":{"start":{"line":263,"column":0},"end":{"line":263,"column":1}},"264":{"start":{"line":265,"column":0},"end":{"line":265,"column":24}}},"s":{"0":1,"1":1,"2":1,"4":1,"5":1,"7":1,"9":1,"10":6,"11":6,"13":1,"15":84,"16":84,"17":84,"19":84,"20":84,"21":84,"23":84,"24":84,"25":84,"27":84,"28":84,"29":84,"30":84,"31":84,"32":84,"33":84,"34":84,"35":84,"37":84,"38":18,"39":9,"40":9,"41":9,"42":9,"43":9,"44":9,"45":9,"46":9,"47":0,"48":0,"49":0,"50":18,"52":84,"54":35,"55":35,"58":35,"59":3,"60":3,"61":3,"62":32,"63":10,"65":10,"66":4,"67":4,"69":6,"70":6,"71":6,"72":10,"74":22,"75":10,"76":10,"77":10,"78":10,"79":10,"81":12,"82":12,"83":12,"84":12,"85":12,"86":35,"88":84,"90":35,"91":35,"93":35,"94":16,"95":16,"96":35,"97":5,"98":5,"99":5,"100":35,"102":84,"103":37,"104":10,"105":10,"106":10,"107":37,"108":15,"109":15,"110":15,"111":15,"112":37,"113":12,"114":12,"115":12,"116":12,"117":37,"119":84,"120":8,"121":8,"122":8,"123":8,"124":8,"125":4,"126":4,"127":8,"129":84,"130":33,"131":2,"132":2,"133":2,"134":2,"135":2,"136":2,"137":2,"138":2,"140":2,"141":84,"143":84,"144":84,"145":84,"146":84,"147":84,"149":84,"150":84,"151":84,"152":84,"153":1,"155":82,"157":84,"158":4,"160":79,"162":84,"163":84,"164":84,"165":84,"166":84,"168":84,"169":84,"170":84,"171":84,"172":84,"173":84,"174":84,"175":84,"176":84,"177":84,"178":84,"179":84,"180":84,"182":84,"183":84,"184":84,"185":84,"186":84,"187":84,"188":84,"189":84,"190":84,"192":84,"193":84,"194":84,"195":84,"196":84,"197":84,"198":84,"199":84,"200":84,"201":84,"202":84,"203":84,"204":84,"205":84,"206":84,"207":84,"209":84,"210":84,"211":84,"212":84,"213":84,"214":84,"215":84,"216":84,"217":84,"219":84,"220":84,"221":84,"222":84,"223":84,"224":84,"225":84,"226":84,"227":84,"228":84,"229":84,"230":84,"231":84,"232":84,"233":84,"234":84,"235":84,"236":84,"237":84,"238":84,"239":84,"240":84,"241":84,"243":84,"244":84,"245":84,"247":84,"248":84,"249":84,"250":84,"251":84,"252":84,"254":84,"255":84,"256":84,"257":84,"258":84,"261":84,"262":84,"264":1},"branchMap":{"0":{"type":"branch","line":10,"loc":{"start":{"line":10,"column":31},"end":{"line":12,"column":2}},"locations":[{"start":{"line":10,"column":31},"end":{"line":12,"column":2}}]},"1":{"type":"branch","line":14,"loc":{"start":{"line":14,"column":17},"end":{"line":263,"column":1}},"locations":[{"start":{"line":14,"column":17},"end":{"line":263,"column":1}}]},"2":{"type":"branch","line":153,"loc":{"start":{"line":153,"column":35},"end":{"line":154,"column":122}},"locations":[{"start":{"line":153,"column":35},"end":{"line":154,"column":122}}]},"3":{"type":"branch","line":154,"loc":{"start":{"line":154,"column":118},"end":{"line":156,"column":17}},"locations":[{"start":{"line":154,"column":118},"end":{"line":156,"column":17}}]},"4":{"type":"branch","line":158,"loc":{"start":{"line":158,"column":37},"end":{"line":159,"column":123}},"locations":[{"start":{"line":158,"column":37},"end":{"line":159,"column":123}}]},"5":{"type":"branch","line":159,"loc":{"start":{"line":159,"column":119},"end":{"line":161,"column":17}},"locations":[{"start":{"line":159,"column":119},"end":{"line":161,"column":17}}]},"6":{"type":"branch","line":183,"loc":{"start":{"line":183,"column":18},"end":{"line":183,"column":57}},"locations":[{"start":{"line":183,"column":18},"end":{"line":183,"column":57}}]},"7":{"type":"branch","line":183,"loc":{"start":{"line":183,"column":37},"end":{"line":183,"column":60}},"locations":[{"start":{"line":183,"column":37},"end":{"line":183,"column":60}}]},"8":{"type":"branch","line":210,"loc":{"start":{"line":210,"column":18},"end":{"line":210,"column":63}},"locations":[{"start":{"line":210,"column":18},"end":{"line":210,"column":63}}]},"9":{"type":"branch","line":210,"loc":{"start":{"line":210,"column":40},"end":{"line":210,"column":66}},"locations":[{"start":{"line":210,"column":40},"end":{"line":210,"column":66}}]},"10":{"type":"branch","line":234,"loc":{"start":{"line":234,"column":18},"end":{"line":234,"column":73}},"locations":[{"start":{"line":234,"column":18},"end":{"line":234,"column":73}}]},"11":{"type":"branch","line":234,"loc":{"start":{"line":234,"column":47},"end":{"line":234,"column":76}},"locations":[{"start":{"line":234,"column":47},"end":{"line":234,"column":76}}]},"12":{"type":"branch","line":38,"loc":{"start":{"line":38,"column":24},"end":{"line":51,"column":4}},"locations":[{"start":{"line":38,"column":24},"end":{"line":51,"column":4}}]},"13":{"type":"branch","line":39,"loc":{"start":{"line":39,"column":35},"end":{"line":50,"column":5}},"locations":[{"start":{"line":39,"column":35},"end":{"line":50,"column":5}}]},"14":{"type":"branch","line":42,"loc":{"start":{"line":42,"column":25},"end":{"line":42,"column":58}},"locations":[{"start":{"line":42,"column":25},"end":{"line":42,"column":58}}]},"15":{"type":"branch","line":42,"loc":{"start":{"line":42,"column":30},"end":{"line":42,"column":92}},"locations":[{"start":{"line":42,"column":30},"end":{"line":42,"column":92}}]},"16":{"type":"branch","line":47,"loc":{"start":{"line":47,"column":4},"end":{"line":50,"column":5}},"locations":[{"start":{"line":47,"column":4},"end":{"line":50,"column":5}}]},"17":{"type":"branch","line":53,"loc":{"start":{"line":53,"column":27},"end":{"line":87,"column":3}},"locations":[{"start":{"line":53,"column":27},"end":{"line":87,"column":3}}]},"18":{"type":"branch","line":59,"loc":{"start":{"line":59,"column":36},"end":{"line":62,"column":37}},"locations":[{"start":{"line":59,"column":36},"end":{"line":62,"column":37}}]},"19":{"type":"branch","line":62,"loc":{"start":{"line":62,"column":4},"end":{"line":86,"column":5}},"locations":[{"start":{"line":62,"column":4},"end":{"line":86,"column":5}}]},"20":{"type":"branch","line":63,"loc":{"start":{"line":63,"column":51},"end":{"line":73,"column":6}},"locations":[{"start":{"line":63,"column":51},"end":{"line":73,"column":6}}]},"21":{"type":"branch","line":66,"loc":{"start":{"line":66,"column":36},"end":{"line":68,"column":8}},"locations":[{"start":{"line":66,"column":36},"end":{"line":68,"column":8}}]},"22":{"type":"branch","line":68,"loc":{"start":{"line":68,"column":6},"end":{"line":72,"column":7}},"locations":[{"start":{"line":68,"column":6},"end":{"line":72,"column":7}}]},"23":{"type":"branch","line":73,"loc":{"start":{"line":73,"column":4},"end":{"line":86,"column":5}},"locations":[{"start":{"line":73,"column":4},"end":{"line":86,"column":5}}]},"24":{"type":"branch","line":75,"loc":{"start":{"line":75,"column":92},"end":{"line":80,"column":6}},"locations":[{"start":{"line":75,"column":92},"end":{"line":80,"column":6}}]},"25":{"type":"branch","line":80,"loc":{"start":{"line":80,"column":4},"end":{"line":86,"column":5}},"locations":[{"start":{"line":80,"column":4},"end":{"line":86,"column":5}}]},"26":{"type":"branch","line":89,"loc":{"start":{"line":89,"column":34},"end":{"line":101,"column":4}},"locations":[{"start":{"line":89,"column":34},"end":{"line":101,"column":4}}]},"27":{"type":"branch","line":94,"loc":{"start":{"line":94,"column":44},"end":{"line":97,"column":15}},"locations":[{"start":{"line":94,"column":44},"end":{"line":97,"column":15}}]},"28":{"type":"branch","line":97,"loc":{"start":{"line":97,"column":4},"end":{"line":100,"column":6}},"locations":[{"start":{"line":97,"column":4},"end":{"line":100,"column":6}}]},"29":{"type":"branch","line":97,"loc":{"start":{"line":97,"column":55},"end":{"line":100,"column":6}},"locations":[{"start":{"line":97,"column":55},"end":{"line":100,"column":6}}]},"30":{"type":"branch","line":103,"loc":{"start":{"line":103,"column":29},"end":{"line":118,"column":4}},"locations":[{"start":{"line":103,"column":29},"end":{"line":118,"column":4}}]},"31":{"type":"branch","line":104,"loc":{"start":{"line":104,"column":46},"end":{"line":107,"column":5}},"locations":[{"start":{"line":104,"column":46},"end":{"line":107,"column":5}}]},"32":{"type":"branch","line":108,"loc":{"start":{"line":108,"column":49},"end":{"line":112,"column":5}},"locations":[{"start":{"line":108,"column":49},"end":{"line":112,"column":5}}]},"33":{"type":"branch","line":113,"loc":{"start":{"line":113,"column":52},"end":{"line":117,"column":5}},"locations":[{"start":{"line":113,"column":52},"end":{"line":117,"column":5}}]},"34":{"type":"branch","line":120,"loc":{"start":{"line":120,"column":23},"end":{"line":128,"column":4}},"locations":[{"start":{"line":120,"column":23},"end":{"line":128,"column":4}}]},"35":{"type":"branch","line":125,"loc":{"start":{"line":125,"column":8},"end":{"line":125,"column":49}},"locations":[{"start":{"line":125,"column":8},"end":{"line":125,"column":49}}]},"36":{"type":"branch","line":125,"loc":{"start":{"line":125,"column":49},"end":{"line":127,"column":5}},"locations":[{"start":{"line":125,"column":49},"end":{"line":127,"column":5}}]},"37":{"type":"branch","line":130,"loc":{"start":{"line":130,"column":12},"end":{"line":142,"column":5}},"locations":[{"start":{"line":130,"column":12},"end":{"line":142,"column":5}}]},"38":{"type":"branch","line":131,"loc":{"start":{"line":131,"column":30},"end":{"line":141,"column":5}},"locations":[{"start":{"line":131,"column":30},"end":{"line":141,"column":5}}]}},"b":{"0":[6],"1":[84],"2":[1],"3":[82],"4":[4],"5":[79],"6":[61],"7":[22],"8":[66],"9":[17],"10":[83],"11":[0],"12":[18],"13":[9],"14":[4],"15":[5],"16":[0],"17":[35],"18":[3],"19":[32],"20":[10],"21":[4],"22":[6],"23":[22],"24":[10],"25":[12],"26":[35],"27":[16],"28":[19],"29":[5],"30":[37],"31":[10],"32":[15],"33":[12],"34":[8],"35":[4],"36":[4],"37":[33],"38":[2]},"fnMap":{"0":{"name":"checkContainsUpperCase","decl":{"start":{"line":10,"column":31},"end":{"line":12,"column":2}},"loc":{"start":{"line":10,"column":31},"end":{"line":12,"column":2}},"line":10},"1":{"name":"Register","decl":{"start":{"line":14,"column":17},"end":{"line":263,"column":1}},"loc":{"start":{"line":14,"column":17},"end":{"line":263,"column":1}},"line":14},"2":{"name":"validateEmail","decl":{"start":{"line":38,"column":24},"end":{"line":51,"column":4}},"loc":{"start":{"line":38,"column":24},"end":{"line":51,"column":4}},"line":38},"3":{"name":"validatePassword","decl":{"start":{"line":53,"column":27},"end":{"line":87,"column":3}},"loc":{"start":{"line":53,"column":27},"end":{"line":87,"column":3}},"line":53},"4":{"name":"validateConfirmPassword","decl":{"start":{"line":89,"column":34},"end":{"line":101,"column":4}},"loc":{"start":{"line":89,"column":34},"end":{"line":101,"column":4}},"line":89},"5":{"name":"onInputValueChange","decl":{"start":{"line":103,"column":29},"end":{"line":118,"column":4}},"loc":{"start":{"line":103,"column":29},"end":{"line":118,"column":4}},"line":103},"6":{"name":"handleSubmit","decl":{"start":{"line":120,"column":23},"end":{"line":128,"column":4}},"loc":{"start":{"line":120,"column":23},"end":{"line":128,"column":4}},"line":120}},"f":{"0":6,"1":84,"2":18,"3":35,"4":35,"5":37,"6":8}}
,"/home/manvinderjit/repos/2023-TOP-Project-Shopping-Cart/src/components/Router.tsx": {"path":"/home/manvinderjit/repos/2023-TOP-Project-Shopping-Cart/src/components/Router.tsx","all":false,"statementMap":{"0":{"start":{"line":1,"column":0},"end":{"line":1,"column":55}},"1":{"start":{"line":2,"column":0},"end":{"line":2,"column":25}},"2":{"start":{"line":3,"column":0},"end":{"line":3,"column":26}},"3":{"start":{"line":4,"column":0},"end":{"line":4,"column":28}},"4":{"start":{"line":5,"column":0},"end":{"line":5,"column":26}},"5":{"start":{"line":6,"column":0},"end":{"line":6,"column":34}},"6":{"start":{"line":7,"column":0},"end":{"line":7,"column":36}},"7":{"start":{"line":8,"column":0},"end":{"line":8,"column":44}},"9":{"start":{"line":10,"column":0},"end":{"line":10,"column":34}},"11":{"start":{"line":12,"column":0},"end":{"line":12,"column":29}},"12":{"start":{"line":13,"column":0},"end":{"line":13,"column":3}},"13":{"start":{"line":14,"column":0},"end":{"line":14,"column":15}},"14":{"start":{"line":15,"column":0},"end":{"line":15,"column":14}},"15":{"start":{"line":16,"column":0},"end":{"line":16,"column":21}},"16":{"start":{"line":17,"column":0},"end":{"line":17,"column":32}},"17":{"start":{"line":18,"column":0},"end":{"line":18,"column":15}},"18":{"start":{"line":19,"column":0},"end":{"line":19,"column":7}},"19":{"start":{"line":20,"column":0},"end":{"line":20,"column":18}},"20":{"start":{"line":21,"column":0},"end":{"line":21,"column":26}},"21":{"start":{"line":22,"column":0},"end":{"line":22,"column":8}},"22":{"start":{"line":23,"column":0},"end":{"line":23,"column":7}},"23":{"start":{"line":24,"column":0},"end":{"line":24,"column":22}},"24":{"start":{"line":25,"column":0},"end":{"line":25,"column":27}},"25":{"start":{"line":26,"column":0},"end":{"line":26,"column":8}},"26":{"start":{"line":27,"column":0},"end":{"line":27,"column":7}},"27":{"start":{"line":28,"column":0},"end":{"line":28,"column":25}},"28":{"start":{"line":29,"column":0},"end":{"line":29,"column":30}},"29":{"start":{"line":30,"column":0},"end":{"line":30,"column":8}},"30":{"start":{"line":31,"column":0},"end":{"line":31,"column":7}},"31":{"start":{"line":32,"column":0},"end":{"line":32,"column":21}},"32":{"start":{"line":33,"column":0},"end":{"line":33,"column":26}},"33":{"start":{"line":34,"column":0},"end":{"line":34,"column":8}},"34":{"start":{"line":35,"column":0},"end":{"line":35,"column":7}},"35":{"start":{"line":36,"column":0},"end":{"line":36,"column":26}},"36":{"start":{"line":37,"column":0},"end":{"line":37,"column":35}},"37":{"start":{"line":38,"column":0},"end":{"line":38,"column":8}},"38":{"start":{"line":39,"column":0},"end":{"line":39,"column":7}},"39":{"start":{"line":40,"column":0},"end":{"line":40,"column":25}},"40":{"start":{"line":41,"column":0},"end":{"line":41,"column":30}},"41":{"start":{"line":42,"column":0},"end":{"line":42,"column":8}},"65":{"start":{"line":66,"column":0},"end":{"line":66,"column":6}},"66":{"start":{"line":67,"column":0},"end":{"line":67,"column":4}},"67":{"start":{"line":68,"column":0},"end":{"line":68,"column":2}},"69":{"start":{"line":70,"column":0},"end":{"line":70,"column":49}},"71":{"start":{"line":72,"column":0},"end":{"line":72,"column":22}}},"s":{"0":1,"1":1,"2":1,"3":1,"4":1,"5":1,"6":1,"7":1,"9":1,"11":1,"12":1,"13":1,"14":1,"15":1,"16":1,"17":1,"18":1,"19":1,"20":1,"21":1,"22":1,"23":1,"24":1,"25":1,"26":1,"27":1,"28":1,"29":1,"30":1,"31":1,"32":1,"33":1,"34":1,"35":1,"36":1,"37":1,"38":1,"39":1,"40":1,"41":1,"65":1,"66":1,"67":1,"69":1,"71":1},"branchMap":{},"b":{},"fnMap":{},"f":{}}
[...]
c/features/api/apiSlice.ts","all":false,"statementMap":{"0":{"start":{"line":1,"column":0},"end":{"line":1,"column":73}},"4":{"start":{"line":5,"column":0},"end":{"line":5,"column":34}},"5":{"start":{"line":6,"column":0},"end":{"line":6,"column":43}},"6":{"start":{"line":7,"column":0},"end":{"line":7,"column":27}},"7":{"start":{"line":8,"column":0},"end":{"line":8,"column":48}},"8":{"start":{"line":9,"column":0},"end":{"line":9,"column":44}},"9":{"start":{"line":10,"column":0},"end":{"line":10,"column":19}},"10":{"start":{"line":11,"column":0},"end":{"line":11,"column":59}},"11":{"start":{"line":12,"column":0},"end":{"line":12,"column":9}},"12":{"start":{"line":13,"column":0},"end":{"line":13,"column":23}},"13":{"start":{"line":14,"column":0},"end":{"line":14,"column":5}},"14":{"start":{"line":15,"column":0},"end":{"line":15,"column":3}},"17":{"start":{"line":18,"column":0},"end":{"line":18,"column":35}},"18":{"start":{"line":19,"column":0},"end":{"line":19,"column":21}},"19":{"start":{"line":20,"column":0},"end":{"line":20,"column":76}},"20":{"start":{"line":21,"column":0},"end":{"line":21,"column":28}},"22":{"start":{"line":23,"column":0},"end":{"line":23,"column":32}},"23":{"start":{"line":24,"column":0},"end":{"line":24,"column":38}},"24":{"start":{"line":25,"column":0},"end":{"line":25,"column":7}},"26":{"start":{"line":27,"column":0},"end":{"line":27,"column":76}},"27":{"start":{"line":28,"column":0},"end":{"line":28,"column":31}},"28":{"start":{"line":29,"column":0},"end":{"line":29,"column":7}},"29":{"start":{"line":30,"column":0},"end":{"line":30,"column":36}},"30":{"start":{"line":31,"column":0},"end":{"line":31,"column":69}},"31":{"start":{"line":32,"column":0},"end":{"line":32,"column":24}},"32":{"start":{"line":33,"column":0},"end":{"line":33,"column":23}},"33":{"start":{"line":34,"column":0},"end":{"line":34,"column":13}},"34":{"start":{"line":35,"column":0},"end":{"line":35,"column":8}},"35":{"start":{"line":36,"column":0},"end":{"line":36,"column":7}},"36":{"start":{"line":37,"column":0},"end":{"line":37,"column":33}},"37":{"start":{"line":38,"column":0},"end":{"line":38,"column":70}},"38":{"start":{"line":39,"column":0},"end":{"line":39,"column":22}},"39":{"start":{"line":40,"column":0},"end":{"line":40,"column":23}},"40":{"start":{"line":41,"column":0},"end":{"line":41,"column":13}},"41":{"start":{"line":42,"column":0},"end":{"line":42,"column":9}},"42":{"start":{"line":43,"column":0},"end":{"line":43,"column":7}},"43":{"start":{"line":44,"column":0},"end":{"line":44,"column":34}},"44":{"start":{"line":45,"column":0},"end":{"line":45,"column":26}},"45":{"start":{"line":46,"column":0},"end":{"line":46,"column":23}},"46":{"start":{"line":47,"column":0},"end":{"line":47,"column":54}},"47":{"start":{"line":48,"column":0},"end":{"line":48,"column":9}},"48":{"start":{"line":49,"column":0},"end":{"line":49,"column":7}},"49":{"start":{"line":50,"column":0},"end":{"line":50,"column":5}},"50":{"start":{"line":51,"column":0},"end":{"line":51,"column":3}},"52":{"start":{"line":53,"column":0},"end":{"line":53,"column":139}}},"s":{"0":1,"4":1,"5":1,"6":1,"7":1,"8":0,"9":0,"10":0,"11":0,"12":0,"13":0,"14":1,"17":1,"18":1,"19":1,"20":1,"22":11,"23":11,"24":11,"26":11,"27":11,"28":11,"29":11,"30":11,"31":4,"32":4,"33":4,"34":4,"35":11,"36":11,"37":11,"38":2,"39":2,"40":2,"41":2,"42":11,"43":11,"44":11,"45":2,"46":2,"47":2,"48":11,"49":11,"50":1,"52":1},"branchMap":{"0":{"type":"branch","line":21,"loc":{"start":{"line":21,"column":13},"end":{"line":50,"column":5}},"locations":[{"start":{"line":21,"column":13},"end":{"line":50,"column":5}}]},"1":{"type":"branch","line":24,"loc":{"start":{"line":24,"column":13},"end":{"line":24,"column":38}},"locations":[{"start":{"line":24,"column":13},"end":{"line":24,"column":38}}]},"2":{"type":"branch","line":28,"loc":{"start":{"line":28,"column":13},"end":{"line":28,"column":31}},"locations":[{"start":{"line":28,"column":13},"end":{"line":28,"column":31}}]},"3":{"type":"branch","line":31,"loc":{"start":{"line":31,"column":13},"end":{"line":35,"column":8}},"locations":[{"start":{"line":31,"column":13},"end":{"line":35,"column":8}}]},"4":{"type":"branch","line":38,"loc":{"start":{"line":38,"column":13},"end":{"line":42,"column":9}},"locations":[{"start":{"line":38,"column":13},"end":{"line":42,"column":9}}]},"5":{"type":"branch","line":45,"loc":{"start":{"line":45,"column":13},"end":{"line":48,"column":9}},"locations":[{"start":{"line":45,"column":13},"end":{"line":48,"column":9}}]}},"b":{"0":[11],"1":[11],"2":[10],"3":[4],"4":[2],"5":[2]},"fnMap":{"0":{"name":"prepareHeaders","decl":{"start":{"line":8,"column":20},"end":{"line":14,"column":5}},"loc":{"start":{"line":8,"column":20},"end":{"line":14,"column":5}},"line":8},"1":{"name":"endpoints","decl":{"start":{"line":21,"column":13},"end":{"line":50,"column":5}},"loc":{"start":{"line":21,"column":13},"end":{"line":50,"column":5}},"line":21},"2":{"name":"query","decl":{"start":{"line":24,"column":13},"end":{"line":24,"column":38}},"loc":{"start":{"line":24,"column":13},"end":{"line":24,"column":38}},"line":24},"3":{"name":"query","decl":{"start":{"line":28,"column":13},"end":{"line":28,"column":31}},"loc":{"start":{"line":28,"column":13},"end":{"line":28,"column":31}},"line":28},"4":{"name":"query","decl":{"start":{"line":31,"column":13},"end":{"line":35,"column":8}},"loc":{"start":{"line":31,"column":13},"end":{"line":35,"column":8}},"line":31},"5":{"name":"query","decl":{"start":{"line":38,"column":13},"end":{"line":42,"column":9}},"loc":{"start":{"line":38,"column":13},"end":{"line":42,"column":9}},"line":38},"6":{"name":"query","decl":{"start":{"line":45,"column":13},"end":{"line":48,"column":9}},"loc":{"start":{"line":45,"column":13},"end":{"line":48,"column":9}},"line":45}},"f":{"0":0,"1":11,"2":11,"3":10,"4":4,"5":2,"6":2}}
,"/home/manvinderjit/repos/2023-TOP-Project-Shopping-Cart/src/features/auth/authSlice.ts": {"path":"/home/manvinderjit/repos/2023-TOP-Project-Shopping-Cart/src/features/auth/authSlice.ts","all":false,"statementMap":{"0":{"start":{"line":1,"column":0},"end":{"line":1,"column":62}},"4":{"start":{"line":5,"column":0},"end":{"line":5,"column":38}},"5":{"start":{"line":6,"column":0},"end":{"line":6,"column":19}},"6":{"start":{"line":7,"column":0},"end":{"line":7,"column":16}},"7":{"start":{"line":8,"column":0},"end":{"line":8,"column":1}},"9":{"start":{"line":10,"column":0},"end":{"line":10,"column":38}},"10":{"start":{"line":11,"column":0},"end":{"line":11,"column":15}},"11":{"start":{"line":12,"column":0},"end":{"line":12,"column":15}},"12":{"start":{"line":13,"column":0},"end":{"line":13,"column":13}},"13":{"start":{"line":14,"column":0},"end":{"line":14,"column":95}},"14":{"start":{"line":15,"column":0},"end":{"line":15,"column":57}},"15":{"start":{"line":16,"column":0},"end":{"line":16,"column":34}},"16":{"start":{"line":17,"column":0},"end":{"line":17,"column":34}},"18":{"start":{"line":19,"column":0},"end":{"line":19,"column":7}},"19":{"start":{"line":20,"column":0},"end":{"line":20,"column":24}},"20":{"start":{"line":21,"column":0},"end":{"line":21,"column":30}},"21":{"start":{"line":22,"column":0},"end":{"line":22,"column":27}},"22":{"start":{"line":23,"column":0},"end":{"line":23,"column":5}},"24":{"start":{"line":25,"column":0},"end":{"line":25,"column":4}},"25":{"start":{"line":26,"column":0},"end":{"line":26,"column":3}},"27":{"start":{"line":28,"column":0},"end":{"line":28,"column":79}},"28":{"start":{"line":29,"column":0},"end":{"line":29,"column":69}},"30":{"start":{"line":31,"column":0},"end":{"line":31,"column":60}},"32":{"start":{"line":33,"column":0},"end":{"line":33,"column":33}}},"s":{"0":1,"4":1,"5":1,"6":1,"7":1,"9":1,"10":1,"11":1,"12":1,"13":1,"14":1,"15":1,"16":1,"18":1,"19":1,"20":0,"21":0,"22":0,"24":1,"25":1,"27":1,"28":1,"30":1,"32":1},"branchMap":{"0":{"type":"branch","line":14,"loc":{"start":{"line":14,"column":20},"end":{"line":19,"column":7}},"locations":[{"start":{"line":14,"column":20},"end":{"line":19,"column":7}}]},"1":{"type":"branch","line":28,"loc":{"start":{"line":28,"column":37},"end":{"line":28,"column":79}},"locations":[{"start":{"line":28,"column":37},"end":{"line":28,"column":79}}]},"2":{"type":"branch","line":29,"loc":{"start":{"line":29,"column":31},"end":{"line":29,"column":69}},"locations":[{"start":{"line":29,"column":31},"end":{"line":29,"column":69}}]}},"b":{"0":[1],"1":[356],"2":[1350]},"fnMap":{"0":{"name":"setCredentials","decl":{"start":{"line":14,"column":20},"end":{"line":19,"column":7}},"loc":{"start":{"line":14,"column":20},"end":{"line":19,"column":7}},"line":14},"1":{"name":"logOut","decl":{"start":{"line":20,"column":12},"end":{"line":23,"column":5}},"loc":{"start":{"line":20,"column":12},"end":{"line":23,"column":5}},"line":20},"2":{"name":"getCurrentUserDetails","decl":{"start":{"line":28,"column":37},"end":{"line":28,"column":79}},"loc":{"start":{"line":28,"column":37},"end":{"line":28,"column":79}},"line":28},"3":{"name":"getCurrentToken","decl":{"start":{"line":29,"column":31},"end":{"line":29,"column":69}},"loc":{"start":{"line":29,"column":31},"end":{"line":29,"column":69}},"line":29}},"f":{"0":1,"1":0,"2":356,"3":1350}}
,"/home/manvinderjit/repos/2023-TOP-Project-Shopping-Cart/src/features/cart/cartSlice.ts": {"path":"/home/manvinderjit/repos/2023-TOP-Project-Shopping-Cart/src/features/cart/cartSlice.ts","all":false,"statementMap":{"0":{"start":{"line":1,"column":0},"end":{"line":1,"column":47}},"18":{"start":{"line":19,"column":0},"end":{"line":19,"column":33}},"19":{"start":{"line":20,"column":0},"end":{"line":20,"column":46}},"20":{"start":{"line":21,"column":0},"end":{"line":21,"column":61}},"21":{"start":{"line":22,"column":0},"end":{"line":22,"column":9}},"22":{"start":{"line":23,"column":0},"end":{"line":23,"column":17}},"23":{"start":{"line":24,"column":0},"end":{"line":24,"column":23}},"24":{"start":{"line":25,"column":0},"end":{"line":25,"column":14}},"25":{"start":{"line":26,"column":0},"end":{"line":26,"column":16}},"26":{"start":{"line":27,"column":0},"end":{"line":27,"column":2}},"28":{"start":{"line":29,"column":0},"end":{"line":29,"column":38}},"29":{"start":{"line":30,"column":0},"end":{"line":30,"column":17}},"30":{"start":{"line":31,"column":0},"end":{"line":31,"column":25}},"31":{"start":{"line":32,"column":0},"end":{"line":32,"column":15}},"32":{"start":{"line":33,"column":0},"end":{"line":33,"column":43}},"34":{"start":{"line":35,"column":0},"end":{"line":35,"column":56}},"35":{"start":{"line":36,"column":0},"end":{"line":36,"column":53}},"36":{"start":{"line":37,"column":0},"end":{"line":37,"column":14}},"37":{"start":{"line":38,"column":0},"end":{"line":38,"column":32}},"39":{"start":{"line":40,"column":0},"end":{"line":40,"column":65}},"40":{"start":{"line":41,"column":0},"end":{"line":41,"column":65}},"41":{"start":{"line":42,"column":0},"end":{"line":42,"column":75}},"42":{"start":{"line":43,"column":0},"end":{"line":43,"column":72}},"43":{"start":{"line":44,"column":0},"end":{"line":44,"column":24}},"44":{"start":{"line":45,"column":0},"end":{"line":45,"column":66}},"45":{"start":{"line":46,"column":0},"end":{"line":46,"column":17}},"47":{"start":{"line":48,"column":0},"end":{"line":48,"column":20}},"48":{"start":{"line":49,"column":0},"end":{"line":49,"column":75}},"49":{"start":{"line":50,"column":0},"end":{"line":50,"column":13}},"50":{"start":{"line":51,"column":0},"end":{"line":51,"column":79}},"51":{"start":{"line":52,"column":0},"end":{"line":52,"column":61}},"52":{"start":{"line":53,"column":0},"end":{"line":53,"column":10}},"53":{"start":{"line":54,"column":0},"end":{"line":54,"column":48}},"54":{"start":{"line":55,"column":0},"end":{"line":55,"column":90}},"55":{"start":{"line":56,"column":0},"end":{"line":56,"column":79}},"56":{"start":{"line":57,"column":0},"end":{"line":57,"column":10}},"57":{"start":{"line":58,"column":0},"end":{"line":58,"column":48}},"59":{"start":{"line":60,"column":0},"end":{"line":60,"column":77}},"60":{"start":{"line":61,"column":0},"end":{"line":61,"column":100}},"61":{"start":{"line":62,"column":0},"end":{"line":62,"column":97}},"62":{"start":{"line":63,"column":0},"end":{"line":63,"column":20}},"63":{"start":{"line":64,"column":0},"end":{"line":64,"column":74}},"64":{"start":{"line":65,"column":0},"end":{"line":65,"column":13}},"65":{"start":{"line":66,"column":0},"end":{"line":66,"column":79}},"66":{"start":{"line":67,"column":0},"end":{"line":67,"column":10}},"67":{"start":{"line":68,"column":0},"end":{"line":68,"column":31}},"68":{"start":{"line":69,"column":0},"end":{"line":69,"column":49}},"69":{"start":{"line":70,"column":0},"end":{"line":70,"column":33}},"70":{"start":{"line":71,"column":0},"end":{"line":71,"column":34}},"71":{"start":{"line":72,"column":0},"end":{"line":72,"column":40}},"72":{"start":{"line":73,"column":0},"end":{"line":73,"column":10}},"73":{"start":{"line":74,"column":0},"end":{"line":74,"column":40}},"74":{"start":{"line":75,"column":0},"end":{"line":75,"column":34}},"75":{"start":{"line":76,"column":0},"end":{"line":76,"column":40}},"76":{"start":{"line":77,"column":0},"end":{"line":77,"column":41}},"77":{"start":{"line":78,"column":0},"end":{"line":78,"column":84}},"78":{"start":{"line":79,"column":0},"end":{"line":79,"column":61}},"79":{"start":{"line":80,"column":0},"end":{"line":80,"column":14}},"80":{"start":{"line":81,"column":0},"end":{"line":81,"column":10}},"82":{"start":{"line":83,"column":0},"end":{"line":83,"column":5}},"83":{"start":{"line":84,"column":0},"end":{"line":84,"column":3}},"85":{"start":{"line":86,"column":0},"end":{"line":86,"column":122}},"87":{"start":{"line":88,"column":0},"end":{"line":88,"column":33}}},"s":{"0":1,"18":1,"19":1,"20":0,"21":1,"22":1,"23":1,"24":1,"25":1,"26":1,"28":1,"29":1,"30":1,"31":1,"32":1,"34":0,"35":0,"36":0,"37":0,"39":0,"40":0,"41":0,"42":0,"43":0,"44":0,"45":0,"47":0,"48":0,"49":0,"50":0,"51":0,"52":0,"53":1,"54":2,"55":2,"56":2,"57":1,"59":1,"60":1,"61":1,"62":1,"63":0,"64":0,"65":1,"66":1,"67":1,"68":18,"69":18,"70":18,"71":18,"72":18,"73":1,"74":190,"75":190,"76":190,"77":90,"78":90,"79":190,"80":190,"82":1,"83":1,"85":1,"87":1},"branchMap":{"0":{"type":"branch","line":20,"loc":{"start":{"line":20,"column":45},"end":{"line":21,"column":61}},"locations":[{"start":{"line":20,"column":45},"end":{"line":21,"column":61}}]},"1":{"type":"branch","line":54,"loc":{"start":{"line":54,"column":28},"end":{"line":57,"column":10}},"locations":[{"start":{"line":54,"column":28},"end":{"line":57,"column":10}}]},"2":{"type":"branch","line":55,"loc":{"start":{"line":55,"column":54},"end":{"line":55,"column":88}},"locations":[{"start":{"line":55,"column":54},"end":{"line":55,"column":88}}]},"3":{"type":"branch","line":58,"loc":{"start":{"line":58,"column":28},"end":{"line":67,"column":10}},"locations":[{"start":{"line":58,"column":28},"end":{"line":67,"column":10}}]},"4":{"type":"branch","line":63,"loc":{"start":{"line":63,"column":12},"end":{"line":65,"column":13}},"locations":[{"start":{"line":63,"column":12},"end":{"line":65,"column":13}}]},"5":{"type":"branch","line":61,"loc":{"start":{"line":61,"column":61},"end":{"line":61,"column":98}},"locations":[{"start":{"line":61,"column":61},"end":{"line":61,"column":98}}]},"6":{"type":"branch","line":68,"loc":{"start":{"line":68,"column":19},"end":{"line":73,"column":10}},"locations":[{"start":{"line":68,"column":19},"end":{"line":73,"column":10}}]},"7":{"type":"branch","line":74,"loc":{"start":{"line":74,"column":28},"end":{"line":81,"column":10}},"locations":[{"start":{"line":74,"column":28},"end":{"line":81,"column":10}}]},"8":{"type":"branch","line":77,"loc":{"start":{"line":77,"column":32},"end":{"line":80,"column":13}},"locations":[{"start":{"line":77,"column":32},"end":{"line":80,"column":13}}]}},"b":{"0":[0],"1":[2],"2":[3],"3":[1],"4":[0],"5":[1],"6":[18],"7":[190],"8":[90]},"fnMap":{"0":{"name":"addItemToCart","decl":{"start":{"line":33,"column":23},"end":{"line":53,"column":10}},"loc":{"start":{"line":33,"column":23},"end":{"line":53,"column":10}},"line":33},"1":{"name":"removeItemFromCart","decl":{"start":{"line":54,"column":28},"end":{"line":57,"column":10}},"loc":{"start":{"line":54,"column":28},"end":{"line":57,"column":10}},"line":54},"2":{"name":"changeItemQuantity","decl":{"start":{"line":58,"column":28},"end":{"line":67,"column":10}},"loc":{"start":{"line":58,"column":28},"end":{"line":67,"column":10}},"line":58},"3":{"name":"emptyCart","decl":{"start":{"line":68,"column":19},"end":{"line":73,"column":10}},"loc":{"start":{"line":68,"column":19},"end":{"line":73,"column":10}},"line":68},"4":{"name":"calculateCartTotal","decl":{"start":{"line":74,"column":28},"end":{"line":81,"column":10}},"loc":{"start":{"line":74,"column":28},"end":{"line":81,"column":10}},"line":74}},"f":{"0":0,"1":2,"2":1,"3":18,"4":190}}
,"/home/manvinderjit/repos/2023-TOP-Project-Shopping-Cart/src/features/toast/toastSlice.ts": {"path":"/home/manvinderjit/repos/2023-TOP-Project-Shopping-Cart/src/features/toast/toastSlice.ts","all":false,"statementMap":{"0":{"start":{"line":1,"column":0},"end":{"line":1,"column":47}},"12":{"start":{"line":13,"column":0},"end":{"line":13,"column":35}},"13":{"start":{"line":14,"column":0},"end":{"line":14,"column":19}},"14":{"start":{"line":15,"column":0},"end":{"line":15,"column":2}},"16":{"start":{"line":17,"column":0},"end":{"line":17,"column":39}},"17":{"start":{"line":18,"column":0},"end":{"line":18,"column":18}},"18":{"start":{"line":19,"column":0},"end":{"line":19,"column":17}},"19":{"start":{"line":20,"column":0},"end":{"line":20,"column":14}},"20":{"start":{"line":21,"column":0},"end":{"line":21,"column":43}},"22":{"start":{"line":23,"column":0},"end":{"line":23,"column":76}},"23":{"start":{"line":24,"column":0},"end":{"line":24,"column":37}},"24":{"start":{"line":25,"column":0},"end":{"line":25,"column":49}},"25":{"start":{"line":26,"column":0},"end":{"line":26,"column":67}},"26":{"start":{"line":27,"column":0},"end":{"line":27,"column":52}},"27":{"start":{"line":28,"column":0},"end":{"line":28,"column":15}},"28":{"start":{"line":29,"column":0},"end":{"line":29,"column":10}},"29":{"start":{"line":30,"column":0},"end":{"line":30,"column":46}},"30":{"start":{"line":31,"column":0},"end":{"line":31,"column":101}},"31":{"start":{"line":32,"column":0},"end":{"line":32,"column":9}},"32":{"start":{"line":33,"column":0},"end":{"line":33,"column":5}},"33":{"start":{"line":34,"column":0},"end":{"line":34,"column":3}},"35":{"start":{"line":36,"column":0},"end":{"line":36,"column":68}},"37":{"start":{"line":38,"column":0},"end":{"line":38,"column":70}},"39":{"start":{"line":40,"column":0},"end":{"line":40,"column":34}}},"s":{"0":1,"12":1,"13":1,"14":1,"16":1,"17":1,"18":1,"19":1,"20":1,"22":2,"23":2,"24":2,"25":2,"26":2,"27":2,"28":2,"29":1,"30":0,"31":0,"32":1,"33":1,"35":1,"37":1,"39":1},"branchMap":{"0":{"type":"branch","line":21,"loc":{"start":{"line":21,"column":23},"end":{"line":29,"column":10}},"locations":[{"start":{"line":21,"column":23},"end":{"line":29,"column":10}}]},"1":{"type":"branch","line":23,"loc":{"start":{"line":23,"column":45},"end":{"line":23,"column":76}},"locations":[{"start":{"line":23,"column":45},"end":{"line":23,"column":76}}]},"2":{"type":"branch","line":36,"loc":{"start":{"line":36,"column":33},"end":{"line":36,"column":68}},"locations":[{"start":{"line":36,"column":33},"end":{"line":36,"column":68}}]}},"b":{"0":[2],"1":[0],"2":[344]},"fnMap":{"0":{"name":"addToastAlert","decl":{"start":{"line":21,"column":23},"end":{"line":29,"column":10}},"loc":{"start":{"line":21,"column":23},"end":{"line":29,"column":10}},"line":21},"1":{"name":"removeToastAlert","decl":{"start":{"line":30,"column":26},"end":{"line":32,"column":9}},"loc":{"start":{"line":30,"column":26},"end":{"line":32,"column":9}},"line":30},"2":{"name":"getAllToastAlerts","decl":{"start":{"line":36,"column":33},"end":{"line":36,"column":68}},"loc":{"start":{"line":36,"column":33},"end":{"line":36,"column":68}},"line":36}},"f":{"0":2,"1":0,"2":344}}
}
